ARM GAS  /tmp/cc6gz9Dr.s 			page 1


   1              		.cpu cortex-m0
   2              		.arch armv6s-m
   3              		.fpu softvfp
   4              		.eabi_attribute 20, 1
   5              		.eabi_attribute 21, 1
   6              		.eabi_attribute 23, 3
   7              		.eabi_attribute 24, 1
   8              		.eabi_attribute 25, 1
   9              		.eabi_attribute 26, 1
  10              		.eabi_attribute 30, 1
  11              		.eabi_attribute 34, 0
  12              		.eabi_attribute 18, 4
  13              		.file	"font5x7.c"
  14              		.text
  15              	.Ltext0:
  16              		.cfi_sections	.debug_frame
  17              		.section	.text.get_pix,"ax",%progbits
  18              		.align	1
  19              		.global	get_pix
  20              		.syntax unified
  21              		.code	16
  22              		.thumb_func
  24              	get_pix:
  25              	.LVL0:
  26              	.LFB0:
  27              		.file 1 "Drivers/Oled/Src/font5x7.c"
   1:Drivers/Oled/Src/font5x7.c **** #include <stdint.h>
   2:Drivers/Oled/Src/font5x7.c **** #include "oled_driver.h"
   3:Drivers/Oled/Src/font5x7.c **** 
   4:Drivers/Oled/Src/font5x7.c **** /*
   5:Drivers/Oled/Src/font5x7.c ****  * The basic font 5x7
   6:Drivers/Oled/Src/font5x7.c ****  */
   7:Drivers/Oled/Src/font5x7.c **** 
   8:Drivers/Oled/Src/font5x7.c **** const uint8_t font_data[] = {
   9:Drivers/Oled/Src/font5x7.c ****     0x00, 0x00, 0x00, 0x00, 0x00,
  10:Drivers/Oled/Src/font5x7.c **** 	0x3E, 0x5B, 0x4F, 0x5B, 0x3E,
  11:Drivers/Oled/Src/font5x7.c **** 	0x3E, 0x6B, 0x4F, 0x6B, 0x3E,
  12:Drivers/Oled/Src/font5x7.c **** 	0x1C, 0x3E, 0x7C, 0x3E, 0x1C,
  13:Drivers/Oled/Src/font5x7.c **** 	0x18, 0x3C, 0x7E, 0x3C, 0x18,
  14:Drivers/Oled/Src/font5x7.c **** 	0x1C, 0x57, 0x7D, 0x57, 0x1C,
  15:Drivers/Oled/Src/font5x7.c **** 	0x1C, 0x5E, 0x7F, 0x5E, 0x1C,
  16:Drivers/Oled/Src/font5x7.c **** 	0x00, 0x18, 0x3C, 0x18, 0x00,
  17:Drivers/Oled/Src/font5x7.c **** 	0xFF, 0xE7, 0xC3, 0xE7, 0xFF,
  18:Drivers/Oled/Src/font5x7.c **** 	0x00, 0x18, 0x24, 0x18, 0x00,
  19:Drivers/Oled/Src/font5x7.c **** 	0xFF, 0xE7, 0xDB, 0xE7, 0xFF,
  20:Drivers/Oled/Src/font5x7.c **** 	0x30, 0x48, 0x3A, 0x06, 0x0E,
  21:Drivers/Oled/Src/font5x7.c **** 	0x26, 0x29, 0x79, 0x29, 0x26,
  22:Drivers/Oled/Src/font5x7.c **** 	0x40, 0x7F, 0x05, 0x05, 0x07,
  23:Drivers/Oled/Src/font5x7.c **** 	0x40, 0x7F, 0x05, 0x25, 0x3F,
  24:Drivers/Oled/Src/font5x7.c **** 	0x5A, 0x3C, 0xE7, 0x3C, 0x5A,
  25:Drivers/Oled/Src/font5x7.c **** 	0x7F, 0x3E, 0x1C, 0x1C, 0x08,
  26:Drivers/Oled/Src/font5x7.c **** 	0x08, 0x1C, 0x1C, 0x3E, 0x7F,
  27:Drivers/Oled/Src/font5x7.c **** 	0x14, 0x22, 0x7F, 0x22, 0x14,
  28:Drivers/Oled/Src/font5x7.c **** 	0x5F, 0x5F, 0x00, 0x5F, 0x5F,
  29:Drivers/Oled/Src/font5x7.c **** 	0x06, 0x09, 0x7F, 0x01, 0x7F,
  30:Drivers/Oled/Src/font5x7.c **** 	0x00, 0x66, 0x89, 0x95, 0x6A,
  31:Drivers/Oled/Src/font5x7.c **** 	0x60, 0x60, 0x60, 0x60, 0x60,
ARM GAS  /tmp/cc6gz9Dr.s 			page 2


  32:Drivers/Oled/Src/font5x7.c **** 	0x94, 0xA2, 0xFF, 0xA2, 0x94,
  33:Drivers/Oled/Src/font5x7.c **** 	0x08, 0x04, 0x7E, 0x04, 0x08,
  34:Drivers/Oled/Src/font5x7.c **** 	0x10, 0x20, 0x7E, 0x20, 0x10,
  35:Drivers/Oled/Src/font5x7.c **** 	0x08, 0x08, 0x2A, 0x1C, 0x08,
  36:Drivers/Oled/Src/font5x7.c **** 	0x08, 0x1C, 0x2A, 0x08, 0x08,
  37:Drivers/Oled/Src/font5x7.c **** 	0x1E, 0x10, 0x10, 0x10, 0x10,
  38:Drivers/Oled/Src/font5x7.c **** 	0x0C, 0x1E, 0x0C, 0x1E, 0x0C,
  39:Drivers/Oled/Src/font5x7.c **** 	0x30, 0x38, 0x3E, 0x38, 0x30,
  40:Drivers/Oled/Src/font5x7.c **** 	0x06, 0x0E, 0x3E, 0x0E, 0x06,
  41:Drivers/Oled/Src/font5x7.c **** 	0x00, 0x00, 0x00, 0x00, 0x00,
  42:Drivers/Oled/Src/font5x7.c **** 	0x00, 0x00, 0x5F, 0x00, 0x00,
  43:Drivers/Oled/Src/font5x7.c **** 	0x00, 0x07, 0x00, 0x07, 0x00,
  44:Drivers/Oled/Src/font5x7.c **** 	0x14, 0x7F, 0x14, 0x7F, 0x14,
  45:Drivers/Oled/Src/font5x7.c **** 	0x24, 0x2A, 0x7F, 0x2A, 0x12,
  46:Drivers/Oled/Src/font5x7.c **** 	0x23, 0x13, 0x08, 0x64, 0x62,
  47:Drivers/Oled/Src/font5x7.c **** 	0x36, 0x49, 0x56, 0x20, 0x50,
  48:Drivers/Oled/Src/font5x7.c **** 	0x00, 0x08, 0x07, 0x03, 0x00,
  49:Drivers/Oled/Src/font5x7.c **** 	0x00, 0x1C, 0x22, 0x41, 0x00,
  50:Drivers/Oled/Src/font5x7.c **** 	0x00, 0x41, 0x22, 0x1C, 0x00,
  51:Drivers/Oled/Src/font5x7.c **** 	0x2A, 0x1C, 0x7F, 0x1C, 0x2A,
  52:Drivers/Oled/Src/font5x7.c **** 	0x08, 0x08, 0x3E, 0x08, 0x08,
  53:Drivers/Oled/Src/font5x7.c **** 	0x00, 0x80, 0x70, 0x30, 0x00,
  54:Drivers/Oled/Src/font5x7.c **** 	0x08, 0x08, 0x08, 0x08, 0x08,
  55:Drivers/Oled/Src/font5x7.c **** 	0x00, 0x00, 0x60, 0x60, 0x00,
  56:Drivers/Oled/Src/font5x7.c **** 	0x20, 0x10, 0x08, 0x04, 0x02,
  57:Drivers/Oled/Src/font5x7.c **** 	0x3E, 0x51, 0x49, 0x45, 0x3E,
  58:Drivers/Oled/Src/font5x7.c **** 	0x00, 0x42, 0x7F, 0x40, 0x00,
  59:Drivers/Oled/Src/font5x7.c **** 	0x72, 0x49, 0x49, 0x49, 0x46,
  60:Drivers/Oled/Src/font5x7.c **** 	0x21, 0x41, 0x49, 0x4D, 0x33,
  61:Drivers/Oled/Src/font5x7.c **** 	0x18, 0x14, 0x12, 0x7F, 0x10,
  62:Drivers/Oled/Src/font5x7.c **** 	0x27, 0x45, 0x45, 0x45, 0x39,
  63:Drivers/Oled/Src/font5x7.c **** 	0x3C, 0x4A, 0x49, 0x49, 0x31,
  64:Drivers/Oled/Src/font5x7.c **** 	0x41, 0x21, 0x11, 0x09, 0x07,
  65:Drivers/Oled/Src/font5x7.c **** 	0x36, 0x49, 0x49, 0x49, 0x36,
  66:Drivers/Oled/Src/font5x7.c **** 	0x46, 0x49, 0x49, 0x29, 0x1E,
  67:Drivers/Oled/Src/font5x7.c **** 	0x00, 0x00, 0x14, 0x00, 0x00,
  68:Drivers/Oled/Src/font5x7.c **** 	0x00, 0x40, 0x34, 0x00, 0x00,
  69:Drivers/Oled/Src/font5x7.c **** 	0x00, 0x08, 0x14, 0x22, 0x41,
  70:Drivers/Oled/Src/font5x7.c **** 	0x14, 0x14, 0x14, 0x14, 0x14,
  71:Drivers/Oled/Src/font5x7.c **** 	0x00, 0x41, 0x22, 0x14, 0x08,
  72:Drivers/Oled/Src/font5x7.c **** 	0x02, 0x01, 0x59, 0x09, 0x06,
  73:Drivers/Oled/Src/font5x7.c **** 	0x3E, 0x41, 0x5D, 0x59, 0x4E,
  74:Drivers/Oled/Src/font5x7.c **** 	0x7C, 0x12, 0x11, 0x12, 0x7C,
  75:Drivers/Oled/Src/font5x7.c **** 	0x7F, 0x49, 0x49, 0x49, 0x36,
  76:Drivers/Oled/Src/font5x7.c **** 	0x3E, 0x41, 0x41, 0x41, 0x22,
  77:Drivers/Oled/Src/font5x7.c **** 	0x7F, 0x41, 0x41, 0x41, 0x3E,
  78:Drivers/Oled/Src/font5x7.c **** 	0x7F, 0x49, 0x49, 0x49, 0x41,
  79:Drivers/Oled/Src/font5x7.c **** 	0x7F, 0x09, 0x09, 0x09, 0x01,
  80:Drivers/Oled/Src/font5x7.c **** 	0x3E, 0x41, 0x41, 0x51, 0x73,
  81:Drivers/Oled/Src/font5x7.c **** 	0x7F, 0x08, 0x08, 0x08, 0x7F,
  82:Drivers/Oled/Src/font5x7.c **** 	0x00, 0x41, 0x7F, 0x41, 0x00,
  83:Drivers/Oled/Src/font5x7.c **** 	0x20, 0x40, 0x41, 0x3F, 0x01,
  84:Drivers/Oled/Src/font5x7.c **** 	0x7F, 0x08, 0x14, 0x22, 0x41,
  85:Drivers/Oled/Src/font5x7.c **** 	0x7F, 0x40, 0x40, 0x40, 0x40,
  86:Drivers/Oled/Src/font5x7.c **** 	0x7F, 0x02, 0x1C, 0x02, 0x7F,
  87:Drivers/Oled/Src/font5x7.c **** 	0x7F, 0x04, 0x08, 0x10, 0x7F,
  88:Drivers/Oled/Src/font5x7.c **** 	0x3E, 0x41, 0x41, 0x41, 0x3E,
ARM GAS  /tmp/cc6gz9Dr.s 			page 3


  89:Drivers/Oled/Src/font5x7.c **** 	0x7F, 0x09, 0x09, 0x09, 0x06,
  90:Drivers/Oled/Src/font5x7.c **** 	0x3E, 0x41, 0x51, 0x21, 0x5E,
  91:Drivers/Oled/Src/font5x7.c **** 	0x7F, 0x09, 0x19, 0x29, 0x46,
  92:Drivers/Oled/Src/font5x7.c **** 	0x26, 0x49, 0x49, 0x49, 0x32,
  93:Drivers/Oled/Src/font5x7.c **** 	0x03, 0x01, 0x7F, 0x01, 0x03,
  94:Drivers/Oled/Src/font5x7.c **** 	0x3F, 0x40, 0x40, 0x40, 0x3F,
  95:Drivers/Oled/Src/font5x7.c **** 	0x1F, 0x20, 0x40, 0x20, 0x1F,
  96:Drivers/Oled/Src/font5x7.c **** 	0x3F, 0x40, 0x38, 0x40, 0x3F,
  97:Drivers/Oled/Src/font5x7.c **** 	0x63, 0x14, 0x08, 0x14, 0x63,
  98:Drivers/Oled/Src/font5x7.c **** 	0x03, 0x04, 0x78, 0x04, 0x03,
  99:Drivers/Oled/Src/font5x7.c **** 	0x61, 0x59, 0x49, 0x4D, 0x43,
 100:Drivers/Oled/Src/font5x7.c **** 	0x00, 0x7F, 0x41, 0x41, 0x41,
 101:Drivers/Oled/Src/font5x7.c **** 	0x02, 0x04, 0x08, 0x10, 0x20,
 102:Drivers/Oled/Src/font5x7.c **** 	0x00, 0x41, 0x41, 0x41, 0x7F,
 103:Drivers/Oled/Src/font5x7.c **** 	0x04, 0x02, 0x01, 0x02, 0x04,
 104:Drivers/Oled/Src/font5x7.c **** 	0x40, 0x40, 0x40, 0x40, 0x40,
 105:Drivers/Oled/Src/font5x7.c **** 	0x00, 0x03, 0x07, 0x08, 0x00,
 106:Drivers/Oled/Src/font5x7.c **** 	0x20, 0x54, 0x54, 0x78, 0x40,
 107:Drivers/Oled/Src/font5x7.c **** 	0x7F, 0x28, 0x44, 0x44, 0x38,
 108:Drivers/Oled/Src/font5x7.c **** 	0x38, 0x44, 0x44, 0x44, 0x28,
 109:Drivers/Oled/Src/font5x7.c **** 	0x38, 0x44, 0x44, 0x28, 0x7F,
 110:Drivers/Oled/Src/font5x7.c **** 	0x38, 0x54, 0x54, 0x54, 0x18,
 111:Drivers/Oled/Src/font5x7.c **** 	0x00, 0x08, 0x7E, 0x09, 0x02,
 112:Drivers/Oled/Src/font5x7.c **** 	0x18, 0xA4, 0xA4, 0x9C, 0x78,
 113:Drivers/Oled/Src/font5x7.c **** 	0x7F, 0x08, 0x04, 0x04, 0x78,
 114:Drivers/Oled/Src/font5x7.c **** 	0x00, 0x44, 0x7D, 0x40, 0x00,
 115:Drivers/Oled/Src/font5x7.c **** 	0x20, 0x40, 0x40, 0x3D, 0x00,
 116:Drivers/Oled/Src/font5x7.c **** 	0x7F, 0x10, 0x28, 0x44, 0x00,
 117:Drivers/Oled/Src/font5x7.c **** 	0x00, 0x41, 0x7F, 0x40, 0x00,
 118:Drivers/Oled/Src/font5x7.c **** 	0x7C, 0x04, 0x78, 0x04, 0x78,
 119:Drivers/Oled/Src/font5x7.c **** 	0x7C, 0x08, 0x04, 0x04, 0x78,
 120:Drivers/Oled/Src/font5x7.c **** 	0x38, 0x44, 0x44, 0x44, 0x38,
 121:Drivers/Oled/Src/font5x7.c **** 	0xFC, 0x18, 0x24, 0x24, 0x18,
 122:Drivers/Oled/Src/font5x7.c **** 	0x18, 0x24, 0x24, 0x18, 0xFC,
 123:Drivers/Oled/Src/font5x7.c **** 	0x7C, 0x08, 0x04, 0x04, 0x08,
 124:Drivers/Oled/Src/font5x7.c **** 	0x48, 0x54, 0x54, 0x54, 0x24,
 125:Drivers/Oled/Src/font5x7.c **** 	0x04, 0x04, 0x3F, 0x44, 0x24,
 126:Drivers/Oled/Src/font5x7.c **** 	0x3C, 0x40, 0x40, 0x20, 0x7C,
 127:Drivers/Oled/Src/font5x7.c **** 	0x1C, 0x20, 0x40, 0x20, 0x1C,
 128:Drivers/Oled/Src/font5x7.c **** 	0x3C, 0x40, 0x30, 0x40, 0x3C,
 129:Drivers/Oled/Src/font5x7.c **** 	0x44, 0x28, 0x10, 0x28, 0x44,
 130:Drivers/Oled/Src/font5x7.c **** 	0x4C, 0x90, 0x90, 0x90, 0x7C,
 131:Drivers/Oled/Src/font5x7.c **** 	0x44, 0x64, 0x54, 0x4C, 0x44,
 132:Drivers/Oled/Src/font5x7.c **** 	0x00, 0x08, 0x36, 0x41, 0x00,
 133:Drivers/Oled/Src/font5x7.c **** 	0x00, 0x00, 0x77, 0x00, 0x00,
 134:Drivers/Oled/Src/font5x7.c **** 	0x00, 0x41, 0x36, 0x08, 0x00,
 135:Drivers/Oled/Src/font5x7.c **** 	0x02, 0x01, 0x02, 0x04, 0x02,
 136:Drivers/Oled/Src/font5x7.c **** 	0x3C, 0x26, 0x23, 0x26, 0x3C,
 137:Drivers/Oled/Src/font5x7.c **** 	0x1E, 0xA1, 0xA1, 0x61, 0x12,
 138:Drivers/Oled/Src/font5x7.c **** 	0x3A, 0x40, 0x40, 0x20, 0x7A,
 139:Drivers/Oled/Src/font5x7.c **** 	0x38, 0x54, 0x54, 0x55, 0x59,
 140:Drivers/Oled/Src/font5x7.c **** 	0x21, 0x55, 0x55, 0x79, 0x41,
 141:Drivers/Oled/Src/font5x7.c **** 	0x21, 0x54, 0x54, 0x78, 0x41,
 142:Drivers/Oled/Src/font5x7.c **** 	0x21, 0x55, 0x54, 0x78, 0x40,
 143:Drivers/Oled/Src/font5x7.c **** 	0x20, 0x54, 0x55, 0x79, 0x40,
 144:Drivers/Oled/Src/font5x7.c **** 	0x0C, 0x1E, 0x52, 0x72, 0x12,
 145:Drivers/Oled/Src/font5x7.c **** 	0x39, 0x55, 0x55, 0x55, 0x59,
ARM GAS  /tmp/cc6gz9Dr.s 			page 4


 146:Drivers/Oled/Src/font5x7.c **** 	0x39, 0x54, 0x54, 0x54, 0x59,
 147:Drivers/Oled/Src/font5x7.c **** 	0x39, 0x55, 0x54, 0x54, 0x58,
 148:Drivers/Oled/Src/font5x7.c **** 	0x00, 0x00, 0x45, 0x7C, 0x41,
 149:Drivers/Oled/Src/font5x7.c **** 	0x00, 0x02, 0x45, 0x7D, 0x42,
 150:Drivers/Oled/Src/font5x7.c **** 	0x00, 0x01, 0x45, 0x7C, 0x40,
 151:Drivers/Oled/Src/font5x7.c **** 	0xF0, 0x29, 0x24, 0x29, 0xF0,
 152:Drivers/Oled/Src/font5x7.c **** 	0xF0, 0x28, 0x25, 0x28, 0xF0,
 153:Drivers/Oled/Src/font5x7.c **** 	0x7C, 0x54, 0x55, 0x45, 0x00,
 154:Drivers/Oled/Src/font5x7.c **** 	0x20, 0x54, 0x54, 0x7C, 0x54,
 155:Drivers/Oled/Src/font5x7.c **** 	0x7C, 0x0A, 0x09, 0x7F, 0x49,
 156:Drivers/Oled/Src/font5x7.c **** 	0x32, 0x49, 0x49, 0x49, 0x32,
 157:Drivers/Oled/Src/font5x7.c **** 	0x32, 0x48, 0x48, 0x48, 0x32,
 158:Drivers/Oled/Src/font5x7.c **** 	0x32, 0x4A, 0x48, 0x48, 0x30,
 159:Drivers/Oled/Src/font5x7.c **** 	0x3A, 0x41, 0x41, 0x21, 0x7A,
 160:Drivers/Oled/Src/font5x7.c **** 	0x3A, 0x42, 0x40, 0x20, 0x78,
 161:Drivers/Oled/Src/font5x7.c **** 	0x00, 0x9D, 0xA0, 0xA0, 0x7D,
 162:Drivers/Oled/Src/font5x7.c **** 	0x39, 0x44, 0x44, 0x44, 0x39,
 163:Drivers/Oled/Src/font5x7.c **** 	0x3D, 0x40, 0x40, 0x40, 0x3D,
 164:Drivers/Oled/Src/font5x7.c **** 	0x3C, 0x24, 0xFF, 0x24, 0x24,
 165:Drivers/Oled/Src/font5x7.c **** 	0x48, 0x7E, 0x49, 0x43, 0x66,
 166:Drivers/Oled/Src/font5x7.c **** 	0x2B, 0x2F, 0xFC, 0x2F, 0x2B,
 167:Drivers/Oled/Src/font5x7.c **** 	0xFF, 0x09, 0x29, 0xF6, 0x20,
 168:Drivers/Oled/Src/font5x7.c **** 	0xC0, 0x88, 0x7E, 0x09, 0x03,
 169:Drivers/Oled/Src/font5x7.c **** 	0x20, 0x54, 0x54, 0x79, 0x41,
 170:Drivers/Oled/Src/font5x7.c **** 	0x00, 0x00, 0x44, 0x7D, 0x41,
 171:Drivers/Oled/Src/font5x7.c **** 	0x30, 0x48, 0x48, 0x4A, 0x32,
 172:Drivers/Oled/Src/font5x7.c **** 	0x38, 0x40, 0x40, 0x22, 0x7A,
 173:Drivers/Oled/Src/font5x7.c **** 	0x00, 0x7A, 0x0A, 0x0A, 0x72,
 174:Drivers/Oled/Src/font5x7.c **** 	0x7D, 0x0D, 0x19, 0x31, 0x7D,
 175:Drivers/Oled/Src/font5x7.c **** 	0x26, 0x29, 0x29, 0x2F, 0x28,
 176:Drivers/Oled/Src/font5x7.c **** 	0x26, 0x29, 0x29, 0x29, 0x26,
 177:Drivers/Oled/Src/font5x7.c **** 	0x30, 0x48, 0x4D, 0x40, 0x20,
 178:Drivers/Oled/Src/font5x7.c **** 	0x38, 0x08, 0x08, 0x08, 0x08,
 179:Drivers/Oled/Src/font5x7.c **** 	0x08, 0x08, 0x08, 0x08, 0x38,
 180:Drivers/Oled/Src/font5x7.c **** 	0x2F, 0x10, 0xC8, 0xAC, 0xBA,
 181:Drivers/Oled/Src/font5x7.c **** 	0x2F, 0x10, 0x28, 0x34, 0xFA,
 182:Drivers/Oled/Src/font5x7.c **** 	0x00, 0x00, 0x7B, 0x00, 0x00,
 183:Drivers/Oled/Src/font5x7.c **** 	0x08, 0x14, 0x2A, 0x14, 0x22,
 184:Drivers/Oled/Src/font5x7.c **** 	0x22, 0x14, 0x2A, 0x14, 0x08,
 185:Drivers/Oled/Src/font5x7.c **** 	0xAA, 0x00, 0x55, 0x00, 0xAA,
 186:Drivers/Oled/Src/font5x7.c **** 	0xAA, 0x55, 0xAA, 0x55, 0xAA,
 187:Drivers/Oled/Src/font5x7.c **** 	0x00, 0x00, 0x00, 0xFF, 0x00,
 188:Drivers/Oled/Src/font5x7.c **** 	0x10, 0x10, 0x10, 0xFF, 0x00,
 189:Drivers/Oled/Src/font5x7.c **** 	0x14, 0x14, 0x14, 0xFF, 0x00,
 190:Drivers/Oled/Src/font5x7.c **** 	0x10, 0x10, 0xFF, 0x00, 0xFF,
 191:Drivers/Oled/Src/font5x7.c **** 	0x10, 0x10, 0xF0, 0x10, 0xF0,
 192:Drivers/Oled/Src/font5x7.c **** 	0x14, 0x14, 0x14, 0xFC, 0x00,
 193:Drivers/Oled/Src/font5x7.c **** 	0x14, 0x14, 0xF7, 0x00, 0xFF,
 194:Drivers/Oled/Src/font5x7.c **** 	0x00, 0x00, 0xFF, 0x00, 0xFF,
 195:Drivers/Oled/Src/font5x7.c **** 	0x14, 0x14, 0xF4, 0x04, 0xFC,
 196:Drivers/Oled/Src/font5x7.c **** 	0x14, 0x14, 0x17, 0x10, 0x1F,
 197:Drivers/Oled/Src/font5x7.c **** 	0x10, 0x10, 0x1F, 0x10, 0x1F,
 198:Drivers/Oled/Src/font5x7.c **** 	0x14, 0x14, 0x14, 0x1F, 0x00,
 199:Drivers/Oled/Src/font5x7.c **** 	0x10, 0x10, 0x10, 0xF0, 0x00,
 200:Drivers/Oled/Src/font5x7.c **** 	0x00, 0x00, 0x00, 0x1F, 0x10,
 201:Drivers/Oled/Src/font5x7.c **** 	0x10, 0x10, 0x10, 0x1F, 0x10,
 202:Drivers/Oled/Src/font5x7.c **** 	0x10, 0x10, 0x10, 0xF0, 0x10,
ARM GAS  /tmp/cc6gz9Dr.s 			page 5


 203:Drivers/Oled/Src/font5x7.c **** 	0x00, 0x00, 0x00, 0xFF, 0x10,
 204:Drivers/Oled/Src/font5x7.c **** 	0x10, 0x10, 0x10, 0x10, 0x10,
 205:Drivers/Oled/Src/font5x7.c **** 	0x10, 0x10, 0x10, 0xFF, 0x10,
 206:Drivers/Oled/Src/font5x7.c **** 	0x00, 0x00, 0x00, 0xFF, 0x14,
 207:Drivers/Oled/Src/font5x7.c **** 	0x00, 0x00, 0xFF, 0x00, 0xFF,
 208:Drivers/Oled/Src/font5x7.c **** 	0x00, 0x00, 0x1F, 0x10, 0x17,
 209:Drivers/Oled/Src/font5x7.c **** 	0x00, 0x00, 0xFC, 0x04, 0xF4,
 210:Drivers/Oled/Src/font5x7.c **** 	0x14, 0x14, 0x17, 0x10, 0x17,
 211:Drivers/Oled/Src/font5x7.c **** 	0x14, 0x14, 0xF4, 0x04, 0xF4,
 212:Drivers/Oled/Src/font5x7.c **** 	0x00, 0x00, 0xFF, 0x00, 0xF7,
 213:Drivers/Oled/Src/font5x7.c **** 	0x14, 0x14, 0x14, 0x14, 0x14,
 214:Drivers/Oled/Src/font5x7.c **** 	0x14, 0x14, 0xF7, 0x00, 0xF7,
 215:Drivers/Oled/Src/font5x7.c **** 	0x14, 0x14, 0x14, 0x17, 0x14,
 216:Drivers/Oled/Src/font5x7.c **** 	0x10, 0x10, 0x1F, 0x10, 0x1F,
 217:Drivers/Oled/Src/font5x7.c **** 	0x14, 0x14, 0x14, 0xF4, 0x14,
 218:Drivers/Oled/Src/font5x7.c **** 	0x10, 0x10, 0xF0, 0x10, 0xF0,
 219:Drivers/Oled/Src/font5x7.c **** 	0x00, 0x00, 0x1F, 0x10, 0x1F,
 220:Drivers/Oled/Src/font5x7.c **** 	0x00, 0x00, 0x00, 0x1F, 0x14,
 221:Drivers/Oled/Src/font5x7.c **** 	0x00, 0x00, 0x00, 0xFC, 0x14,
 222:Drivers/Oled/Src/font5x7.c **** 	0x00, 0x00, 0xF0, 0x10, 0xF0,
 223:Drivers/Oled/Src/font5x7.c **** 	0x10, 0x10, 0xFF, 0x10, 0xFF,
 224:Drivers/Oled/Src/font5x7.c **** 	0x14, 0x14, 0x14, 0xFF, 0x14,
 225:Drivers/Oled/Src/font5x7.c **** 	0x10, 0x10, 0x10, 0x1F, 0x00,
 226:Drivers/Oled/Src/font5x7.c **** 	0x00, 0x00, 0x00, 0xF0, 0x10,
 227:Drivers/Oled/Src/font5x7.c **** 	0xFF, 0xFF, 0xFF, 0xFF, 0xFF,
 228:Drivers/Oled/Src/font5x7.c **** 	0xF0, 0xF0, 0xF0, 0xF0, 0xF0,
 229:Drivers/Oled/Src/font5x7.c **** 	0xFF, 0xFF, 0xFF, 0x00, 0x00,
 230:Drivers/Oled/Src/font5x7.c **** 	0x00, 0x00, 0x00, 0xFF, 0xFF,
 231:Drivers/Oled/Src/font5x7.c **** 	0x0F, 0x0F, 0x0F, 0x0F, 0x0F,
 232:Drivers/Oled/Src/font5x7.c **** 	0x38, 0x44, 0x44, 0x38, 0x44,
 233:Drivers/Oled/Src/font5x7.c **** 	0x7C, 0x2A, 0x2A, 0x3E, 0x14,
 234:Drivers/Oled/Src/font5x7.c **** 	0x7E, 0x02, 0x02, 0x06, 0x06,
 235:Drivers/Oled/Src/font5x7.c **** 	0x02, 0x7E, 0x02, 0x7E, 0x02,
 236:Drivers/Oled/Src/font5x7.c **** 	0x63, 0x55, 0x49, 0x41, 0x63,
 237:Drivers/Oled/Src/font5x7.c **** 	0x38, 0x44, 0x44, 0x3C, 0x04,
 238:Drivers/Oled/Src/font5x7.c **** 	0x40, 0x7E, 0x20, 0x1E, 0x20,
 239:Drivers/Oled/Src/font5x7.c **** 	0x06, 0x02, 0x7E, 0x02, 0x02,
 240:Drivers/Oled/Src/font5x7.c **** 	0x99, 0xA5, 0xE7, 0xA5, 0x99,
 241:Drivers/Oled/Src/font5x7.c **** 	0x1C, 0x2A, 0x49, 0x2A, 0x1C,
 242:Drivers/Oled/Src/font5x7.c **** 	0x4C, 0x72, 0x01, 0x72, 0x4C,
 243:Drivers/Oled/Src/font5x7.c **** 	0x30, 0x4A, 0x4D, 0x4D, 0x30,
 244:Drivers/Oled/Src/font5x7.c **** 	0x30, 0x48, 0x78, 0x48, 0x30,
 245:Drivers/Oled/Src/font5x7.c **** 	0xBC, 0x62, 0x5A, 0x46, 0x3D,
 246:Drivers/Oled/Src/font5x7.c **** 	0x3E, 0x49, 0x49, 0x49, 0x00,
 247:Drivers/Oled/Src/font5x7.c **** 	0x7E, 0x01, 0x01, 0x01, 0x7E,
 248:Drivers/Oled/Src/font5x7.c **** 	0x2A, 0x2A, 0x2A, 0x2A, 0x2A,
 249:Drivers/Oled/Src/font5x7.c **** 	0x44, 0x44, 0x5F, 0x44, 0x44,
 250:Drivers/Oled/Src/font5x7.c **** 	0x40, 0x51, 0x4A, 0x44, 0x40,
 251:Drivers/Oled/Src/font5x7.c **** 	0x40, 0x44, 0x4A, 0x51, 0x40,
 252:Drivers/Oled/Src/font5x7.c **** 	0x00, 0x00, 0xFF, 0x01, 0x03,
 253:Drivers/Oled/Src/font5x7.c **** 	0xE0, 0x80, 0xFF, 0x00, 0x00,
 254:Drivers/Oled/Src/font5x7.c **** 	0x08, 0x08, 0x6B, 0x6B, 0x08,
 255:Drivers/Oled/Src/font5x7.c **** 	0x36, 0x12, 0x36, 0x24, 0x36,
 256:Drivers/Oled/Src/font5x7.c **** 	0x06, 0x0F, 0x09, 0x0F, 0x06,
 257:Drivers/Oled/Src/font5x7.c **** 	0x00, 0x00, 0x18, 0x18, 0x00,
 258:Drivers/Oled/Src/font5x7.c **** 	0x00, 0x00, 0x10, 0x10, 0x00,
 259:Drivers/Oled/Src/font5x7.c **** 	0x30, 0x40, 0xFF, 0x01, 0x01,
ARM GAS  /tmp/cc6gz9Dr.s 			page 6


 260:Drivers/Oled/Src/font5x7.c **** 	0x00, 0x1F, 0x01, 0x01, 0x1E,
 261:Drivers/Oled/Src/font5x7.c **** 	0x00, 0x19, 0x1D, 0x17, 0x12,
 262:Drivers/Oled/Src/font5x7.c **** 	0x00, 0x3C, 0x3C, 0x3C, 0x3C,
 263:Drivers/Oled/Src/font5x7.c **** 	0x00, 0x00, 0x00, 0x00, 0x00
 264:Drivers/Oled/Src/font5x7.c **** };
 265:Drivers/Oled/Src/font5x7.c **** 
 266:Drivers/Oled/Src/font5x7.c **** uint8_t get_pix(uint8_t ch, uint8_t x, uint8_t y)
 267:Drivers/Oled/Src/font5x7.c **** {
  28              		.loc 1 267 1 view -0
  29              		.cfi_startproc
  30              		@ args = 0, pretend = 0, frame = 0
  31              		@ frame_needed = 0, uses_anonymous_args = 0
  32              		@ link register save eliminated.
 268:Drivers/Oled/Src/font5x7.c ****     return (font_data[ch * 5 + x] & (1 << (y))) != 0;
  33              		.loc 1 268 5 view .LVU1
  34              		.loc 1 268 26 is_stmt 0 view .LVU2
  35 0000 8300     		lsls	r3, r0, #2
  36 0002 1818     		adds	r0, r3, r0
  37              	.LVL1:
  38              		.loc 1 268 30 view .LVU3
  39 0004 0918     		adds	r1, r1, r0
  40              	.LVL2:
  41              		.loc 1 268 22 view .LVU4
  42 0006 034B     		ldr	r3, .L2
  43 0008 5B5C     		ldrb	r3, [r3, r1]
  44              		.loc 1 268 49 view .LVU5
  45 000a 1341     		asrs	r3, r3, r2
  46 000c 0120     		movs	r0, #1
  47 000e 1840     		ands	r0, r3
 269:Drivers/Oled/Src/font5x7.c **** }
  48              		.loc 1 269 1 view .LVU6
  49              		@ sp needed
  50 0010 7047     		bx	lr
  51              	.L3:
  52 0012 C046     		.align	2
  53              	.L2:
  54 0014 00000000 		.word	font_data
  55              		.cfi_endproc
  56              	.LFE0:
  58              		.global	font_desc
  59              		.global	font_data
  60              		.section	.data.font_desc,"aw"
  61              		.align	2
  64              	font_desc:
  65 0000 00000000 		.word	font_data
  66 0004 05       		.byte	5
  67 0005 07       		.byte	7
  68 0006 0000     		.space	2
  69 0008 00000000 		.word	get_pix
  70              		.section	.rodata.font_data,"a"
  71              		.align	2
  74              	font_data:
  75 0000 00000000 		.ascii	"\000\000\000\000\000>[O[>>kOk>\034>|>\034\030<~<\030"
  75      003E5B4F 
  75      5B3E3E6B 
  75      4F6B3E1C 
  75      3E7C3E1C 
ARM GAS  /tmp/cc6gz9Dr.s 			page 7


  76 0019 1C577D57 		.ascii	"\034W}W\034\034^\177^\034\000\030<\030\000\377\347\303"
  76      1C1C5E7F 
  76      5E1C0018 
  76      3C1800FF 
  76      E7C3
  77 002b E7FF0018 		.ascii	"\347\377\000\030$\030\000\377\347\333\347\3770H:\006"
  77      241800FF 
  77      E7DBE7FF 
  77      30483A06 
  78 003b 0E262979 		.ascii	"\016&)y)&@\177\005\005\007@\177\005%?Z<\347<Z\177>\034"
  78      2926407F 
  78      05050740 
  78      7F05253F 
  78      5A3CE73C 
  79 0053 1C08081C 		.ascii	"\034\010\010\034\034>\177\024\"\177\"\024__\000__\006"
  79      1C3E7F14 
  79      227F2214 
  79      5F5F005F 
  79      5F06
  80 0065 097F017F 		.ascii	"\011\177\001\177\000f\211\225j`````\224\242\377\242"
  80      00668995 
  80      6A606060 
  80      606094A2 
  80      FFA2
  81 0077 9408047E 		.ascii	"\224\010\004~\004\010\020 ~ \020\010\010*\034\010\010"
  81      04081020 
  81      7E201008 
  81      082A1C08 
  81      08
  82 0088 1C2A0808 		.ascii	"\034*\010\010\036\020\020\020\020\014\036\014\036\014"
  82      1E101010 
  82      100C1E0C 
  82      1E0C
  83 0096 30383E38 		.ascii	"08>80\006\016>\016\006\000\000\000\000\000\000\000_"
  83      30060E3E 
  83      0E060000 
  83      00000000 
  83      005F
  84 00a8 00000007 		.ascii	"\000\000\000\007\000\007\000\024\177\024\177\024$*\177"
  84      00070014 
  84      7F147F14 
  84      242A7F
  85 00b7 2A122313 		.ascii	"*\022#\023\010db6IV P\000\010\007\003\000\000\034\""
  85      08646236 
  85      49562050 
  85      00080703 
  85      00001C22 
  86 00cb 41000041 		.ascii	"A\000\000A\"\034\000*\034\177\034*\010\010>\010\010"
  86      221C002A 
  86      1C7F1C2A 
  86      08083E08 
  86      08
  87 00dc 00807030 		.ascii	"\000\200p0\000\010\010\010\010\010\000\000``\000 \020"
  87      00080808 
  87      08080000 
  87      60600020 
  87      10
ARM GAS  /tmp/cc6gz9Dr.s 			page 8


  88 00ed 0804023E 		.ascii	"\010\004\002>QIE>\000B\177@\000rIIIF!AIM3\030\024\022"
  88      5149453E 
  88      00427F40 
  88      00724949 
  88      49462141 
  89 0107 7F102745 		.ascii	"\177\020'EEE9<JII1A!\021\011\0076III6FII)\036\000\000"
  89      4545393C 
  89      4A494931 
  89      41211109 
  89      07364949 
  90 0124 14000000 		.ascii	"\024\000\000\000@4\000\000\000\010\024\"A\024\024\024"
  90      40340000 
  90      00081422 
  90      41141414 
  91 0134 14140041 		.ascii	"\024\024\000A\"\024\010\002\001Y\011\006>A]YN|\022\021"
  91      22140802 
  91      01590906 
  91      3E415D59 
  91      4E7C1211 
  92 0148 127C7F49 		.ascii	"\022|\177III6>AAA\"\177AAA>\177IIIA\177\011\011\011"
  92      4949363E 
  92      41414122 
  92      7F414141 
  92      3E7F4949 
  93 0162 013E4141 		.ascii	"\001>AAQs\177\010\010\010\177\000A\177A\000 @A?\001"
  93      51737F08 
  93      08087F00 
  93      417F4100 
  93      2040413F 
  94 0177 7F081422 		.ascii	"\177\010\024\"A\177@@@@\177\002\034\002\177\177\004"
  94      417F4040 
  94      40407F02 
  94      1C027F7F 
  94      04
  95 0188 08107F3E 		.ascii	"\010\020\177>AAA>\177\011\011\011\006>AQ!^\177\011\031"
  95      4141413E 
  95      7F090909 
  95      063E4151 
  95      215E7F09 
  96 019d 29462649 		.ascii	")F&III2\003\001\177\001\003?@@@?\037 @ \037?@8@?c\024"
  96      49493203 
  96      017F0103 
  96      3F404040 
  96      3F1F2040 
  97 01ba 08146303 		.ascii	"\010\024c\003\004x\004\003aYIMC\000\177AAA\002\004\010"
  97      04780403 
  97      6159494D 
  97      43007F41 
  97      41410204 
  98 01cf 10200041 		.ascii	"\020 \000AAA\177\004\002\001\002\004@@@@@\000\003\007"
  98      41417F04 
  98      02010204 
  98      40404040 
  98      40000307 
  99 01e3 08002054 		.ascii	"\010\000 TTx@\177(DD88DDD(8DD(\1778TTT\030\000\010~"
  99      5478407F 
  99      28444438 
ARM GAS  /tmp/cc6gz9Dr.s 			page 9


  99      38444444 
  99      28384444 
 100 0201 090218A4 		.ascii	"\011\002\030\244\244\234x\177\010\004\004x\000D}@\000"
 100      A49C787F 
 100      08040478 
 100      00447D40 
 100      00
 101 0212 2040403D 		.ascii	" @@=\000\177\020(D\000\000A\177@\000|\004x\004x|\010"
 101      007F1028 
 101      44000041 
 101      7F40007C 
 101      04780478 
 102 0228 04047838 		.ascii	"\004\004x8DDD8\374\030$$\030\030$$\030\374|\010\004"
 102      44444438 
 102      FC182424 
 102      18182424 
 102      18FC7C08 
 103 023d 04084854 		.ascii	"\004\010HTTT$\004\004?D$<@@ |\034 @ \034<@0@<D(\020"
 103      54542404 
 103      043F4424 
 103      3C404020 
 103      7C1C2040 
 104 025b 28444C90 		.ascii	"(DL\220\220\220|DdTLD\000\0106A\000\000\000w\000\000"
 104      90907C44 
 104      64544C44 
 104      00083641 
 104      00000077 
 105 0271 00413608 		.ascii	"\000A6\010\000\002\001\002\004\002<&#&<\036\241\241"
 105      00020102 
 105      04023C26 
 105      23263C1E 
 105      A1A1
 106 0283 61123A40 		.ascii	"a\022:@@ z8TTUY!UUyA!TTxA!UTx@ TUy@\014\036Rr\0229U"
 106      40207A38 
 106      54545559 
 106      21555579 
 106      41215454 
 107 02aa 55555939 		.ascii	"UUY9TTTY9UTTX\000\000E|A\000\002E}B\000\001E|@\360)"
 107      54545459 
 107      39555454 
 107      58000045 
 107      7C410002 
 108 02c8 2429F0F0 		.ascii	"$)\360\360(%(\360|TUE\000 TT|T|\012\011\177I2III22H"
 108      282528F0 
 108      7C545545 
 108      00205454 
 108      7C547C0A 
 109 02e6 48483232 		.ascii	"HH22JHH0:AA!z:B@ x\000\235\240\240}9DDD9=@@@=<$\377"
 109      4A484830 
 109      3A414121 
 109      7A3A4240 
 109      2078009D 
 110 030a 2424487E 		.ascii	"$$H~ICf+/\374/+\377\011)\366 \300\210~\011\003 TTyA"
 110      4943662B 
 110      2FFC2F2B 
 110      FF0929F6 
 110      20C0887E 
ARM GAS  /tmp/cc6gz9Dr.s 			page 10


 111 0325 0000447D 		.ascii	"\000\000D}A0HHJ28@@\"z\000z\012\012r}\015\0311}&))/"
 111      41304848 
 111      4A323840 
 111      40227A00 
 111      7A0A0A72 
 112 0342 28262929 		.ascii	"(&)))&0HM@ 8\010\010\010\010\010\010\010\0108/\020\310"
 112      29263048 
 112      4D402038 
 112      08080808 
 112      08080808 
 113 035a ACBA2F10 		.ascii	"\254\272/\020(4\372\000\000{\000\000\010\024*\024\""
 113      2834FA00 
 113      007B0000 
 113      08142A14 
 113      22
 114 036b 22142A14 		.ascii	"\"\024*\024\010\252\000U\000\252\252U\252U\252\000\000"
 114      08AA0055 
 114      00AAAA55 
 114      AA55AA00 
 114      00
 115 037c 00FF0010 		.ascii	"\000\377\000\020\020\020\377\000\024\024\024\377\000"
 115      1010FF00 
 115      141414FF 
 115      00
 116 0389 1010FF00 		.ascii	"\020\020\377\000\377\020\020\360\020\360\024\024\024"
 116      FF1010F0 
 116      10F01414 
 116      14
 117 0396 FC001414 		.ascii	"\374\000\024\024\367\000\377\000\000\377\000\377\024"
 117      F700FF00 
 117      00FF00FF 
 117      14
 118 03a3 14F404FC 		.ascii	"\024\364\004\374\024\024\027\020\037\020\020\037\020"
 118      14141710 
 118      1F10101F 
 118      10
 119 03b0 1F141414 		.ascii	"\037\024\024\024\037\000\020\020\020\360\000\000\000"
 119      1F001010 
 119      10F00000 
 119      00
 120 03bd 001F1010 		.ascii	"\000\037\020\020\020\020\037\020\020\020\020\360\020"
 120      10101F10 
 120      101010F0 
 120      10
 121 03ca 000000FF 		.ascii	"\000\000\000\377\020\020\020\020\020\020\020\020\020"
 121      10101010 
 121      10101010 
 121      10
 122 03d7 FF100000 		.ascii	"\377\020\000\000\000\377\024\000\000\377\000\377\000"
 122      00FF1400 
 122      00FF00FF 
 122      00
 123 03e4 001F1017 		.ascii	"\000\037\020\027\000\000\374\004\364\024\024\027\020"
 123      0000FC04 
 123      F4141417 
 123      10
 124 03f1 171414F4 		.ascii	"\027\024\024\364\004\364\000\000\377\000\367\024\024"
ARM GAS  /tmp/cc6gz9Dr.s 			page 11


 124      04F40000 
 124      FF00F714 
 124      14
 125 03fe 14141414 		.ascii	"\024\024\024\024\024\367\000\367\024\024\024\027\024"
 125      14F700F7 
 125      14141417 
 125      14
 126 040b 10101F10 		.ascii	"\020\020\037\020\037\024\024\024\364\024\020\020\360"
 126      1F141414 
 126      F4141010 
 126      F0
 127 0418 10F00000 		.ascii	"\020\360\000\000\037\020\037\000\000\000\037\024\000"
 127      1F101F00 
 127      00001F14 
 127      00
 128 0425 0000FC14 		.ascii	"\000\000\374\024\000\000\360\020\360\020\020\377\020"
 128      0000F010 
 128      F01010FF 
 128      10
 129 0432 FF141414 		.ascii	"\377\024\024\024\377\024\020\020\020\037\000\000\000"
 129      FF141010 
 129      101F0000 
 129      00
 130 043f 00F010FF 		.ascii	"\000\360\020\377\377\377\377\377\360\360\360\360\360"
 130      FFFFFFFF 
 130      F0F0F0F0 
 130      F0
 131 044c FFFFFF00 		.ascii	"\377\377\377\000\000\000\000\000\377\377\017\017\017"
 131      00000000 
 131      FFFF0F0F 
 131      0F
 132 0459 0F0F3844 		.ascii	"\017\0178DD8D|**>\024~\002\002\006\006\002~\002~\002"
 132      4438447C 
 132      2A2A3E14 
 132      7E020206 
 132      06027E02 
 133 046f 63554941 		.ascii	"cUIAc8DD<\004@~ \036 \006\002~\002\002\231\245\347\245"
 133      63384444 
 133      3C04407E 
 133      201E2006 
 133      027E0202 
 134 0487 991C2A49 		.ascii	"\231\034*I*\034Lr\001rL0JMM00HxH0\274bZF=>III\000~\001"
 134      2A1C4C72 
 134      01724C30 
 134      4A4D4D30 
 134      30487848 
 135 04a8 01017E2A 		.ascii	"\001\001~*****DD_DD@QJD@@DJQ@\000\000\377\001\003\340"
 135      2A2A2A2A 
 135      44445F44 
 135      4440514A 
 135      44404044 
 136 04c5 80FF0000 		.ascii	"\200\377\000\000\010\010kk\0106\0226$6\006\017\011\017"
 136      08086B6B 
 136      08361236 
 136      2436060F 
 136      090F
 137 04d7 06000018 		.ascii	"\006\000\000\030\030\000\000\000\020\020\0000@\377\001"
ARM GAS  /tmp/cc6gz9Dr.s 			page 12


 137      18000000 
 137      10100030 
 137      40FF01
 138 04e6 01001F01 		.ascii	"\001\000\037\001\001\036\000\031\035\027\022\000<<<"
 138      011E0019 
 138      1D171200 
 138      3C3C3C
 139 04f5 3C000000 		.ascii	"<\000\000\000\000\000"
 139      0000
 140              		.text
 141              	.Letext0:
 142              		.file 2 "/usr/share/gcc-arm-none-eabi-10.3-2021.10/arm-none-eabi/include/machine/_default_types.h"
 143              		.file 3 "/usr/share/gcc-arm-none-eabi-10.3-2021.10/arm-none-eabi/include/sys/_stdint.h"
 144              		.file 4 "Drivers/Oled/Inc/oled_driver.h"
ARM GAS  /tmp/cc6gz9Dr.s 			page 13


DEFINED SYMBOLS
                            *ABS*:0000000000000000 font5x7.c
     /tmp/cc6gz9Dr.s:18     .text.get_pix:0000000000000000 $t
     /tmp/cc6gz9Dr.s:24     .text.get_pix:0000000000000000 get_pix
     /tmp/cc6gz9Dr.s:54     .text.get_pix:0000000000000014 $d
     /tmp/cc6gz9Dr.s:74     .rodata.font_data:0000000000000000 font_data
     /tmp/cc6gz9Dr.s:64     .data.font_desc:0000000000000000 font_desc
     /tmp/cc6gz9Dr.s:61     .data.font_desc:0000000000000000 $d
     /tmp/cc6gz9Dr.s:71     .rodata.font_data:0000000000000000 $d

NO UNDEFINED SYMBOLS
