ARM GAS  /tmp/cc1Ehni1.s 			page 1


   1              		.cpu cortex-m0
   2              		.arch armv6s-m
   3              		.fpu softvfp
   4              		.eabi_attribute 20, 1
   5              		.eabi_attribute 21, 1
   6              		.eabi_attribute 23, 3
   7              		.eabi_attribute 24, 1
   8              		.eabi_attribute 25, 1
   9              		.eabi_attribute 26, 1
  10              		.eabi_attribute 30, 1
  11              		.eabi_attribute 34, 0
  12              		.eabi_attribute 18, 4
  13              		.file	"squeaker.c"
  14              		.text
  15              	.Ltext0:
  16              		.cfi_sections	.debug_frame
  17              		.global	__aeabi_ddiv
  18              		.global	__aeabi_d2uiz
  19              		.global	__aeabi_dadd
  20              		.section	.text.squeaker_set_frik,"ax",%progbits
  21              		.align	1
  22              		.global	squeaker_set_frik
  23              		.syntax unified
  24              		.code	16
  25              		.thumb_func
  27              	squeaker_set_frik:
  28              	.LVL0:
  29              	.LFB40:
  30              		.file 1 "Drivers/Squeaker/Src/squeaker.c"
   1:Drivers/Squeaker/Src/squeaker.c **** #include "main.h"
   2:Drivers/Squeaker/Src/squeaker.c **** #include "squeaker.h"
   3:Drivers/Squeaker/Src/squeaker.c **** #include "stdlib.h"
   4:Drivers/Squeaker/Src/squeaker.c **** 
   5:Drivers/Squeaker/Src/squeaker.c **** 
   6:Drivers/Squeaker/Src/squeaker.c **** int squeaker_set_frik(TIM_HandleTypeDef* tim, uint8_t chanal, double frik)
   7:Drivers/Squeaker/Src/squeaker.c **** {
  31              		.loc 1 7 1 view -0
  32              		.cfi_startproc
  33              		@ args = 0, pretend = 0, frame = 0
  34              		@ frame_needed = 0, uses_anonymous_args = 0
  35              		.loc 1 7 1 is_stmt 0 view .LVU1
  36 0000 F0B5     		push	{r4, r5, r6, r7, lr}
  37              	.LCFI0:
  38              		.cfi_def_cfa_offset 20
  39              		.cfi_offset 4, -20
  40              		.cfi_offset 5, -16
  41              		.cfi_offset 6, -12
  42              		.cfi_offset 7, -8
  43              		.cfi_offset 14, -4
  44 0002 C646     		mov	lr, r8
  45 0004 00B5     		push	{lr}
  46              	.LCFI1:
  47              		.cfi_def_cfa_offset 24
  48              		.cfi_offset 8, -24
  49 0006 0500     		movs	r5, r0
  50 0008 0C00     		movs	r4, r1
  51 000a 1600     		movs	r6, r2
ARM GAS  /tmp/cc1Ehni1.s 			page 2


  52 000c 1F00     		movs	r7, r3
   8:Drivers/Squeaker/Src/squeaker.c ****     tim->Instance->ARR = 1000000/frik;
  53              		.loc 1 8 5 is_stmt 1 view .LVU2
  54              		.loc 1 8 33 is_stmt 0 view .LVU3
  55 000e 0020     		movs	r0, #0
  56              	.LVL1:
  57              		.loc 1 8 33 view .LVU4
  58 0010 2F49     		ldr	r1, .L9
  59              	.LVL2:
  60              		.loc 1 8 33 view .LVU5
  61 0012 FFF7FEFF 		bl	__aeabi_ddiv
  62              	.LVL3:
  63              		.loc 1 8 8 view .LVU6
  64 0016 2B68     		ldr	r3, [r5]
  65 0018 9846     		mov	r8, r3
  66              		.loc 1 8 24 view .LVU7
  67 001a FFF7FEFF 		bl	__aeabi_d2uiz
  68              	.LVL4:
  69 001e 4346     		mov	r3, r8
  70 0020 D862     		str	r0, [r3, #44]
   9:Drivers/Squeaker/Src/squeaker.c **** 
  10:Drivers/Squeaker/Src/squeaker.c ****     if(tim->Instance->CNT >= tim->Instance->ARR)
  71              		.loc 1 10 5 is_stmt 1 view .LVU8
  72              		.loc 1 10 11 is_stmt 0 view .LVU9
  73 0022 2B68     		ldr	r3, [r5]
  74              		.loc 1 10 21 view .LVU10
  75 0024 596A     		ldr	r1, [r3, #36]
  76              		.loc 1 10 43 view .LVU11
  77 0026 DA6A     		ldr	r2, [r3, #44]
  78              		.loc 1 10 7 view .LVU12
  79 0028 9142     		cmp	r1, r2
  80 002a 01D3     		bcc	.L2
  11:Drivers/Squeaker/Src/squeaker.c ****     {
  12:Drivers/Squeaker/Src/squeaker.c ****         tim->Instance->CNT = 0;
  81              		.loc 1 12 9 is_stmt 1 view .LVU13
  82              		.loc 1 12 28 is_stmt 0 view .LVU14
  83 002c 0022     		movs	r2, #0
  84 002e 5A62     		str	r2, [r3, #36]
  85              	.L2:
  13:Drivers/Squeaker/Src/squeaker.c ****     }
  14:Drivers/Squeaker/Src/squeaker.c **** 
  15:Drivers/Squeaker/Src/squeaker.c ****     switch (chanal)
  86              		.loc 1 15 5 is_stmt 1 view .LVU15
  87 0030 032C     		cmp	r4, #3
  88 0032 3CD0     		beq	.L3
  89 0034 14D8     		bhi	.L4
  90 0036 012C     		cmp	r4, #1
  91 0038 25D0     		beq	.L5
  92 003a 022C     		cmp	r4, #2
  93 003c 33D1     		bne	.L7
  16:Drivers/Squeaker/Src/squeaker.c ****     {
  17:Drivers/Squeaker/Src/squeaker.c ****     case 1:
  18:Drivers/Squeaker/Src/squeaker.c ****         tim->Instance->CCR1 = 1000000/(2*frik);
  19:Drivers/Squeaker/Src/squeaker.c ****         break;
  20:Drivers/Squeaker/Src/squeaker.c ****     case 2:
  21:Drivers/Squeaker/Src/squeaker.c ****         tim->Instance->CCR2 = 1000000/(2*frik);
  94              		.loc 1 21 9 view .LVU16
ARM GAS  /tmp/cc1Ehni1.s 			page 3


  95              		.loc 1 21 41 is_stmt 0 view .LVU17
  96 003e 3200     		movs	r2, r6
  97 0040 3B00     		movs	r3, r7
  98 0042 3000     		movs	r0, r6
  99 0044 3900     		movs	r1, r7
 100 0046 FFF7FEFF 		bl	__aeabi_dadd
 101              	.LVL5:
 102 004a 0200     		movs	r2, r0
 103 004c 0B00     		movs	r3, r1
 104              		.loc 1 21 38 view .LVU18
 105 004e 0020     		movs	r0, #0
 106 0050 1F49     		ldr	r1, .L9
 107 0052 FFF7FEFF 		bl	__aeabi_ddiv
 108              	.LVL6:
 109              		.loc 1 21 12 view .LVU19
 110 0056 2C68     		ldr	r4, [r5]
 111              		.loc 1 21 29 view .LVU20
 112 0058 FFF7FEFF 		bl	__aeabi_d2uiz
 113              	.LVL7:
 114 005c A063     		str	r0, [r4, #56]
  22:Drivers/Squeaker/Src/squeaker.c ****         break;
 115              		.loc 1 22 9 is_stmt 1 view .LVU21
 116 005e 22E0     		b	.L7
 117              	.L4:
  15:Drivers/Squeaker/Src/squeaker.c ****     {
 118              		.loc 1 15 5 is_stmt 0 view .LVU22
 119 0060 042C     		cmp	r4, #4
 120 0062 20D1     		bne	.L7
  23:Drivers/Squeaker/Src/squeaker.c ****     case 3:
  24:Drivers/Squeaker/Src/squeaker.c ****         tim->Instance->CCR3 = 1000000/(2*frik);
  25:Drivers/Squeaker/Src/squeaker.c ****         break;
  26:Drivers/Squeaker/Src/squeaker.c ****     case 4:
  27:Drivers/Squeaker/Src/squeaker.c ****         tim->Instance->CCR4 = 1000000/(2*frik);
 121              		.loc 1 27 9 is_stmt 1 view .LVU23
 122              		.loc 1 27 41 is_stmt 0 view .LVU24
 123 0064 3200     		movs	r2, r6
 124 0066 3B00     		movs	r3, r7
 125 0068 3000     		movs	r0, r6
 126 006a 3900     		movs	r1, r7
 127 006c FFF7FEFF 		bl	__aeabi_dadd
 128              	.LVL8:
 129 0070 0200     		movs	r2, r0
 130 0072 0B00     		movs	r3, r1
 131              		.loc 1 27 38 view .LVU25
 132 0074 0020     		movs	r0, #0
 133 0076 1649     		ldr	r1, .L9
 134 0078 FFF7FEFF 		bl	__aeabi_ddiv
 135              	.LVL9:
 136              		.loc 1 27 12 view .LVU26
 137 007c 2C68     		ldr	r4, [r5]
 138              		.loc 1 27 29 view .LVU27
 139 007e FFF7FEFF 		bl	__aeabi_d2uiz
 140              	.LVL10:
 141 0082 2064     		str	r0, [r4, #64]
  28:Drivers/Squeaker/Src/squeaker.c ****         break;
 142              		.loc 1 28 9 is_stmt 1 view .LVU28
 143 0084 0FE0     		b	.L7
ARM GAS  /tmp/cc1Ehni1.s 			page 4


 144              	.L5:
  18:Drivers/Squeaker/Src/squeaker.c ****         break;
 145              		.loc 1 18 9 view .LVU29
  18:Drivers/Squeaker/Src/squeaker.c ****         break;
 146              		.loc 1 18 41 is_stmt 0 view .LVU30
 147 0086 3200     		movs	r2, r6
 148 0088 3B00     		movs	r3, r7
 149 008a 3000     		movs	r0, r6
 150 008c 3900     		movs	r1, r7
 151 008e FFF7FEFF 		bl	__aeabi_dadd
 152              	.LVL11:
 153 0092 0200     		movs	r2, r0
 154 0094 0B00     		movs	r3, r1
  18:Drivers/Squeaker/Src/squeaker.c ****         break;
 155              		.loc 1 18 38 view .LVU31
 156 0096 0020     		movs	r0, #0
 157 0098 0D49     		ldr	r1, .L9
 158 009a FFF7FEFF 		bl	__aeabi_ddiv
 159              	.LVL12:
  18:Drivers/Squeaker/Src/squeaker.c ****         break;
 160              		.loc 1 18 12 view .LVU32
 161 009e 2C68     		ldr	r4, [r5]
  18:Drivers/Squeaker/Src/squeaker.c ****         break;
 162              		.loc 1 18 29 view .LVU33
 163 00a0 FFF7FEFF 		bl	__aeabi_d2uiz
 164              	.LVL13:
 165 00a4 6063     		str	r0, [r4, #52]
  19:Drivers/Squeaker/Src/squeaker.c ****     case 2:
 166              		.loc 1 19 9 is_stmt 1 view .LVU34
 167              	.L7:
  29:Drivers/Squeaker/Src/squeaker.c ****     default:
  30:Drivers/Squeaker/Src/squeaker.c ****         break;
  31:Drivers/Squeaker/Src/squeaker.c ****     }
  32:Drivers/Squeaker/Src/squeaker.c **** 
  33:Drivers/Squeaker/Src/squeaker.c ****     return 0;
 168              		.loc 1 33 5 view .LVU35
  34:Drivers/Squeaker/Src/squeaker.c **** }
 169              		.loc 1 34 1 is_stmt 0 view .LVU36
 170 00a6 0020     		movs	r0, #0
 171              		@ sp needed
 172              	.LVL14:
 173              		.loc 1 34 1 view .LVU37
 174 00a8 80BC     		pop	{r7}
 175 00aa B846     		mov	r8, r7
 176 00ac F0BD     		pop	{r4, r5, r6, r7, pc}
 177              	.LVL15:
 178              	.L3:
  24:Drivers/Squeaker/Src/squeaker.c ****         break;
 179              		.loc 1 24 9 is_stmt 1 view .LVU38
  24:Drivers/Squeaker/Src/squeaker.c ****         break;
 180              		.loc 1 24 41 is_stmt 0 view .LVU39
 181 00ae 3200     		movs	r2, r6
 182 00b0 3B00     		movs	r3, r7
 183 00b2 3000     		movs	r0, r6
 184 00b4 3900     		movs	r1, r7
 185 00b6 FFF7FEFF 		bl	__aeabi_dadd
 186              	.LVL16:
ARM GAS  /tmp/cc1Ehni1.s 			page 5


 187 00ba 0200     		movs	r2, r0
 188 00bc 0B00     		movs	r3, r1
  24:Drivers/Squeaker/Src/squeaker.c ****         break;
 189              		.loc 1 24 38 view .LVU40
 190 00be 0020     		movs	r0, #0
 191 00c0 0349     		ldr	r1, .L9
 192 00c2 FFF7FEFF 		bl	__aeabi_ddiv
 193              	.LVL17:
  24:Drivers/Squeaker/Src/squeaker.c ****         break;
 194              		.loc 1 24 12 view .LVU41
 195 00c6 2C68     		ldr	r4, [r5]
  24:Drivers/Squeaker/Src/squeaker.c ****         break;
 196              		.loc 1 24 29 view .LVU42
 197 00c8 FFF7FEFF 		bl	__aeabi_d2uiz
 198              	.LVL18:
 199 00cc E063     		str	r0, [r4, #60]
  25:Drivers/Squeaker/Src/squeaker.c ****     case 4:
 200              		.loc 1 25 9 is_stmt 1 view .LVU43
 201 00ce EAE7     		b	.L7
 202              	.L10:
 203              		.align	2
 204              	.L9:
 205 00d0 80842E41 		.word	1093567616
 206              		.cfi_endproc
 207              	.LFE40:
 209              		.section	.text.off_squeaker,"ax",%progbits
 210              		.align	1
 211              		.global	off_squeaker
 212              		.syntax unified
 213              		.code	16
 214              		.thumb_func
 216              	off_squeaker:
 217              	.LVL19:
 218              	.LFB41:
  35:Drivers/Squeaker/Src/squeaker.c **** 
  36:Drivers/Squeaker/Src/squeaker.c **** int off_squeaker(TIM_HandleTypeDef* tim, uint8_t chanal)
  37:Drivers/Squeaker/Src/squeaker.c **** {
 219              		.loc 1 37 1 view -0
 220              		.cfi_startproc
 221              		@ args = 0, pretend = 0, frame = 0
 222              		@ frame_needed = 0, uses_anonymous_args = 0
 223              		@ link register save eliminated.
  38:Drivers/Squeaker/Src/squeaker.c ****     switch (chanal)
 224              		.loc 1 38 5 view .LVU45
 225 0000 0329     		cmp	r1, #3
 226 0002 13D0     		beq	.L12
 227 0004 07D8     		bhi	.L13
 228 0006 0129     		cmp	r1, #1
 229 0008 0BD0     		beq	.L14
 230 000a 0229     		cmp	r1, #2
 231 000c 0CD1     		bne	.L16
  39:Drivers/Squeaker/Src/squeaker.c ****     {
  40:Drivers/Squeaker/Src/squeaker.c ****     case 1:
  41:Drivers/Squeaker/Src/squeaker.c ****         tim->Instance->CCR1 = 0;
  42:Drivers/Squeaker/Src/squeaker.c ****         break;
  43:Drivers/Squeaker/Src/squeaker.c ****     case 2:
  44:Drivers/Squeaker/Src/squeaker.c ****         tim->Instance->CCR2 = 0;
ARM GAS  /tmp/cc1Ehni1.s 			page 6


 232              		.loc 1 44 9 view .LVU46
 233              		.loc 1 44 12 is_stmt 0 view .LVU47
 234 000e 0368     		ldr	r3, [r0]
 235              		.loc 1 44 29 view .LVU48
 236 0010 0022     		movs	r2, #0
 237 0012 9A63     		str	r2, [r3, #56]
  45:Drivers/Squeaker/Src/squeaker.c ****         break;
 238              		.loc 1 45 9 is_stmt 1 view .LVU49
 239 0014 08E0     		b	.L16
 240              	.L13:
  38:Drivers/Squeaker/Src/squeaker.c ****     switch (chanal)
 241              		.loc 1 38 5 is_stmt 0 view .LVU50
 242 0016 0429     		cmp	r1, #4
 243 0018 06D1     		bne	.L16
  46:Drivers/Squeaker/Src/squeaker.c ****     case 3:
  47:Drivers/Squeaker/Src/squeaker.c ****         tim->Instance->CCR3 = 0;
  48:Drivers/Squeaker/Src/squeaker.c ****         break;
  49:Drivers/Squeaker/Src/squeaker.c ****     case 4:
  50:Drivers/Squeaker/Src/squeaker.c ****         tim->Instance->CCR4 = 0;
 244              		.loc 1 50 9 is_stmt 1 view .LVU51
 245              		.loc 1 50 12 is_stmt 0 view .LVU52
 246 001a 0368     		ldr	r3, [r0]
 247              		.loc 1 50 29 view .LVU53
 248 001c 0022     		movs	r2, #0
 249 001e 1A64     		str	r2, [r3, #64]
  51:Drivers/Squeaker/Src/squeaker.c ****         break;
 250              		.loc 1 51 9 is_stmt 1 view .LVU54
 251 0020 02E0     		b	.L16
 252              	.L14:
  41:Drivers/Squeaker/Src/squeaker.c ****         break;
 253              		.loc 1 41 9 view .LVU55
  41:Drivers/Squeaker/Src/squeaker.c ****         break;
 254              		.loc 1 41 12 is_stmt 0 view .LVU56
 255 0022 0368     		ldr	r3, [r0]
  41:Drivers/Squeaker/Src/squeaker.c ****         break;
 256              		.loc 1 41 29 view .LVU57
 257 0024 0022     		movs	r2, #0
 258 0026 5A63     		str	r2, [r3, #52]
  42:Drivers/Squeaker/Src/squeaker.c ****     case 2:
 259              		.loc 1 42 9 is_stmt 1 view .LVU58
 260              	.L16:
  52:Drivers/Squeaker/Src/squeaker.c ****     default:
  53:Drivers/Squeaker/Src/squeaker.c ****         break;
  54:Drivers/Squeaker/Src/squeaker.c ****     }
  55:Drivers/Squeaker/Src/squeaker.c **** 
  56:Drivers/Squeaker/Src/squeaker.c ****     return 0;
 261              		.loc 1 56 5 view .LVU59
  57:Drivers/Squeaker/Src/squeaker.c **** }...
 262              		.loc 1 57 1 is_stmt 0 view .LVU60
 263 0028 0020     		movs	r0, #0
 264              	.LVL20:
 265              		.loc 1 57 1 view .LVU61
 266              		@ sp needed
 267 002a 7047     		bx	lr
 268              	.LVL21:
 269              	.L12:
  47:Drivers/Squeaker/Src/squeaker.c ****         tim->Instance->CCR3 = 0;
ARM GAS  /tmp/cc1Ehni1.s 			page 7


 270              		.loc 1 47 9 is_stmt 1 view .LVU62
  47:Drivers/Squeaker/Src/squeaker.c ****         tim->Instance->CCR3 = 0;
 271              		.loc 1 47 12 is_stmt 0 view .LVU63
 272 002c 0368     		ldr	r3, [r0]
  47:Drivers/Squeaker/Src/squeaker.c ****         tim->Instance->CCR3 = 0;
 273              		.loc 1 47 29 view .LVU64
 274 002e 0022     		movs	r2, #0
 275 0030 DA63     		str	r2, [r3, #60]
  48:Drivers/Squeaker/Src/squeaker.c ****         break;
 276              		.loc 1 48 9 is_stmt 1 view .LVU65
 277 0032 F9E7     		b	.L16
 278              		.cfi_endproc
 279              	.LFE41:
 281              		.text
 282              	.Letext0:
 283              		.file 2 "/usr/share/gcc-arm-none-eabi-10.3-2021.10/arm-none-eabi/include/machine/_default_types.h"
 284              		.file 3 "/usr/share/gcc-arm-none-eabi-10.3-2021.10/arm-none-eabi/include/sys/_stdint.h"
 285              		.file 4 "Drivers/CMSIS/Device/ST/STM32F0xx/Include/stm32f051x8.h"
 286              		.file 5 "Drivers/STM32F0xx_HAL_Driver/Inc/stm32f0xx_hal_def.h"
 287              		.file 6 "Drivers/STM32F0xx_HAL_Driver/Inc/stm32f0xx_hal_dma.h"
 288              		.file 7 "Drivers/STM32F0xx_HAL_Driver/Inc/stm32f0xx_hal_tim.h"
ARM GAS  /tmp/cc1Ehni1.s 			page 8


DEFINED SYMBOLS
                            *ABS*:0000000000000000 squeaker.c
     /tmp/cc1Ehni1.s:21     .text.squeaker_set_frik:0000000000000000 $t
     /tmp/cc1Ehni1.s:27     .text.squeaker_set_frik:0000000000000000 squeaker_set_frik
     /tmp/cc1Ehni1.s:205    .text.squeaker_set_frik:00000000000000d0 $d
     /tmp/cc1Ehni1.s:210    .text.off_squeaker:0000000000000000 $t
     /tmp/cc1Ehni1.s:216    .text.off_squeaker:0000000000000000 off_squeaker

UNDEFINED SYMBOLS
__aeabi_ddiv
__aeabi_d2uiz
__aeabi_dadd
