ARM GAS  /tmp/ccdHTtMG.s 			page 1


   1              		.cpu cortex-m0
   2              		.arch armv6s-m
   3              		.fpu softvfp
   4              		.eabi_attribute 20, 1
   5              		.eabi_attribute 21, 1
   6              		.eabi_attribute 23, 3
   7              		.eabi_attribute 24, 1
   8              		.eabi_attribute 25, 1
   9              		.eabi_attribute 26, 1
  10              		.eabi_attribute 30, 1
  11              		.eabi_attribute 34, 0
  12              		.eabi_attribute 18, 4
  13              		.file	"stm32f0xx_hal_msp.c"
  14              		.text
  15              	.Ltext0:
  16              		.cfi_sections	.debug_frame
  17              		.section	.text.HAL_MspInit,"ax",%progbits
  18              		.align	1
  19              		.global	HAL_MspInit
  20              		.syntax unified
  21              		.code	16
  22              		.thumb_func
  24              	HAL_MspInit:
  25              	.LFB40:
  26              		.file 1 "Core/Src/stm32f0xx_hal_msp.c"
   1:Core/Src/stm32f0xx_hal_msp.c **** /* USER CODE BEGIN Header */
   2:Core/Src/stm32f0xx_hal_msp.c **** /**
   3:Core/Src/stm32f0xx_hal_msp.c ****   ******************************************************************************
   4:Core/Src/stm32f0xx_hal_msp.c ****   * @file         stm32f0xx_hal_msp.c
   5:Core/Src/stm32f0xx_hal_msp.c ****   * @brief        This file provides code for the MSP Initialization
   6:Core/Src/stm32f0xx_hal_msp.c ****   *               and de-Initialization codes.
   7:Core/Src/stm32f0xx_hal_msp.c ****   ******************************************************************************
   8:Core/Src/stm32f0xx_hal_msp.c ****   * @attention
   9:Core/Src/stm32f0xx_hal_msp.c ****   *
  10:Core/Src/stm32f0xx_hal_msp.c ****   * Copyright (c) 2022 STMicroelectronics.
  11:Core/Src/stm32f0xx_hal_msp.c ****   * All rights reserved.
  12:Core/Src/stm32f0xx_hal_msp.c ****   *
  13:Core/Src/stm32f0xx_hal_msp.c ****   * This software is licensed under terms that can be found in the LICENSE file
  14:Core/Src/stm32f0xx_hal_msp.c ****   * in the root directory of this software component.
  15:Core/Src/stm32f0xx_hal_msp.c ****   * If no LICENSE file comes with this software, it is provided AS-IS.
  16:Core/Src/stm32f0xx_hal_msp.c ****   *
  17:Core/Src/stm32f0xx_hal_msp.c ****   ******************************************************************************
  18:Core/Src/stm32f0xx_hal_msp.c ****   */
  19:Core/Src/stm32f0xx_hal_msp.c **** /* USER CODE END Header */
  20:Core/Src/stm32f0xx_hal_msp.c **** 
  21:Core/Src/stm32f0xx_hal_msp.c **** /* Includes ------------------------------------------------------------------*/
  22:Core/Src/stm32f0xx_hal_msp.c **** #include "main.h"
  23:Core/Src/stm32f0xx_hal_msp.c **** /* USER CODE BEGIN Includes */
  24:Core/Src/stm32f0xx_hal_msp.c **** 
  25:Core/Src/stm32f0xx_hal_msp.c **** /* USER CODE END Includes */
  26:Core/Src/stm32f0xx_hal_msp.c **** 
  27:Core/Src/stm32f0xx_hal_msp.c **** /* Private typedef -----------------------------------------------------------*/
  28:Core/Src/stm32f0xx_hal_msp.c **** /* USER CODE BEGIN TD */
  29:Core/Src/stm32f0xx_hal_msp.c **** 
  30:Core/Src/stm32f0xx_hal_msp.c **** /* USER CODE END TD */
  31:Core/Src/stm32f0xx_hal_msp.c **** 
  32:Core/Src/stm32f0xx_hal_msp.c **** /* Private define ------------------------------------------------------------*/
ARM GAS  /tmp/ccdHTtMG.s 			page 2


  33:Core/Src/stm32f0xx_hal_msp.c **** /* USER CODE BEGIN Define */
  34:Core/Src/stm32f0xx_hal_msp.c **** 
  35:Core/Src/stm32f0xx_hal_msp.c **** /* USER CODE END Define */
  36:Core/Src/stm32f0xx_hal_msp.c **** 
  37:Core/Src/stm32f0xx_hal_msp.c **** /* Private macro -------------------------------------------------------------*/
  38:Core/Src/stm32f0xx_hal_msp.c **** /* USER CODE BEGIN Macro */
  39:Core/Src/stm32f0xx_hal_msp.c **** 
  40:Core/Src/stm32f0xx_hal_msp.c **** /* USER CODE END Macro */
  41:Core/Src/stm32f0xx_hal_msp.c **** 
  42:Core/Src/stm32f0xx_hal_msp.c **** /* Private variables ---------------------------------------------------------*/
  43:Core/Src/stm32f0xx_hal_msp.c **** /* USER CODE BEGIN PV */
  44:Core/Src/stm32f0xx_hal_msp.c **** 
  45:Core/Src/stm32f0xx_hal_msp.c **** /* USER CODE END PV */
  46:Core/Src/stm32f0xx_hal_msp.c **** 
  47:Core/Src/stm32f0xx_hal_msp.c **** /* Private function prototypes -----------------------------------------------*/
  48:Core/Src/stm32f0xx_hal_msp.c **** /* USER CODE BEGIN PFP */
  49:Core/Src/stm32f0xx_hal_msp.c **** 
  50:Core/Src/stm32f0xx_hal_msp.c **** /* USER CODE END PFP */
  51:Core/Src/stm32f0xx_hal_msp.c **** 
  52:Core/Src/stm32f0xx_hal_msp.c **** /* External functions --------------------------------------------------------*/
  53:Core/Src/stm32f0xx_hal_msp.c **** /* USER CODE BEGIN ExternalFunctions */
  54:Core/Src/stm32f0xx_hal_msp.c **** 
  55:Core/Src/stm32f0xx_hal_msp.c **** /* USER CODE END ExternalFunctions */
  56:Core/Src/stm32f0xx_hal_msp.c **** 
  57:Core/Src/stm32f0xx_hal_msp.c **** /* USER CODE BEGIN 0 */
  58:Core/Src/stm32f0xx_hal_msp.c **** 
  59:Core/Src/stm32f0xx_hal_msp.c **** /* USER CODE END 0 */
  60:Core/Src/stm32f0xx_hal_msp.c **** /**
  61:Core/Src/stm32f0xx_hal_msp.c ****   * Initializes the Global MSP.
  62:Core/Src/stm32f0xx_hal_msp.c ****   */
  63:Core/Src/stm32f0xx_hal_msp.c **** void HAL_MspInit(void)
  64:Core/Src/stm32f0xx_hal_msp.c **** {
  27              		.loc 1 64 1 view -0
  28              		.cfi_startproc
  29              		@ args = 0, pretend = 0, frame = 8
  30              		@ frame_needed = 0, uses_anonymous_args = 0
  31              		@ link register save eliminated.
  32 0000 82B0     		sub	sp, sp, #8
  33              	.LCFI0:
  34              		.cfi_def_cfa_offset 8
  65:Core/Src/stm32f0xx_hal_msp.c ****   /* USER CODE BEGIN MspInit 0 */
  66:Core/Src/stm32f0xx_hal_msp.c **** 
  67:Core/Src/stm32f0xx_hal_msp.c ****   /* USER CODE END MspInit 0 */
  68:Core/Src/stm32f0xx_hal_msp.c **** 
  69:Core/Src/stm32f0xx_hal_msp.c ****   __HAL_RCC_SYSCFG_CLK_ENABLE();
  35              		.loc 1 69 3 view .LVU1
  36              	.LBB2:
  37              		.loc 1 69 3 view .LVU2
  38              		.loc 1 69 3 view .LVU3
  39 0002 0A4B     		ldr	r3, .L2
  40 0004 9969     		ldr	r1, [r3, #24]
  41 0006 0122     		movs	r2, #1
  42 0008 1143     		orrs	r1, r2
  43 000a 9961     		str	r1, [r3, #24]
  44              		.loc 1 69 3 view .LVU4
  45 000c 9969     		ldr	r1, [r3, #24]
  46 000e 0A40     		ands	r2, r1
ARM GAS  /tmp/ccdHTtMG.s 			page 3


  47 0010 0092     		str	r2, [sp]
  48              		.loc 1 69 3 view .LVU5
  49 0012 009A     		ldr	r2, [sp]
  50              	.LBE2:
  51              		.loc 1 69 3 view .LVU6
  70:Core/Src/stm32f0xx_hal_msp.c ****   __HAL_RCC_PWR_CLK_ENABLE();
  52              		.loc 1 70 3 view .LVU7
  53              	.LBB3:
  54              		.loc 1 70 3 view .LVU8
  55              		.loc 1 70 3 view .LVU9
  56 0014 DA69     		ldr	r2, [r3, #28]
  57 0016 8021     		movs	r1, #128
  58 0018 4905     		lsls	r1, r1, #21
  59 001a 0A43     		orrs	r2, r1
  60 001c DA61     		str	r2, [r3, #28]
  61              		.loc 1 70 3 view .LVU10
  62 001e DB69     		ldr	r3, [r3, #28]
  63 0020 0B40     		ands	r3, r1
  64 0022 0193     		str	r3, [sp, #4]
  65              		.loc 1 70 3 view .LVU11
  66 0024 019B     		ldr	r3, [sp, #4]
  67              	.LBE3:
  68              		.loc 1 70 3 view .LVU12
  71:Core/Src/stm32f0xx_hal_msp.c **** 
  72:Core/Src/stm32f0xx_hal_msp.c ****   /* System interrupt init*/
  73:Core/Src/stm32f0xx_hal_msp.c **** 
  74:Core/Src/stm32f0xx_hal_msp.c ****   /* USER CODE BEGIN MspInit 1 */
  75:Core/Src/stm32f0xx_hal_msp.c **** 
  76:Core/Src/stm32f0xx_hal_msp.c ****   /* USER CODE END MspInit 1 */
  77:Core/Src/stm32f0xx_hal_msp.c **** }
  69              		.loc 1 77 1 is_stmt 0 view .LVU13
  70 0026 02B0     		add	sp, sp, #8
  71              		@ sp needed
  72 0028 7047     		bx	lr
  73              	.L3:
  74 002a C046     		.align	2
  75              	.L2:
  76 002c 00100240 		.word	1073876992
  77              		.cfi_endproc
  78              	.LFE40:
  80              		.section	.text.HAL_I2C_MspInit,"ax",%progbits
  81              		.align	1
  82              		.global	HAL_I2C_MspInit
  83              		.syntax unified
  84              		.code	16
  85              		.thumb_func
  87              	HAL_I2C_MspInit:
  88              	.LVL0:
  89              	.LFB41:
  78:Core/Src/stm32f0xx_hal_msp.c **** 
  79:Core/Src/stm32f0xx_hal_msp.c **** /**
  80:Core/Src/stm32f0xx_hal_msp.c **** * @brief I2C MSP Initialization
  81:Core/Src/stm32f0xx_hal_msp.c **** * This function configures the hardware resources used in this example
  82:Core/Src/stm32f0xx_hal_msp.c **** * @param hi2c: I2C handle pointer
  83:Core/Src/stm32f0xx_hal_msp.c **** * @retval None
  84:Core/Src/stm32f0xx_hal_msp.c **** */
  85:Core/Src/stm32f0xx_hal_msp.c **** void HAL_I2C_MspInit(I2C_HandleTypeDef* hi2c)
ARM GAS  /tmp/ccdHTtMG.s 			page 4


  86:Core/Src/stm32f0xx_hal_msp.c **** {
  90              		.loc 1 86 1 is_stmt 1 view -0
  91              		.cfi_startproc
  92              		@ args = 0, pretend = 0, frame = 32
  93              		@ frame_needed = 0, uses_anonymous_args = 0
  94              		.loc 1 86 1 is_stmt 0 view .LVU15
  95 0000 10B5     		push	{r4, lr}
  96              	.LCFI1:
  97              		.cfi_def_cfa_offset 8
  98              		.cfi_offset 4, -8
  99              		.cfi_offset 14, -4
 100 0002 88B0     		sub	sp, sp, #32
 101              	.LCFI2:
 102              		.cfi_def_cfa_offset 40
 103 0004 0400     		movs	r4, r0
  87:Core/Src/stm32f0xx_hal_msp.c ****   GPIO_InitTypeDef GPIO_InitStruct = {0};
 104              		.loc 1 87 3 is_stmt 1 view .LVU16
 105              		.loc 1 87 20 is_stmt 0 view .LVU17
 106 0006 1422     		movs	r2, #20
 107 0008 0021     		movs	r1, #0
 108 000a 03A8     		add	r0, sp, #12
 109              	.LVL1:
 110              		.loc 1 87 20 view .LVU18
 111 000c FFF7FEFF 		bl	memset
 112              	.LVL2:
  88:Core/Src/stm32f0xx_hal_msp.c ****   if(hi2c->Instance==I2C1)
 113              		.loc 1 88 3 is_stmt 1 view .LVU19
 114              		.loc 1 88 10 is_stmt 0 view .LVU20
 115 0010 2268     		ldr	r2, [r4]
 116              		.loc 1 88 5 view .LVU21
 117 0012 124B     		ldr	r3, .L7
 118 0014 9A42     		cmp	r2, r3
 119 0016 01D0     		beq	.L6
 120              	.LVL3:
 121              	.L4:
  89:Core/Src/stm32f0xx_hal_msp.c ****   {
  90:Core/Src/stm32f0xx_hal_msp.c ****   /* USER CODE BEGIN I2C1_MspInit 0 */
  91:Core/Src/stm32f0xx_hal_msp.c **** 
  92:Core/Src/stm32f0xx_hal_msp.c ****   /* USER CODE END I2C1_MspInit 0 */
  93:Core/Src/stm32f0xx_hal_msp.c **** 
  94:Core/Src/stm32f0xx_hal_msp.c ****     __HAL_RCC_GPIOB_CLK_ENABLE();
  95:Core/Src/stm32f0xx_hal_msp.c ****     /**I2C1 GPIO Configuration
  96:Core/Src/stm32f0xx_hal_msp.c ****     PB6     ------> I2C1_SCL
  97:Core/Src/stm32f0xx_hal_msp.c ****     PB7     ------> I2C1_SDA
  98:Core/Src/stm32f0xx_hal_msp.c ****     */
  99:Core/Src/stm32f0xx_hal_msp.c ****     GPIO_InitStruct.Pin = GPIO_PIN_6|GPIO_PIN_7;
 100:Core/Src/stm32f0xx_hal_msp.c ****     GPIO_InitStruct.Mode = GPIO_MODE_AF_OD;
 101:Core/Src/stm32f0xx_hal_msp.c ****     GPIO_InitStruct.Pull = GPIO_NOPULL;
 102:Core/Src/stm32f0xx_hal_msp.c ****     GPIO_InitStruct.Speed = GPIO_SPEED_FREQ_HIGH;
 103:Core/Src/stm32f0xx_hal_msp.c ****     GPIO_InitStruct.Alternate = GPIO_AF1_I2C1;
 104:Core/Src/stm32f0xx_hal_msp.c ****     HAL_GPIO_Init(GPIOB, &GPIO_InitStruct);
 105:Core/Src/stm32f0xx_hal_msp.c **** 
 106:Core/Src/stm32f0xx_hal_msp.c ****     /* Peripheral clock enable */
 107:Core/Src/stm32f0xx_hal_msp.c ****     __HAL_RCC_I2C1_CLK_ENABLE();
 108:Core/Src/stm32f0xx_hal_msp.c ****   /* USER CODE BEGIN I2C1_MspInit 1 */
 109:Core/Src/stm32f0xx_hal_msp.c **** 
 110:Core/Src/stm32f0xx_hal_msp.c ****   /* USER CODE END I2C1_MspInit 1 */
ARM GAS  /tmp/ccdHTtMG.s 			page 5


 111:Core/Src/stm32f0xx_hal_msp.c ****   }
 112:Core/Src/stm32f0xx_hal_msp.c **** 
 113:Core/Src/stm32f0xx_hal_msp.c **** }
 122              		.loc 1 113 1 view .LVU22
 123 0018 08B0     		add	sp, sp, #32
 124              		@ sp needed
 125 001a 10BD     		pop	{r4, pc}
 126              	.LVL4:
 127              	.L6:
  94:Core/Src/stm32f0xx_hal_msp.c ****     /**I2C1 GPIO Configuration
 128              		.loc 1 94 5 is_stmt 1 view .LVU23
 129              	.LBB4:
  94:Core/Src/stm32f0xx_hal_msp.c ****     /**I2C1 GPIO Configuration
 130              		.loc 1 94 5 view .LVU24
  94:Core/Src/stm32f0xx_hal_msp.c ****     /**I2C1 GPIO Configuration
 131              		.loc 1 94 5 view .LVU25
 132 001c 104C     		ldr	r4, .L7+4
 133              	.LVL5:
  94:Core/Src/stm32f0xx_hal_msp.c ****     /**I2C1 GPIO Configuration
 134              		.loc 1 94 5 is_stmt 0 view .LVU26
 135 001e 6269     		ldr	r2, [r4, #20]
 136 0020 8021     		movs	r1, #128
 137 0022 C902     		lsls	r1, r1, #11
 138 0024 0A43     		orrs	r2, r1
 139 0026 6261     		str	r2, [r4, #20]
  94:Core/Src/stm32f0xx_hal_msp.c ****     /**I2C1 GPIO Configuration
 140              		.loc 1 94 5 is_stmt 1 view .LVU27
 141 0028 6369     		ldr	r3, [r4, #20]
 142 002a 0B40     		ands	r3, r1
 143 002c 0193     		str	r3, [sp, #4]
  94:Core/Src/stm32f0xx_hal_msp.c ****     /**I2C1 GPIO Configuration
 144              		.loc 1 94 5 view .LVU28
 145 002e 019B     		ldr	r3, [sp, #4]
 146              	.LBE4:
  94:Core/Src/stm32f0xx_hal_msp.c ****     /**I2C1 GPIO Configuration
 147              		.loc 1 94 5 view .LVU29
  99:Core/Src/stm32f0xx_hal_msp.c ****     GPIO_InitStruct.Mode = GPIO_MODE_AF_OD;
 148              		.loc 1 99 5 view .LVU30
  99:Core/Src/stm32f0xx_hal_msp.c ****     GPIO_InitStruct.Mode = GPIO_MODE_AF_OD;
 149              		.loc 1 99 25 is_stmt 0 view .LVU31
 150 0030 C023     		movs	r3, #192
 151 0032 0393     		str	r3, [sp, #12]
 100:Core/Src/stm32f0xx_hal_msp.c ****     GPIO_InitStruct.Pull = GPIO_NOPULL;
 152              		.loc 1 100 5 is_stmt 1 view .LVU32
 100:Core/Src/stm32f0xx_hal_msp.c ****     GPIO_InitStruct.Pull = GPIO_NOPULL;
 153              		.loc 1 100 26 is_stmt 0 view .LVU33
 154 0034 AE3B     		subs	r3, r3, #174
 155 0036 0493     		str	r3, [sp, #16]
 101:Core/Src/stm32f0xx_hal_msp.c ****     GPIO_InitStruct.Speed = GPIO_SPEED_FREQ_HIGH;
 156              		.loc 1 101 5 is_stmt 1 view .LVU34
 102:Core/Src/stm32f0xx_hal_msp.c ****     GPIO_InitStruct.Alternate = GPIO_AF1_I2C1;
 157              		.loc 1 102 5 view .LVU35
 102:Core/Src/stm32f0xx_hal_msp.c ****     GPIO_InitStruct.Alternate = GPIO_AF1_I2C1;
 158              		.loc 1 102 27 is_stmt 0 view .LVU36
 159 0038 0F3B     		subs	r3, r3, #15
 160 003a 0693     		str	r3, [sp, #24]
 103:Core/Src/stm32f0xx_hal_msp.c ****     HAL_GPIO_Init(GPIOB, &GPIO_InitStruct);
ARM GAS  /tmp/ccdHTtMG.s 			page 6


 161              		.loc 1 103 5 is_stmt 1 view .LVU37
 103:Core/Src/stm32f0xx_hal_msp.c ****     HAL_GPIO_Init(GPIOB, &GPIO_InitStruct);
 162              		.loc 1 103 31 is_stmt 0 view .LVU38
 163 003c 023B     		subs	r3, r3, #2
 164 003e 0793     		str	r3, [sp, #28]
 104:Core/Src/stm32f0xx_hal_msp.c **** 
 165              		.loc 1 104 5 is_stmt 1 view .LVU39
 166 0040 03A9     		add	r1, sp, #12
 167 0042 0848     		ldr	r0, .L7+8
 168 0044 FFF7FEFF 		bl	HAL_GPIO_Init
 169              	.LVL6:
 107:Core/Src/stm32f0xx_hal_msp.c ****   /* USER CODE BEGIN I2C1_MspInit 1 */
 170              		.loc 1 107 5 view .LVU40
 171              	.LBB5:
 107:Core/Src/stm32f0xx_hal_msp.c ****   /* USER CODE BEGIN I2C1_MspInit 1 */
 172              		.loc 1 107 5 view .LVU41
 107:Core/Src/stm32f0xx_hal_msp.c ****   /* USER CODE BEGIN I2C1_MspInit 1 */
 173              		.loc 1 107 5 view .LVU42
 174 0048 E269     		ldr	r2, [r4, #28]
 175 004a 8021     		movs	r1, #128
 176 004c 8903     		lsls	r1, r1, #14
 177 004e 0A43     		orrs	r2, r1
 178 0050 E261     		str	r2, [r4, #28]
 107:Core/Src/stm32f0xx_hal_msp.c ****   /* USER CODE BEGIN I2C1_MspInit 1 */
 179              		.loc 1 107 5 view .LVU43
 180 0052 E369     		ldr	r3, [r4, #28]
 181 0054 0B40     		ands	r3, r1
 182 0056 0293     		str	r3, [sp, #8]
 107:Core/Src/stm32f0xx_hal_msp.c ****   /* USER CODE BEGIN I2C1_MspInit 1 */
 183              		.loc 1 107 5 view .LVU44
 184 0058 029B     		ldr	r3, [sp, #8]
 185              	.LBE5:
 107:Core/Src/stm32f0xx_hal_msp.c ****   /* USER CODE BEGIN I2C1_MspInit 1 */
 186              		.loc 1 107 5 view .LVU45
 187              		.loc 1 113 1 is_stmt 0 view .LVU46
 188 005a DDE7     		b	.L4
 189              	.L8:
 190              		.align	2
 191              	.L7:
 192 005c 00540040 		.word	1073763328
 193 0060 00100240 		.word	1073876992
 194 0064 00040048 		.word	1207960576
 195              		.cfi_endproc
 196              	.LFE41:
 198              		.section	.text.HAL_I2C_MspDeInit,"ax",%progbits
 199              		.align	1
 200              		.global	HAL_I2C_MspDeInit
 201              		.syntax unified
 202              		.code	16
 203              		.thumb_func
 205              	HAL_I2C_MspDeInit:
 206              	.LVL7:
 207              	.LFB42:
 114:Core/Src/stm32f0xx_hal_msp.c **** 
 115:Core/Src/stm32f0xx_hal_msp.c **** /**
 116:Core/Src/stm32f0xx_hal_msp.c **** * @brief I2C MSP De-Initialization
 117:Core/Src/stm32f0xx_hal_msp.c **** * This function freeze the hardware resources used in this example
ARM GAS  /tmp/ccdHTtMG.s 			page 7


 118:Core/Src/stm32f0xx_hal_msp.c **** * @param hi2c: I2C handle pointer
 119:Core/Src/stm32f0xx_hal_msp.c **** * @retval None
 120:Core/Src/stm32f0xx_hal_msp.c **** */
 121:Core/Src/stm32f0xx_hal_msp.c **** void HAL_I2C_MspDeInit(I2C_HandleTypeDef* hi2c)
 122:Core/Src/stm32f0xx_hal_msp.c **** {
 208              		.loc 1 122 1 is_stmt 1 view -0
 209              		.cfi_startproc
 210              		@ args = 0, pretend = 0, frame = 0
 211              		@ frame_needed = 0, uses_anonymous_args = 0
 212              		.loc 1 122 1 is_stmt 0 view .LVU48
 213 0000 10B5     		push	{r4, lr}
 214              	.LCFI3:
 215              		.cfi_def_cfa_offset 8
 216              		.cfi_offset 4, -8
 217              		.cfi_offset 14, -4
 123:Core/Src/stm32f0xx_hal_msp.c ****   if(hi2c->Instance==I2C1)
 218              		.loc 1 123 3 is_stmt 1 view .LVU49
 219              		.loc 1 123 10 is_stmt 0 view .LVU50
 220 0002 0268     		ldr	r2, [r0]
 221              		.loc 1 123 5 view .LVU51
 222 0004 094B     		ldr	r3, .L12
 223 0006 9A42     		cmp	r2, r3
 224 0008 00D0     		beq	.L11
 225              	.LVL8:
 226              	.L9:
 124:Core/Src/stm32f0xx_hal_msp.c ****   {
 125:Core/Src/stm32f0xx_hal_msp.c ****   /* USER CODE BEGIN I2C1_MspDeInit 0 */
 126:Core/Src/stm32f0xx_hal_msp.c **** 
 127:Core/Src/stm32f0xx_hal_msp.c ****   /* USER CODE END I2C1_MspDeInit 0 */
 128:Core/Src/stm32f0xx_hal_msp.c ****     /* Peripheral clock disable */
 129:Core/Src/stm32f0xx_hal_msp.c ****     __HAL_RCC_I2C1_CLK_DISABLE();
 130:Core/Src/stm32f0xx_hal_msp.c **** 
 131:Core/Src/stm32f0xx_hal_msp.c ****     /**I2C1 GPIO Configuration
 132:Core/Src/stm32f0xx_hal_msp.c ****     PB6     ------> I2C1_SCL
 133:Core/Src/stm32f0xx_hal_msp.c ****     PB7     ------> I2C1_SDA
 134:Core/Src/stm32f0xx_hal_msp.c ****     */
 135:Core/Src/stm32f0xx_hal_msp.c ****     HAL_GPIO_DeInit(GPIOB, GPIO_PIN_6);
 136:Core/Src/stm32f0xx_hal_msp.c **** 
 137:Core/Src/stm32f0xx_hal_msp.c ****     HAL_GPIO_DeInit(GPIOB, GPIO_PIN_7);
 138:Core/Src/stm32f0xx_hal_msp.c **** 
 139:Core/Src/stm32f0xx_hal_msp.c ****   /* USER CODE BEGIN I2C1_MspDeInit 1 */
 140:Core/Src/stm32f0xx_hal_msp.c **** 
 141:Core/Src/stm32f0xx_hal_msp.c ****   /* USER CODE END I2C1_MspDeInit 1 */
 142:Core/Src/stm32f0xx_hal_msp.c ****   }
 143:Core/Src/stm32f0xx_hal_msp.c **** 
 144:Core/Src/stm32f0xx_hal_msp.c **** }
 227              		.loc 1 144 1 view .LVU52
 228              		@ sp needed
 229 000a 10BD     		pop	{r4, pc}
 230              	.LVL9:
 231              	.L11:
 129:Core/Src/stm32f0xx_hal_msp.c **** 
 232              		.loc 1 129 5 is_stmt 1 view .LVU53
 233 000c 084A     		ldr	r2, .L12+4
 234 000e D369     		ldr	r3, [r2, #28]
 235 0010 0849     		ldr	r1, .L12+8
 236 0012 0B40     		ands	r3, r1
ARM GAS  /tmp/ccdHTtMG.s 			page 8


 237 0014 D361     		str	r3, [r2, #28]
 135:Core/Src/stm32f0xx_hal_msp.c **** 
 238              		.loc 1 135 5 view .LVU54
 239 0016 084C     		ldr	r4, .L12+12
 240 0018 4021     		movs	r1, #64
 241 001a 2000     		movs	r0, r4
 242              	.LVL10:
 135:Core/Src/stm32f0xx_hal_msp.c **** 
 243              		.loc 1 135 5 is_stmt 0 view .LVU55
 244 001c FFF7FEFF 		bl	HAL_GPIO_DeInit
 245              	.LVL11:
 137:Core/Src/stm32f0xx_hal_msp.c **** 
 246              		.loc 1 137 5 is_stmt 1 view .LVU56
 247 0020 8021     		movs	r1, #128
 248 0022 2000     		movs	r0, r4
 249 0024 FFF7FEFF 		bl	HAL_GPIO_DeInit
 250              	.LVL12:
 251              		.loc 1 144 1 is_stmt 0 view .LVU57
 252 0028 EFE7     		b	.L9
 253              	.L13:
 254 002a C046     		.align	2
 255              	.L12:
 256 002c 00540040 		.word	1073763328
 257 0030 00100240 		.word	1073876992
 258 0034 FFFFDFFF 		.word	-2097153
 259 0038 00040048 		.word	1207960576
 260              		.cfi_endproc
 261              	.LFE42:
 263              		.text
 264              	.Letext0:
 265              		.file 2 "/usr/share/gcc-arm-none-eabi-10.3-2021.10/arm-none-eabi/include/machine/_default_types.h"
 266              		.file 3 "/usr/share/gcc-arm-none-eabi-10.3-2021.10/arm-none-eabi/include/sys/_stdint.h"
 267              		.file 4 "Drivers/CMSIS/Device/ST/STM32F0xx/Include/stm32f051x8.h"
 268              		.file 5 "Drivers/STM32F0xx_HAL_Driver/Inc/stm32f0xx_hal_def.h"
 269              		.file 6 "Drivers/STM32F0xx_HAL_Driver/Inc/stm32f0xx_hal_gpio.h"
 270              		.file 7 "Drivers/STM32F0xx_HAL_Driver/Inc/stm32f0xx_hal_dma.h"
 271              		.file 8 "Drivers/STM32F0xx_HAL_Driver/Inc/stm32f0xx_hal_i2c.h"
 272              		.file 9 "<built-in>"
ARM GAS  /tmp/ccdHTtMG.s 			page 9


DEFINED SYMBOLS
                            *ABS*:0000000000000000 stm32f0xx_hal_msp.c
     /tmp/ccdHTtMG.s:18     .text.HAL_MspInit:0000000000000000 $t
     /tmp/ccdHTtMG.s:24     .text.HAL_MspInit:0000000000000000 HAL_MspInit
     /tmp/ccdHTtMG.s:76     .text.HAL_MspInit:000000000000002c $d
     /tmp/ccdHTtMG.s:81     .text.HAL_I2C_MspInit:0000000000000000 $t
     /tmp/ccdHTtMG.s:87     .text.HAL_I2C_MspInit:0000000000000000 HAL_I2C_MspInit
     /tmp/ccdHTtMG.s:192    .text.HAL_I2C_MspInit:000000000000005c $d
     /tmp/ccdHTtMG.s:199    .text.HAL_I2C_MspDeInit:0000000000000000 $t
     /tmp/ccdHTtMG.s:205    .text.HAL_I2C_MspDeInit:0000000000000000 HAL_I2C_MspDeInit
     /tmp/ccdHTtMG.s:256    .text.HAL_I2C_MspDeInit:000000000000002c $d

UNDEFINED SYMBOLS
memset
HAL_GPIO_Init
HAL_GPIO_DeInit
