ARM GAS  /tmp/ccmNYei9.s 			page 1


   1              		.cpu cortex-m0
   2              		.arch armv6s-m
   3              		.fpu softvfp
   4              		.eabi_attribute 20, 1
   5              		.eabi_attribute 21, 1
   6              		.eabi_attribute 23, 3
   7              		.eabi_attribute 24, 1
   8              		.eabi_attribute 25, 1
   9              		.eabi_attribute 26, 1
  10              		.eabi_attribute 30, 1
  11              		.eabi_attribute 34, 0
  12              		.eabi_attribute 18, 4
  13              		.file	"stm32f0xx_hal.c"
  14              		.text
  15              	.Ltext0:
  16              		.cfi_sections	.debug_frame
  17              		.section	.text.HAL_MspInit,"ax",%progbits
  18              		.align	1
  19              		.weak	HAL_MspInit
  20              		.syntax unified
  21              		.code	16
  22              		.thumb_func
  24              	HAL_MspInit:
  25              	.LFB42:
  26              		.file 1 "Drivers/STM32F0xx_HAL_Driver/Src/stm32f0xx_hal.c"
   1:Drivers/STM32F0xx_HAL_Driver/Src/stm32f0xx_hal.c **** /**
   2:Drivers/STM32F0xx_HAL_Driver/Src/stm32f0xx_hal.c ****   ******************************************************************************
   3:Drivers/STM32F0xx_HAL_Driver/Src/stm32f0xx_hal.c ****   * @file    stm32f0xx_hal.c
   4:Drivers/STM32F0xx_HAL_Driver/Src/stm32f0xx_hal.c ****   * @author  MCD Application Team
   5:Drivers/STM32F0xx_HAL_Driver/Src/stm32f0xx_hal.c ****   * @brief   HAL module driver.
   6:Drivers/STM32F0xx_HAL_Driver/Src/stm32f0xx_hal.c ****   *          This is the common part of the HAL initialization
   7:Drivers/STM32F0xx_HAL_Driver/Src/stm32f0xx_hal.c ****   *
   8:Drivers/STM32F0xx_HAL_Driver/Src/stm32f0xx_hal.c ****   @verbatim
   9:Drivers/STM32F0xx_HAL_Driver/Src/stm32f0xx_hal.c ****   ==============================================================================
  10:Drivers/STM32F0xx_HAL_Driver/Src/stm32f0xx_hal.c ****                      ##### How to use this driver #####
  11:Drivers/STM32F0xx_HAL_Driver/Src/stm32f0xx_hal.c ****   ==============================================================================
  12:Drivers/STM32F0xx_HAL_Driver/Src/stm32f0xx_hal.c ****     [..]
  13:Drivers/STM32F0xx_HAL_Driver/Src/stm32f0xx_hal.c ****     The common HAL driver contains a set of generic and common APIs that can be
  14:Drivers/STM32F0xx_HAL_Driver/Src/stm32f0xx_hal.c ****     used by the PPP peripheral drivers and the user to start using the HAL. 
  15:Drivers/STM32F0xx_HAL_Driver/Src/stm32f0xx_hal.c ****     [..]
  16:Drivers/STM32F0xx_HAL_Driver/Src/stm32f0xx_hal.c ****     The HAL contains two APIs categories:
  17:Drivers/STM32F0xx_HAL_Driver/Src/stm32f0xx_hal.c ****          (+) HAL Initialization and de-initialization functions
  18:Drivers/STM32F0xx_HAL_Driver/Src/stm32f0xx_hal.c ****          (+) HAL Control functions
  19:Drivers/STM32F0xx_HAL_Driver/Src/stm32f0xx_hal.c **** 
  20:Drivers/STM32F0xx_HAL_Driver/Src/stm32f0xx_hal.c ****   @endverbatim
  21:Drivers/STM32F0xx_HAL_Driver/Src/stm32f0xx_hal.c ****   ******************************************************************************
  22:Drivers/STM32F0xx_HAL_Driver/Src/stm32f0xx_hal.c ****   * @attention
  23:Drivers/STM32F0xx_HAL_Driver/Src/stm32f0xx_hal.c ****   *
  24:Drivers/STM32F0xx_HAL_Driver/Src/stm32f0xx_hal.c ****   * <h2><center>&copy; Copyright (c) 2016 STMicroelectronics.
  25:Drivers/STM32F0xx_HAL_Driver/Src/stm32f0xx_hal.c ****   * All rights reserved.</center></h2>
  26:Drivers/STM32F0xx_HAL_Driver/Src/stm32f0xx_hal.c ****   *
  27:Drivers/STM32F0xx_HAL_Driver/Src/stm32f0xx_hal.c ****   * This software component is licensed by ST under BSD 3-Clause license,
  28:Drivers/STM32F0xx_HAL_Driver/Src/stm32f0xx_hal.c ****   * the "License"; You may not use this file except in compliance with the
  29:Drivers/STM32F0xx_HAL_Driver/Src/stm32f0xx_hal.c ****   * License. You may obtain a copy of the License at:
  30:Drivers/STM32F0xx_HAL_Driver/Src/stm32f0xx_hal.c ****   *                        opensource.org/licenses/BSD-3-Clause
  31:Drivers/STM32F0xx_HAL_Driver/Src/stm32f0xx_hal.c ****   *
  32:Drivers/STM32F0xx_HAL_Driver/Src/stm32f0xx_hal.c ****   ******************************************************************************
ARM GAS  /tmp/ccmNYei9.s 			page 2


  33:Drivers/STM32F0xx_HAL_Driver/Src/stm32f0xx_hal.c ****   */
  34:Drivers/STM32F0xx_HAL_Driver/Src/stm32f0xx_hal.c **** 
  35:Drivers/STM32F0xx_HAL_Driver/Src/stm32f0xx_hal.c **** /* Includes ------------------------------------------------------------------*/
  36:Drivers/STM32F0xx_HAL_Driver/Src/stm32f0xx_hal.c **** #include "stm32f0xx_hal.h"
  37:Drivers/STM32F0xx_HAL_Driver/Src/stm32f0xx_hal.c **** 
  38:Drivers/STM32F0xx_HAL_Driver/Src/stm32f0xx_hal.c **** /** @addtogroup STM32F0xx_HAL_Driver
  39:Drivers/STM32F0xx_HAL_Driver/Src/stm32f0xx_hal.c ****   * @{
  40:Drivers/STM32F0xx_HAL_Driver/Src/stm32f0xx_hal.c ****   */
  41:Drivers/STM32F0xx_HAL_Driver/Src/stm32f0xx_hal.c **** 
  42:Drivers/STM32F0xx_HAL_Driver/Src/stm32f0xx_hal.c **** /** @defgroup HAL HAL
  43:Drivers/STM32F0xx_HAL_Driver/Src/stm32f0xx_hal.c ****   * @brief HAL module driver.
  44:Drivers/STM32F0xx_HAL_Driver/Src/stm32f0xx_hal.c ****   * @{
  45:Drivers/STM32F0xx_HAL_Driver/Src/stm32f0xx_hal.c ****   */
  46:Drivers/STM32F0xx_HAL_Driver/Src/stm32f0xx_hal.c **** 
  47:Drivers/STM32F0xx_HAL_Driver/Src/stm32f0xx_hal.c **** #ifdef HAL_MODULE_ENABLED
  48:Drivers/STM32F0xx_HAL_Driver/Src/stm32f0xx_hal.c **** 
  49:Drivers/STM32F0xx_HAL_Driver/Src/stm32f0xx_hal.c **** /* Private typedef -----------------------------------------------------------*/
  50:Drivers/STM32F0xx_HAL_Driver/Src/stm32f0xx_hal.c **** /* Private define ------------------------------------------------------------*/
  51:Drivers/STM32F0xx_HAL_Driver/Src/stm32f0xx_hal.c **** /** @defgroup HAL_Private_Constants HAL Private Constants
  52:Drivers/STM32F0xx_HAL_Driver/Src/stm32f0xx_hal.c ****   * @{
  53:Drivers/STM32F0xx_HAL_Driver/Src/stm32f0xx_hal.c ****   */
  54:Drivers/STM32F0xx_HAL_Driver/Src/stm32f0xx_hal.c **** /** 
  55:Drivers/STM32F0xx_HAL_Driver/Src/stm32f0xx_hal.c ****   * @brief STM32F0xx HAL Driver version number V1.7.6
  56:Drivers/STM32F0xx_HAL_Driver/Src/stm32f0xx_hal.c ****   */
  57:Drivers/STM32F0xx_HAL_Driver/Src/stm32f0xx_hal.c **** #define __STM32F0xx_HAL_VERSION_MAIN   (0x01U) /*!< [31:24] main version */
  58:Drivers/STM32F0xx_HAL_Driver/Src/stm32f0xx_hal.c **** #define __STM32F0xx_HAL_VERSION_SUB1   (0x07U) /*!< [23:16] sub1 version */
  59:Drivers/STM32F0xx_HAL_Driver/Src/stm32f0xx_hal.c **** #define __STM32F0xx_HAL_VERSION_SUB2   (0x06U) /*!< [15:8]  sub2 version */
  60:Drivers/STM32F0xx_HAL_Driver/Src/stm32f0xx_hal.c **** #define __STM32F0xx_HAL_VERSION_RC     (0x00U) /*!< [7:0]  release candidate */ 
  61:Drivers/STM32F0xx_HAL_Driver/Src/stm32f0xx_hal.c **** #define __STM32F0xx_HAL_VERSION         ((__STM32F0xx_HAL_VERSION_MAIN << 24U)\
  62:Drivers/STM32F0xx_HAL_Driver/Src/stm32f0xx_hal.c ****                                         |(__STM32F0xx_HAL_VERSION_SUB1 << 16U)\
  63:Drivers/STM32F0xx_HAL_Driver/Src/stm32f0xx_hal.c ****                                         |(__STM32F0xx_HAL_VERSION_SUB2 << 8U )\
  64:Drivers/STM32F0xx_HAL_Driver/Src/stm32f0xx_hal.c ****                                         |(__STM32F0xx_HAL_VERSION_RC))
  65:Drivers/STM32F0xx_HAL_Driver/Src/stm32f0xx_hal.c **** 
  66:Drivers/STM32F0xx_HAL_Driver/Src/stm32f0xx_hal.c **** #define IDCODE_DEVID_MASK    (0x00000FFFU)
  67:Drivers/STM32F0xx_HAL_Driver/Src/stm32f0xx_hal.c **** /**
  68:Drivers/STM32F0xx_HAL_Driver/Src/stm32f0xx_hal.c ****   * @}
  69:Drivers/STM32F0xx_HAL_Driver/Src/stm32f0xx_hal.c ****   */
  70:Drivers/STM32F0xx_HAL_Driver/Src/stm32f0xx_hal.c **** 
  71:Drivers/STM32F0xx_HAL_Driver/Src/stm32f0xx_hal.c **** /* Private macro -------------------------------------------------------------*/
  72:Drivers/STM32F0xx_HAL_Driver/Src/stm32f0xx_hal.c **** /** @defgroup HAL_Private_Macros HAL Private Macros
  73:Drivers/STM32F0xx_HAL_Driver/Src/stm32f0xx_hal.c ****   * @{
  74:Drivers/STM32F0xx_HAL_Driver/Src/stm32f0xx_hal.c ****   */
  75:Drivers/STM32F0xx_HAL_Driver/Src/stm32f0xx_hal.c **** /**
  76:Drivers/STM32F0xx_HAL_Driver/Src/stm32f0xx_hal.c ****   * @}
  77:Drivers/STM32F0xx_HAL_Driver/Src/stm32f0xx_hal.c ****   */
  78:Drivers/STM32F0xx_HAL_Driver/Src/stm32f0xx_hal.c **** 
  79:Drivers/STM32F0xx_HAL_Driver/Src/stm32f0xx_hal.c **** /* Exported variables ---------------------------------------------------------*/
  80:Drivers/STM32F0xx_HAL_Driver/Src/stm32f0xx_hal.c **** /** @defgroup HAL_Private_Variables HAL Exported Variables
  81:Drivers/STM32F0xx_HAL_Driver/Src/stm32f0xx_hal.c ****   * @{
  82:Drivers/STM32F0xx_HAL_Driver/Src/stm32f0xx_hal.c ****   */
  83:Drivers/STM32F0xx_HAL_Driver/Src/stm32f0xx_hal.c **** __IO uint32_t uwTick;
  84:Drivers/STM32F0xx_HAL_Driver/Src/stm32f0xx_hal.c **** uint32_t uwTickPrio   = (1UL << __NVIC_PRIO_BITS); /* Invalid PRIO */
  85:Drivers/STM32F0xx_HAL_Driver/Src/stm32f0xx_hal.c **** HAL_TickFreqTypeDef uwTickFreq = HAL_TICK_FREQ_DEFAULT;  /* 1KHz */
  86:Drivers/STM32F0xx_HAL_Driver/Src/stm32f0xx_hal.c **** /**
  87:Drivers/STM32F0xx_HAL_Driver/Src/stm32f0xx_hal.c ****   * @}
  88:Drivers/STM32F0xx_HAL_Driver/Src/stm32f0xx_hal.c ****   */
  89:Drivers/STM32F0xx_HAL_Driver/Src/stm32f0xx_hal.c **** /* Private function prototypes -----------------------------------------------*/
ARM GAS  /tmp/ccmNYei9.s 			page 3


  90:Drivers/STM32F0xx_HAL_Driver/Src/stm32f0xx_hal.c **** /* Exported functions ---------------------------------------------------------*/
  91:Drivers/STM32F0xx_HAL_Driver/Src/stm32f0xx_hal.c **** 
  92:Drivers/STM32F0xx_HAL_Driver/Src/stm32f0xx_hal.c **** /** @defgroup HAL_Exported_Functions HAL Exported Functions
  93:Drivers/STM32F0xx_HAL_Driver/Src/stm32f0xx_hal.c ****   * @{
  94:Drivers/STM32F0xx_HAL_Driver/Src/stm32f0xx_hal.c ****   */
  95:Drivers/STM32F0xx_HAL_Driver/Src/stm32f0xx_hal.c **** 
  96:Drivers/STM32F0xx_HAL_Driver/Src/stm32f0xx_hal.c **** /** @defgroup HAL_Exported_Functions_Group1 Initialization and de-initialization Functions 
  97:Drivers/STM32F0xx_HAL_Driver/Src/stm32f0xx_hal.c ****   * @brief    Initialization and de-initialization functions
  98:Drivers/STM32F0xx_HAL_Driver/Src/stm32f0xx_hal.c ****   *
  99:Drivers/STM32F0xx_HAL_Driver/Src/stm32f0xx_hal.c **** @verbatim
 100:Drivers/STM32F0xx_HAL_Driver/Src/stm32f0xx_hal.c ****  ===============================================================================
 101:Drivers/STM32F0xx_HAL_Driver/Src/stm32f0xx_hal.c ****               ##### Initialization and de-initialization functions #####
 102:Drivers/STM32F0xx_HAL_Driver/Src/stm32f0xx_hal.c ****  ===============================================================================
 103:Drivers/STM32F0xx_HAL_Driver/Src/stm32f0xx_hal.c ****    [..]  This section provides functions allowing to:
 104:Drivers/STM32F0xx_HAL_Driver/Src/stm32f0xx_hal.c ****       (+) Initializes the Flash interface, the NVIC allocation and initial clock 
 105:Drivers/STM32F0xx_HAL_Driver/Src/stm32f0xx_hal.c ****           configuration. It initializes the systick also when timeout is needed
 106:Drivers/STM32F0xx_HAL_Driver/Src/stm32f0xx_hal.c ****           and the backup domain when enabled.
 107:Drivers/STM32F0xx_HAL_Driver/Src/stm32f0xx_hal.c ****       (+) de-Initializes common part of the HAL.
 108:Drivers/STM32F0xx_HAL_Driver/Src/stm32f0xx_hal.c ****       (+) Configure The time base source to have 1ms time base with a dedicated
 109:Drivers/STM32F0xx_HAL_Driver/Src/stm32f0xx_hal.c ****           Tick interrupt priority.
 110:Drivers/STM32F0xx_HAL_Driver/Src/stm32f0xx_hal.c ****         (++) SysTick timer is used by default as source of time base, but user
 111:Drivers/STM32F0xx_HAL_Driver/Src/stm32f0xx_hal.c ****              can eventually implement his proper time base source (a general purpose 
 112:Drivers/STM32F0xx_HAL_Driver/Src/stm32f0xx_hal.c ****              timer for example or other time source), keeping in mind that Time base 
 113:Drivers/STM32F0xx_HAL_Driver/Src/stm32f0xx_hal.c ****              duration should be kept 1ms since PPP_TIMEOUT_VALUEs are defined and 
 114:Drivers/STM32F0xx_HAL_Driver/Src/stm32f0xx_hal.c ****              handled in milliseconds basis.
 115:Drivers/STM32F0xx_HAL_Driver/Src/stm32f0xx_hal.c ****         (++) Time base configuration function (HAL_InitTick ()) is called automatically 
 116:Drivers/STM32F0xx_HAL_Driver/Src/stm32f0xx_hal.c ****              at the beginning of the program after reset by HAL_Init() or at any time 
 117:Drivers/STM32F0xx_HAL_Driver/Src/stm32f0xx_hal.c ****              when clock is configured, by HAL_RCC_ClockConfig(). 
 118:Drivers/STM32F0xx_HAL_Driver/Src/stm32f0xx_hal.c ****         (++) Source of time base is configured  to generate interrupts at regular 
 119:Drivers/STM32F0xx_HAL_Driver/Src/stm32f0xx_hal.c ****              time intervals. Care must be taken if HAL_Delay() is called from a 
 120:Drivers/STM32F0xx_HAL_Driver/Src/stm32f0xx_hal.c ****              peripheral ISR process, the Tick interrupt line must have higher priority 
 121:Drivers/STM32F0xx_HAL_Driver/Src/stm32f0xx_hal.c ****             (numerically lower) than the peripheral interrupt. Otherwise the caller 
 122:Drivers/STM32F0xx_HAL_Driver/Src/stm32f0xx_hal.c ****             ISR process will be blocked. 
 123:Drivers/STM32F0xx_HAL_Driver/Src/stm32f0xx_hal.c ****        (++) functions affecting time base configurations are declared as __Weak  
 124:Drivers/STM32F0xx_HAL_Driver/Src/stm32f0xx_hal.c ****              to make  override possible  in case of other  implementations in user file.
 125:Drivers/STM32F0xx_HAL_Driver/Src/stm32f0xx_hal.c ****  
 126:Drivers/STM32F0xx_HAL_Driver/Src/stm32f0xx_hal.c **** @endverbatim
 127:Drivers/STM32F0xx_HAL_Driver/Src/stm32f0xx_hal.c ****   * @{
 128:Drivers/STM32F0xx_HAL_Driver/Src/stm32f0xx_hal.c ****   */
 129:Drivers/STM32F0xx_HAL_Driver/Src/stm32f0xx_hal.c **** 
 130:Drivers/STM32F0xx_HAL_Driver/Src/stm32f0xx_hal.c **** /**
 131:Drivers/STM32F0xx_HAL_Driver/Src/stm32f0xx_hal.c ****   * @brief  This function configures the Flash prefetch,
 132:Drivers/STM32F0xx_HAL_Driver/Src/stm32f0xx_hal.c ****   *        Configures time base source, NVIC and Low level hardware
 133:Drivers/STM32F0xx_HAL_Driver/Src/stm32f0xx_hal.c ****   * @note This function is called at the beginning of program after reset and before 
 134:Drivers/STM32F0xx_HAL_Driver/Src/stm32f0xx_hal.c ****   *       the clock configuration
 135:Drivers/STM32F0xx_HAL_Driver/Src/stm32f0xx_hal.c ****   * @note The time base configuration is based on HSI clock when exiting from Reset.
 136:Drivers/STM32F0xx_HAL_Driver/Src/stm32f0xx_hal.c ****   *       Once done, time base tick start incrementing.
 137:Drivers/STM32F0xx_HAL_Driver/Src/stm32f0xx_hal.c ****   *       In the default implementation,Systick is used as source of time base.
 138:Drivers/STM32F0xx_HAL_Driver/Src/stm32f0xx_hal.c ****   *       The tick variable is incremented each 1ms in its ISR.
 139:Drivers/STM32F0xx_HAL_Driver/Src/stm32f0xx_hal.c ****   * @retval HAL status
 140:Drivers/STM32F0xx_HAL_Driver/Src/stm32f0xx_hal.c ****   */
 141:Drivers/STM32F0xx_HAL_Driver/Src/stm32f0xx_hal.c **** HAL_StatusTypeDef HAL_Init(void)
 142:Drivers/STM32F0xx_HAL_Driver/Src/stm32f0xx_hal.c **** {
 143:Drivers/STM32F0xx_HAL_Driver/Src/stm32f0xx_hal.c ****   /* Configure Flash prefetch */ 
 144:Drivers/STM32F0xx_HAL_Driver/Src/stm32f0xx_hal.c **** #if (PREFETCH_ENABLE != 0)
 145:Drivers/STM32F0xx_HAL_Driver/Src/stm32f0xx_hal.c ****   __HAL_FLASH_PREFETCH_BUFFER_ENABLE();
 146:Drivers/STM32F0xx_HAL_Driver/Src/stm32f0xx_hal.c **** #endif /* PREFETCH_ENABLE */
ARM GAS  /tmp/ccmNYei9.s 			page 4


 147:Drivers/STM32F0xx_HAL_Driver/Src/stm32f0xx_hal.c **** 
 148:Drivers/STM32F0xx_HAL_Driver/Src/stm32f0xx_hal.c ****   /* Use systick as time base source and configure 1ms tick (default clock after Reset is HSI) */
 149:Drivers/STM32F0xx_HAL_Driver/Src/stm32f0xx_hal.c **** 
 150:Drivers/STM32F0xx_HAL_Driver/Src/stm32f0xx_hal.c ****   HAL_InitTick(TICK_INT_PRIORITY);
 151:Drivers/STM32F0xx_HAL_Driver/Src/stm32f0xx_hal.c **** 
 152:Drivers/STM32F0xx_HAL_Driver/Src/stm32f0xx_hal.c ****   /* Init the low level hardware */
 153:Drivers/STM32F0xx_HAL_Driver/Src/stm32f0xx_hal.c ****   HAL_MspInit();
 154:Drivers/STM32F0xx_HAL_Driver/Src/stm32f0xx_hal.c **** 
 155:Drivers/STM32F0xx_HAL_Driver/Src/stm32f0xx_hal.c ****   /* Return function status */
 156:Drivers/STM32F0xx_HAL_Driver/Src/stm32f0xx_hal.c ****   return HAL_OK;
 157:Drivers/STM32F0xx_HAL_Driver/Src/stm32f0xx_hal.c **** }
 158:Drivers/STM32F0xx_HAL_Driver/Src/stm32f0xx_hal.c **** 
 159:Drivers/STM32F0xx_HAL_Driver/Src/stm32f0xx_hal.c **** /**
 160:Drivers/STM32F0xx_HAL_Driver/Src/stm32f0xx_hal.c ****   * @brief This function de-Initialize common part of the HAL and stops the SysTick
 161:Drivers/STM32F0xx_HAL_Driver/Src/stm32f0xx_hal.c ****   *        of time base.
 162:Drivers/STM32F0xx_HAL_Driver/Src/stm32f0xx_hal.c ****   * @note This function is optional.
 163:Drivers/STM32F0xx_HAL_Driver/Src/stm32f0xx_hal.c ****   * @retval HAL status
 164:Drivers/STM32F0xx_HAL_Driver/Src/stm32f0xx_hal.c ****   */
 165:Drivers/STM32F0xx_HAL_Driver/Src/stm32f0xx_hal.c **** HAL_StatusTypeDef HAL_DeInit(void)
 166:Drivers/STM32F0xx_HAL_Driver/Src/stm32f0xx_hal.c **** {
 167:Drivers/STM32F0xx_HAL_Driver/Src/stm32f0xx_hal.c ****   /* Reset of all peripherals */
 168:Drivers/STM32F0xx_HAL_Driver/Src/stm32f0xx_hal.c ****   __HAL_RCC_APB1_FORCE_RESET();
 169:Drivers/STM32F0xx_HAL_Driver/Src/stm32f0xx_hal.c ****   __HAL_RCC_APB1_RELEASE_RESET();
 170:Drivers/STM32F0xx_HAL_Driver/Src/stm32f0xx_hal.c **** 
 171:Drivers/STM32F0xx_HAL_Driver/Src/stm32f0xx_hal.c ****   __HAL_RCC_APB2_FORCE_RESET();
 172:Drivers/STM32F0xx_HAL_Driver/Src/stm32f0xx_hal.c ****   __HAL_RCC_APB2_RELEASE_RESET();
 173:Drivers/STM32F0xx_HAL_Driver/Src/stm32f0xx_hal.c **** 
 174:Drivers/STM32F0xx_HAL_Driver/Src/stm32f0xx_hal.c ****   __HAL_RCC_AHB_FORCE_RESET();
 175:Drivers/STM32F0xx_HAL_Driver/Src/stm32f0xx_hal.c ****   __HAL_RCC_AHB_RELEASE_RESET();
 176:Drivers/STM32F0xx_HAL_Driver/Src/stm32f0xx_hal.c **** 
 177:Drivers/STM32F0xx_HAL_Driver/Src/stm32f0xx_hal.c ****   /* De-Init the low level hardware */
 178:Drivers/STM32F0xx_HAL_Driver/Src/stm32f0xx_hal.c ****   HAL_MspDeInit();
 179:Drivers/STM32F0xx_HAL_Driver/Src/stm32f0xx_hal.c ****     
 180:Drivers/STM32F0xx_HAL_Driver/Src/stm32f0xx_hal.c ****   /* Return function status */
 181:Drivers/STM32F0xx_HAL_Driver/Src/stm32f0xx_hal.c ****   return HAL_OK;
 182:Drivers/STM32F0xx_HAL_Driver/Src/stm32f0xx_hal.c **** }
 183:Drivers/STM32F0xx_HAL_Driver/Src/stm32f0xx_hal.c **** 
 184:Drivers/STM32F0xx_HAL_Driver/Src/stm32f0xx_hal.c **** /**
 185:Drivers/STM32F0xx_HAL_Driver/Src/stm32f0xx_hal.c ****   * @brief  Initialize the MSP.
 186:Drivers/STM32F0xx_HAL_Driver/Src/stm32f0xx_hal.c ****   * @retval None
 187:Drivers/STM32F0xx_HAL_Driver/Src/stm32f0xx_hal.c ****   */
 188:Drivers/STM32F0xx_HAL_Driver/Src/stm32f0xx_hal.c **** __weak void HAL_MspInit(void)
 189:Drivers/STM32F0xx_HAL_Driver/Src/stm32f0xx_hal.c **** {
  27              		.loc 1 189 1 view -0
  28              		.cfi_startproc
  29              		@ args = 0, pretend = 0, frame = 0
  30              		@ frame_needed = 0, uses_anonymous_args = 0
  31              		@ link register save eliminated.
 190:Drivers/STM32F0xx_HAL_Driver/Src/stm32f0xx_hal.c ****   /* NOTE : This function should not be modified, when the callback is needed,
 191:Drivers/STM32F0xx_HAL_Driver/Src/stm32f0xx_hal.c ****             the HAL_MspInit could be implemented in the user file
 192:Drivers/STM32F0xx_HAL_Driver/Src/stm32f0xx_hal.c ****    */
 193:Drivers/STM32F0xx_HAL_Driver/Src/stm32f0xx_hal.c **** }
  32              		.loc 1 193 1 view .LVU1
  33              		@ sp needed
  34 0000 7047     		bx	lr
  35              		.cfi_endproc
  36              	.LFE42:
ARM GAS  /tmp/ccmNYei9.s 			page 5


  38              		.section	.text.HAL_MspDeInit,"ax",%progbits
  39              		.align	1
  40              		.weak	HAL_MspDeInit
  41              		.syntax unified
  42              		.code	16
  43              		.thumb_func
  45              	HAL_MspDeInit:
  46              	.LFB43:
 194:Drivers/STM32F0xx_HAL_Driver/Src/stm32f0xx_hal.c **** 
 195:Drivers/STM32F0xx_HAL_Driver/Src/stm32f0xx_hal.c **** /**
 196:Drivers/STM32F0xx_HAL_Driver/Src/stm32f0xx_hal.c ****   * @brief  DeInitializes the MSP.
 197:Drivers/STM32F0xx_HAL_Driver/Src/stm32f0xx_hal.c ****   * @retval None
 198:Drivers/STM32F0xx_HAL_Driver/Src/stm32f0xx_hal.c ****   */
 199:Drivers/STM32F0xx_HAL_Driver/Src/stm32f0xx_hal.c **** __weak void HAL_MspDeInit(void)
 200:Drivers/STM32F0xx_HAL_Driver/Src/stm32f0xx_hal.c **** {
  47              		.loc 1 200 1 view -0
  48              		.cfi_startproc
  49              		@ args = 0, pretend = 0, frame = 0
  50              		@ frame_needed = 0, uses_anonymous_args = 0
  51              		@ link register save eliminated.
 201:Drivers/STM32F0xx_HAL_Driver/Src/stm32f0xx_hal.c ****   /* NOTE : This function should not be modified, when the callback is needed,
 202:Drivers/STM32F0xx_HAL_Driver/Src/stm32f0xx_hal.c ****             the HAL_MspDeInit could be implemented in the user file
 203:Drivers/STM32F0xx_HAL_Driver/Src/stm32f0xx_hal.c ****    */
 204:Drivers/STM32F0xx_HAL_Driver/Src/stm32f0xx_hal.c **** }
  52              		.loc 1 204 1 view .LVU3
  53              		@ sp needed
  54 0000 7047     		bx	lr
  55              		.cfi_endproc
  56              	.LFE43:
  58              		.section	.text.HAL_DeInit,"ax",%progbits
  59              		.align	1
  60              		.global	HAL_DeInit
  61              		.syntax unified
  62              		.code	16
  63              		.thumb_func
  65              	HAL_DeInit:
  66              	.LFB41:
 166:Drivers/STM32F0xx_HAL_Driver/Src/stm32f0xx_hal.c ****   /* Reset of all peripherals */
  67              		.loc 1 166 1 view -0
  68              		.cfi_startproc
  69              		@ args = 0, pretend = 0, frame = 0
  70              		@ frame_needed = 0, uses_anonymous_args = 0
  71 0000 10B5     		push	{r4, lr}
  72              	.LCFI0:
  73              		.cfi_def_cfa_offset 8
  74              		.cfi_offset 4, -8
  75              		.cfi_offset 14, -4
 168:Drivers/STM32F0xx_HAL_Driver/Src/stm32f0xx_hal.c ****   __HAL_RCC_APB1_RELEASE_RESET();
  76              		.loc 1 168 3 view .LVU5
  77 0002 074B     		ldr	r3, .L4
  78 0004 0121     		movs	r1, #1
  79 0006 4942     		rsbs	r1, r1, #0
  80 0008 1961     		str	r1, [r3, #16]
 169:Drivers/STM32F0xx_HAL_Driver/Src/stm32f0xx_hal.c **** 
  81              		.loc 1 169 3 view .LVU6
  82 000a 0022     		movs	r2, #0
  83 000c 1A61     		str	r2, [r3, #16]
ARM GAS  /tmp/ccmNYei9.s 			page 6


 171:Drivers/STM32F0xx_HAL_Driver/Src/stm32f0xx_hal.c ****   __HAL_RCC_APB2_RELEASE_RESET();
  84              		.loc 1 171 3 view .LVU7
  85 000e D960     		str	r1, [r3, #12]
 172:Drivers/STM32F0xx_HAL_Driver/Src/stm32f0xx_hal.c **** 
  86              		.loc 1 172 3 view .LVU8
  87 0010 DA60     		str	r2, [r3, #12]
 174:Drivers/STM32F0xx_HAL_Driver/Src/stm32f0xx_hal.c ****   __HAL_RCC_AHB_RELEASE_RESET();
  88              		.loc 1 174 3 view .LVU9
  89 0012 9962     		str	r1, [r3, #40]
 175:Drivers/STM32F0xx_HAL_Driver/Src/stm32f0xx_hal.c **** 
  90              		.loc 1 175 3 view .LVU10
  91 0014 9A62     		str	r2, [r3, #40]
 178:Drivers/STM32F0xx_HAL_Driver/Src/stm32f0xx_hal.c ****     
  92              		.loc 1 178 3 view .LVU11
  93 0016 FFF7FEFF 		bl	HAL_MspDeInit
  94              	.LVL0:
 181:Drivers/STM32F0xx_HAL_Driver/Src/stm32f0xx_hal.c **** }
  95              		.loc 1 181 3 view .LVU12
 182:Drivers/STM32F0xx_HAL_Driver/Src/stm32f0xx_hal.c **** 
  96              		.loc 1 182 1 is_stmt 0 view .LVU13
  97 001a 0020     		movs	r0, #0
  98              		@ sp needed
  99 001c 10BD     		pop	{r4, pc}
 100              	.L5:
 101 001e C046     		.align	2
 102              	.L4:
 103 0020 00100240 		.word	1073876992
 104              		.cfi_endproc
 105              	.LFE41:
 107              		.global	__aeabi_uidiv
 108              		.section	.text.HAL_InitTick,"ax",%progbits
 109              		.align	1
 110              		.weak	HAL_InitTick
 111              		.syntax unified
 112              		.code	16
 113              		.thumb_func
 115              	HAL_InitTick:
 116              	.LVL1:
 117              	.LFB44:
 205:Drivers/STM32F0xx_HAL_Driver/Src/stm32f0xx_hal.c **** 
 206:Drivers/STM32F0xx_HAL_Driver/Src/stm32f0xx_hal.c **** /**
 207:Drivers/STM32F0xx_HAL_Driver/Src/stm32f0xx_hal.c ****   * @brief This function configures the source of the time base. 
 208:Drivers/STM32F0xx_HAL_Driver/Src/stm32f0xx_hal.c ****   *        The time source is configured  to have 1ms time base with a dedicated 
 209:Drivers/STM32F0xx_HAL_Driver/Src/stm32f0xx_hal.c ****   *        Tick interrupt priority.
 210:Drivers/STM32F0xx_HAL_Driver/Src/stm32f0xx_hal.c ****   * @note This function is called  automatically at the beginning of program after
 211:Drivers/STM32F0xx_HAL_Driver/Src/stm32f0xx_hal.c ****   *       reset by HAL_Init() or at any time when clock is reconfigured  by HAL_RCC_ClockConfig(). 
 212:Drivers/STM32F0xx_HAL_Driver/Src/stm32f0xx_hal.c ****   * @note In the default implementation, SysTick timer is the source of time base. 
 213:Drivers/STM32F0xx_HAL_Driver/Src/stm32f0xx_hal.c ****   *       It is used to generate interrupts at regular time intervals. 
 214:Drivers/STM32F0xx_HAL_Driver/Src/stm32f0xx_hal.c ****   *       Care must be taken if HAL_Delay() is called from a peripheral ISR process, 
 215:Drivers/STM32F0xx_HAL_Driver/Src/stm32f0xx_hal.c ****   *       The SysTick interrupt must have higher priority (numerically lower) 
 216:Drivers/STM32F0xx_HAL_Driver/Src/stm32f0xx_hal.c ****   *       than the peripheral interrupt. Otherwise the caller ISR process will be blocked.
 217:Drivers/STM32F0xx_HAL_Driver/Src/stm32f0xx_hal.c ****   *       The function is declared as __Weak  to be overwritten  in case of other
 218:Drivers/STM32F0xx_HAL_Driver/Src/stm32f0xx_hal.c ****   *       implementation  in user file.
 219:Drivers/STM32F0xx_HAL_Driver/Src/stm32f0xx_hal.c ****   * @param TickPriority Tick interrupt priority.
 220:Drivers/STM32F0xx_HAL_Driver/Src/stm32f0xx_hal.c ****   * @retval HAL status
 221:Drivers/STM32F0xx_HAL_Driver/Src/stm32f0xx_hal.c ****   */
 222:Drivers/STM32F0xx_HAL_Driver/Src/stm32f0xx_hal.c **** __weak HAL_StatusTypeDef HAL_InitTick(uint32_t TickPriority)
ARM GAS  /tmp/ccmNYei9.s 			page 7


 223:Drivers/STM32F0xx_HAL_Driver/Src/stm32f0xx_hal.c **** {
 118              		.loc 1 223 1 is_stmt 1 view -0
 119              		.cfi_startproc
 120              		@ args = 0, pretend = 0, frame = 0
 121              		@ frame_needed = 0, uses_anonymous_args = 0
 122              		.loc 1 223 1 is_stmt 0 view .LVU15
 123 0000 10B5     		push	{r4, lr}
 124              	.LCFI1:
 125              		.cfi_def_cfa_offset 8
 126              		.cfi_offset 4, -8
 127              		.cfi_offset 14, -4
 128 0002 0400     		movs	r4, r0
 224:Drivers/STM32F0xx_HAL_Driver/Src/stm32f0xx_hal.c ****   /*Configure the SysTick to have interrupt in 1ms time basis*/
 225:Drivers/STM32F0xx_HAL_Driver/Src/stm32f0xx_hal.c ****   if (HAL_SYSTICK_Config(SystemCoreClock / (1000U / uwTickFreq)) > 0U)
 129              		.loc 1 225 3 is_stmt 1 view .LVU16
 130              		.loc 1 225 51 is_stmt 0 view .LVU17
 131 0004 0F4B     		ldr	r3, .L11
 132 0006 1978     		ldrb	r1, [r3]
 133 0008 FA20     		movs	r0, #250
 134              	.LVL2:
 135              		.loc 1 225 51 view .LVU18
 136 000a 8000     		lsls	r0, r0, #2
 137 000c FFF7FEFF 		bl	__aeabi_uidiv
 138              	.LVL3:
 139 0010 0100     		movs	r1, r0
 140              		.loc 1 225 7 view .LVU19
 141 0012 0D4B     		ldr	r3, .L11+4
 142 0014 1868     		ldr	r0, [r3]
 143 0016 FFF7FEFF 		bl	__aeabi_uidiv
 144              	.LVL4:
 145 001a FFF7FEFF 		bl	HAL_SYSTICK_Config
 146              	.LVL5:
 147              		.loc 1 225 6 view .LVU20
 148 001e 0028     		cmp	r0, #0
 149 0020 0DD1     		bne	.L8
 226:Drivers/STM32F0xx_HAL_Driver/Src/stm32f0xx_hal.c ****   {
 227:Drivers/STM32F0xx_HAL_Driver/Src/stm32f0xx_hal.c ****     return HAL_ERROR;
 228:Drivers/STM32F0xx_HAL_Driver/Src/stm32f0xx_hal.c ****   }
 229:Drivers/STM32F0xx_HAL_Driver/Src/stm32f0xx_hal.c **** 
 230:Drivers/STM32F0xx_HAL_Driver/Src/stm32f0xx_hal.c ****   /* Configure the SysTick IRQ priority */
 231:Drivers/STM32F0xx_HAL_Driver/Src/stm32f0xx_hal.c ****   if (TickPriority < (1UL << __NVIC_PRIO_BITS))
 150              		.loc 1 231 3 is_stmt 1 view .LVU21
 151              		.loc 1 231 6 is_stmt 0 view .LVU22
 152 0022 032C     		cmp	r4, #3
 153 0024 01D9     		bls	.L10
 232:Drivers/STM32F0xx_HAL_Driver/Src/stm32f0xx_hal.c ****   {
 233:Drivers/STM32F0xx_HAL_Driver/Src/stm32f0xx_hal.c ****     HAL_NVIC_SetPriority(SysTick_IRQn, TickPriority, 0U);
 234:Drivers/STM32F0xx_HAL_Driver/Src/stm32f0xx_hal.c ****     uwTickPrio = TickPriority;
 235:Drivers/STM32F0xx_HAL_Driver/Src/stm32f0xx_hal.c ****   }
 236:Drivers/STM32F0xx_HAL_Driver/Src/stm32f0xx_hal.c ****   else
 237:Drivers/STM32F0xx_HAL_Driver/Src/stm32f0xx_hal.c ****   {
 238:Drivers/STM32F0xx_HAL_Driver/Src/stm32f0xx_hal.c ****     return HAL_ERROR;
 154              		.loc 1 238 12 view .LVU23
 155 0026 0120     		movs	r0, #1
 156 0028 0AE0     		b	.L7
 157              	.L10:
 233:Drivers/STM32F0xx_HAL_Driver/Src/stm32f0xx_hal.c ****     uwTickPrio = TickPriority;
ARM GAS  /tmp/ccmNYei9.s 			page 8


 158              		.loc 1 233 5 is_stmt 1 view .LVU24
 159 002a 0130     		adds	r0, r0, #1
 160 002c 0022     		movs	r2, #0
 161 002e 2100     		movs	r1, r4
 162 0030 4042     		rsbs	r0, r0, #0
 163 0032 FFF7FEFF 		bl	HAL_NVIC_SetPriority
 164              	.LVL6:
 234:Drivers/STM32F0xx_HAL_Driver/Src/stm32f0xx_hal.c ****   }
 165              		.loc 1 234 5 view .LVU25
 234:Drivers/STM32F0xx_HAL_Driver/Src/stm32f0xx_hal.c ****   }
 166              		.loc 1 234 16 is_stmt 0 view .LVU26
 167 0036 054B     		ldr	r3, .L11+8
 168 0038 1C60     		str	r4, [r3]
 239:Drivers/STM32F0xx_HAL_Driver/Src/stm32f0xx_hal.c ****   }
 240:Drivers/STM32F0xx_HAL_Driver/Src/stm32f0xx_hal.c **** 
 241:Drivers/STM32F0xx_HAL_Driver/Src/stm32f0xx_hal.c ****    /* Return function status */
 242:Drivers/STM32F0xx_HAL_Driver/Src/stm32f0xx_hal.c ****   return HAL_OK;
 169              		.loc 1 242 3 is_stmt 1 view .LVU27
 170              		.loc 1 242 10 is_stmt 0 view .LVU28
 171 003a 0020     		movs	r0, #0
 172 003c 00E0     		b	.L7
 173              	.L8:
 227:Drivers/STM32F0xx_HAL_Driver/Src/stm32f0xx_hal.c ****   }
 174              		.loc 1 227 12 view .LVU29
 175 003e 0120     		movs	r0, #1
 176              	.L7:
 243:Drivers/STM32F0xx_HAL_Driver/Src/stm32f0xx_hal.c **** }
 177              		.loc 1 243 1 view .LVU30
 178              		@ sp needed
 179              	.LVL7:
 180              		.loc 1 243 1 view .LVU31
 181 0040 10BD     		pop	{r4, pc}
 182              	.L12:
 183 0042 C046     		.align	2
 184              	.L11:
 185 0044 00000000 		.word	.LANCHOR0
 186 0048 00000000 		.word	SystemCoreClock
 187 004c 00000000 		.word	.LANCHOR1
 188              		.cfi_endproc
 189              	.LFE44:
 191              		.section	.text.HAL_Init,"ax",%progbits
 192              		.align	1
 193              		.global	HAL_Init
 194              		.syntax unified
 195              		.code	16
 196              		.thumb_func
 198              	HAL_Init:
 199              	.LFB40:
 142:Drivers/STM32F0xx_HAL_Driver/Src/stm32f0xx_hal.c ****   /* Configure Flash prefetch */ 
 200              		.loc 1 142 1 is_stmt 1 view -0
 201              		.cfi_startproc
 202              		@ args = 0, pretend = 0, frame = 0
 203              		@ frame_needed = 0, uses_anonymous_args = 0
 204 0000 10B5     		push	{r4, lr}
 205              	.LCFI2:
 206              		.cfi_def_cfa_offset 8
 207              		.cfi_offset 4, -8
ARM GAS  /tmp/ccmNYei9.s 			page 9


 208              		.cfi_offset 14, -4
 145:Drivers/STM32F0xx_HAL_Driver/Src/stm32f0xx_hal.c **** #endif /* PREFETCH_ENABLE */
 209              		.loc 1 145 3 view .LVU33
 210 0002 064A     		ldr	r2, .L14
 211 0004 1368     		ldr	r3, [r2]
 212 0006 1021     		movs	r1, #16
 213 0008 0B43     		orrs	r3, r1
 214 000a 1360     		str	r3, [r2]
 150:Drivers/STM32F0xx_HAL_Driver/Src/stm32f0xx_hal.c **** 
 215              		.loc 1 150 3 view .LVU34
 216 000c 0320     		movs	r0, #3
 217 000e FFF7FEFF 		bl	HAL_InitTick
 218              	.LVL8:
 153:Drivers/STM32F0xx_HAL_Driver/Src/stm32f0xx_hal.c **** 
 219              		.loc 1 153 3 view .LVU35
 220 0012 FFF7FEFF 		bl	HAL_MspInit
 221              	.LVL9:
 156:Drivers/STM32F0xx_HAL_Driver/Src/stm32f0xx_hal.c **** }
 222              		.loc 1 156 3 view .LVU36
 157:Drivers/STM32F0xx_HAL_Driver/Src/stm32f0xx_hal.c **** 
 223              		.loc 1 157 1 is_stmt 0 view .LVU37
 224 0016 0020     		movs	r0, #0
 225              		@ sp needed
 226 0018 10BD     		pop	{r4, pc}
 227              	.L15:
 228 001a C046     		.align	2
 229              	.L14:
 230 001c 00200240 		.word	1073881088
 231              		.cfi_endproc
 232              	.LFE40:
 234              		.section	.text.HAL_IncTick,"ax",%progbits
 235              		.align	1
 236              		.weak	HAL_IncTick
 237              		.syntax unified
 238              		.code	16
 239              		.thumb_func
 241              	HAL_IncTick:
 242              	.LFB45:
 244:Drivers/STM32F0xx_HAL_Driver/Src/stm32f0xx_hal.c **** 
 245:Drivers/STM32F0xx_HAL_Driver/Src/stm32f0xx_hal.c **** /**
 246:Drivers/STM32F0xx_HAL_Driver/Src/stm32f0xx_hal.c ****   * @}
 247:Drivers/STM32F0xx_HAL_Driver/Src/stm32f0xx_hal.c ****   */
 248:Drivers/STM32F0xx_HAL_Driver/Src/stm32f0xx_hal.c **** 
 249:Drivers/STM32F0xx_HAL_Driver/Src/stm32f0xx_hal.c **** /** @defgroup HAL_Exported_Functions_Group2 HAL Control functions 
 250:Drivers/STM32F0xx_HAL_Driver/Src/stm32f0xx_hal.c ****   * @brief    HAL Control functions
 251:Drivers/STM32F0xx_HAL_Driver/Src/stm32f0xx_hal.c ****   *
 252:Drivers/STM32F0xx_HAL_Driver/Src/stm32f0xx_hal.c **** @verbatim
 253:Drivers/STM32F0xx_HAL_Driver/Src/stm32f0xx_hal.c ****  ===============================================================================
 254:Drivers/STM32F0xx_HAL_Driver/Src/stm32f0xx_hal.c ****                       ##### HAL Control functions #####
 255:Drivers/STM32F0xx_HAL_Driver/Src/stm32f0xx_hal.c ****  ===============================================================================
 256:Drivers/STM32F0xx_HAL_Driver/Src/stm32f0xx_hal.c ****     [..]  This section provides functions allowing to:
 257:Drivers/STM32F0xx_HAL_Driver/Src/stm32f0xx_hal.c ****       (+) Provide a tick value in millisecond
 258:Drivers/STM32F0xx_HAL_Driver/Src/stm32f0xx_hal.c ****       (+) Provide a blocking delay in millisecond
 259:Drivers/STM32F0xx_HAL_Driver/Src/stm32f0xx_hal.c ****       (+) Suspend the time base source interrupt
 260:Drivers/STM32F0xx_HAL_Driver/Src/stm32f0xx_hal.c ****       (+) Resume the time base source interrupt
 261:Drivers/STM32F0xx_HAL_Driver/Src/stm32f0xx_hal.c ****       (+) Get the HAL API driver version
 262:Drivers/STM32F0xx_HAL_Driver/Src/stm32f0xx_hal.c ****       (+) Get the device identifier
ARM GAS  /tmp/ccmNYei9.s 			page 10


 263:Drivers/STM32F0xx_HAL_Driver/Src/stm32f0xx_hal.c ****       (+) Get the device revision identifier
 264:Drivers/STM32F0xx_HAL_Driver/Src/stm32f0xx_hal.c ****       (+) Enable/Disable Debug module during Sleep mode
 265:Drivers/STM32F0xx_HAL_Driver/Src/stm32f0xx_hal.c ****       (+) Enable/Disable Debug module during STOP mode
 266:Drivers/STM32F0xx_HAL_Driver/Src/stm32f0xx_hal.c ****       (+) Enable/Disable Debug module during STANDBY mode
 267:Drivers/STM32F0xx_HAL_Driver/Src/stm32f0xx_hal.c ****       
 268:Drivers/STM32F0xx_HAL_Driver/Src/stm32f0xx_hal.c **** @endverbatim
 269:Drivers/STM32F0xx_HAL_Driver/Src/stm32f0xx_hal.c ****   * @{
 270:Drivers/STM32F0xx_HAL_Driver/Src/stm32f0xx_hal.c ****   */
 271:Drivers/STM32F0xx_HAL_Driver/Src/stm32f0xx_hal.c **** 
 272:Drivers/STM32F0xx_HAL_Driver/Src/stm32f0xx_hal.c **** /**
 273:Drivers/STM32F0xx_HAL_Driver/Src/stm32f0xx_hal.c ****   * @brief This function is called to increment  a global variable "uwTick"
 274:Drivers/STM32F0xx_HAL_Driver/Src/stm32f0xx_hal.c ****   *        used as application time base.
 275:Drivers/STM32F0xx_HAL_Driver/Src/stm32f0xx_hal.c ****   * @note In the default implementation, this variable is incremented each 1ms
 276:Drivers/STM32F0xx_HAL_Driver/Src/stm32f0xx_hal.c ****   *       in SysTick ISR.
 277:Drivers/STM32F0xx_HAL_Driver/Src/stm32f0xx_hal.c ****   * @note This function is declared as __weak to be overwritten in case of other 
 278:Drivers/STM32F0xx_HAL_Driver/Src/stm32f0xx_hal.c ****   *       implementations in user file.
 279:Drivers/STM32F0xx_HAL_Driver/Src/stm32f0xx_hal.c ****   * @retval None
 280:Drivers/STM32F0xx_HAL_Driver/Src/stm32f0xx_hal.c ****   */
 281:Drivers/STM32F0xx_HAL_Driver/Src/stm32f0xx_hal.c **** __weak void HAL_IncTick(void)
 282:Drivers/STM32F0xx_HAL_Driver/Src/stm32f0xx_hal.c **** {
 243              		.loc 1 282 1 is_stmt 1 view -0
 244              		.cfi_startproc
 245              		@ args = 0, pretend = 0, frame = 0
 246              		@ frame_needed = 0, uses_anonymous_args = 0
 247              		@ link register save eliminated.
 283:Drivers/STM32F0xx_HAL_Driver/Src/stm32f0xx_hal.c ****   uwTick += uwTickFreq;
 248              		.loc 1 283 3 view .LVU39
 249              		.loc 1 283 10 is_stmt 0 view .LVU40
 250 0000 034A     		ldr	r2, .L17
 251 0002 1168     		ldr	r1, [r2]
 252 0004 034B     		ldr	r3, .L17+4
 253 0006 1B78     		ldrb	r3, [r3]
 254 0008 5B18     		adds	r3, r3, r1
 255 000a 1360     		str	r3, [r2]
 284:Drivers/STM32F0xx_HAL_Driver/Src/stm32f0xx_hal.c **** }
 256              		.loc 1 284 1 view .LVU41
 257              		@ sp needed
 258 000c 7047     		bx	lr
 259              	.L18:
 260 000e C046     		.align	2
 261              	.L17:
 262 0010 00000000 		.word	.LANCHOR2
 263 0014 00000000 		.word	.LANCHOR0
 264              		.cfi_endproc
 265              	.LFE45:
 267              		.section	.text.HAL_GetTick,"ax",%progbits
 268              		.align	1
 269              		.weak	HAL_GetTick
 270              		.syntax unified
 271              		.code	16
 272              		.thumb_func
 274              	HAL_GetTick:
 275              	.LFB46:
 285:Drivers/STM32F0xx_HAL_Driver/Src/stm32f0xx_hal.c **** 
 286:Drivers/STM32F0xx_HAL_Driver/Src/stm32f0xx_hal.c **** /**
 287:Drivers/STM32F0xx_HAL_Driver/Src/stm32f0xx_hal.c ****   * @brief  Provides a tick value in millisecond.
 288:Drivers/STM32F0xx_HAL_Driver/Src/stm32f0xx_hal.c ****   * @note   This function is declared as __weak  to be overwritten  in case of other 
ARM GAS  /tmp/ccmNYei9.s 			page 11


 289:Drivers/STM32F0xx_HAL_Driver/Src/stm32f0xx_hal.c ****   *       implementations in user file.
 290:Drivers/STM32F0xx_HAL_Driver/Src/stm32f0xx_hal.c ****   * @retval tick value
 291:Drivers/STM32F0xx_HAL_Driver/Src/stm32f0xx_hal.c ****   */
 292:Drivers/STM32F0xx_HAL_Driver/Src/stm32f0xx_hal.c **** __weak uint32_t HAL_GetTick(void)
 293:Drivers/STM32F0xx_HAL_Driver/Src/stm32f0xx_hal.c **** {
 276              		.loc 1 293 1 is_stmt 1 view -0
 277              		.cfi_startproc
 278              		@ args = 0, pretend = 0, frame = 0
 279              		@ frame_needed = 0, uses_anonymous_args = 0
 280              		@ link register save eliminated.
 294:Drivers/STM32F0xx_HAL_Driver/Src/stm32f0xx_hal.c ****   return uwTick;
 281              		.loc 1 294 3 view .LVU43
 282              		.loc 1 294 10 is_stmt 0 view .LVU44
 283 0000 014B     		ldr	r3, .L20
 284 0002 1868     		ldr	r0, [r3]
 295:Drivers/STM32F0xx_HAL_Driver/Src/stm32f0xx_hal.c **** }
 285              		.loc 1 295 1 view .LVU45
 286              		@ sp needed
 287 0004 7047     		bx	lr
 288              	.L21:
 289 0006 C046     		.align	2
 290              	.L20:
 291 0008 00000000 		.word	.LANCHOR2
 292              		.cfi_endproc
 293              	.LFE46:
 295              		.section	.text.HAL_GetTickPrio,"ax",%progbits
 296              		.align	1
 297              		.global	HAL_GetTickPrio
 298              		.syntax unified
 299              		.code	16
 300              		.thumb_func
 302              	HAL_GetTickPrio:
 303              	.LFB47:
 296:Drivers/STM32F0xx_HAL_Driver/Src/stm32f0xx_hal.c **** 
 297:Drivers/STM32F0xx_HAL_Driver/Src/stm32f0xx_hal.c **** /**
 298:Drivers/STM32F0xx_HAL_Driver/Src/stm32f0xx_hal.c ****   * @brief This function returns a tick priority.
 299:Drivers/STM32F0xx_HAL_Driver/Src/stm32f0xx_hal.c ****   * @retval tick priority
 300:Drivers/STM32F0xx_HAL_Driver/Src/stm32f0xx_hal.c ****   */
 301:Drivers/STM32F0xx_HAL_Driver/Src/stm32f0xx_hal.c **** uint32_t HAL_GetTickPrio(void)
 302:Drivers/STM32F0xx_HAL_Driver/Src/stm32f0xx_hal.c **** {
 304              		.loc 1 302 1 is_stmt 1 view -0
 305              		.cfi_startproc
 306              		@ args = 0, pretend = 0, frame = 0
 307              		@ frame_needed = 0, uses_anonymous_args = 0
 308              		@ link register save eliminated.
 303:Drivers/STM32F0xx_HAL_Driver/Src/stm32f0xx_hal.c ****   return uwTickPrio;
 309              		.loc 1 303 3 view .LVU47
 310              		.loc 1 303 10 is_stmt 0 view .LVU48
 311 0000 014B     		ldr	r3, .L23
 312 0002 1868     		ldr	r0, [r3]
 304:Drivers/STM32F0xx_HAL_Driver/Src/stm32f0xx_hal.c **** }
 313              		.loc 1 304 1 view .LVU49
 314              		@ sp needed
 315 0004 7047     		bx	lr
 316              	.L24:
 317 0006 C046     		.align	2
 318              	.L23:
ARM GAS  /tmp/ccmNYei9.s 			page 12


 319 0008 00000000 		.word	.LANCHOR1
 320              		.cfi_endproc
 321              	.LFE47:
 323              		.section	.rodata.HAL_SetTickFreq.str1.4,"aMS",%progbits,1
 324              		.align	2
 325              	.LC7:
 326 0000 44726976 		.ascii	"Drivers/STM32F0xx_HAL_Driver/Src/stm32f0xx_hal.c\000"
 326      6572732F 
 326      53544D33 
 326      32463078 
 326      785F4841 
 327              		.section	.text.HAL_SetTickFreq,"ax",%progbits
 328              		.align	1
 329              		.global	HAL_SetTickFreq
 330              		.syntax unified
 331              		.code	16
 332              		.thumb_func
 334              	HAL_SetTickFreq:
 335              	.LVL10:
 336              	.LFB48:
 305:Drivers/STM32F0xx_HAL_Driver/Src/stm32f0xx_hal.c **** 
 306:Drivers/STM32F0xx_HAL_Driver/Src/stm32f0xx_hal.c **** /**
 307:Drivers/STM32F0xx_HAL_Driver/Src/stm32f0xx_hal.c ****   * @brief Set new tick Freq.
 308:Drivers/STM32F0xx_HAL_Driver/Src/stm32f0xx_hal.c ****   * @retval status
 309:Drivers/STM32F0xx_HAL_Driver/Src/stm32f0xx_hal.c ****   */
 310:Drivers/STM32F0xx_HAL_Driver/Src/stm32f0xx_hal.c **** HAL_StatusTypeDef HAL_SetTickFreq(HAL_TickFreqTypeDef Freq)
 311:Drivers/STM32F0xx_HAL_Driver/Src/stm32f0xx_hal.c **** {
 337              		.loc 1 311 1 is_stmt 1 view -0
 338              		.cfi_startproc
 339              		@ args = 0, pretend = 0, frame = 0
 340              		@ frame_needed = 0, uses_anonymous_args = 0
 341              		.loc 1 311 1 is_stmt 0 view .LVU51
 342 0000 70B5     		push	{r4, r5, r6, lr}
 343              	.LCFI3:
 344              		.cfi_def_cfa_offset 16
 345              		.cfi_offset 4, -16
 346              		.cfi_offset 5, -12
 347              		.cfi_offset 6, -8
 348              		.cfi_offset 14, -4
 349 0002 0400     		movs	r4, r0
 312:Drivers/STM32F0xx_HAL_Driver/Src/stm32f0xx_hal.c ****   HAL_StatusTypeDef status  = HAL_OK;
 350              		.loc 1 312 3 is_stmt 1 view .LVU52
 351              	.LVL11:
 313:Drivers/STM32F0xx_HAL_Driver/Src/stm32f0xx_hal.c ****   HAL_TickFreqTypeDef prevTickFreq;
 352              		.loc 1 313 3 view .LVU53
 314:Drivers/STM32F0xx_HAL_Driver/Src/stm32f0xx_hal.c **** 
 315:Drivers/STM32F0xx_HAL_Driver/Src/stm32f0xx_hal.c ****   assert_param(IS_TICKFREQ(Freq));
 353              		.loc 1 315 3 view .LVU54
 354 0004 6428     		cmp	r0, #100
 355 0006 03D0     		beq	.L26
 356              		.loc 1 315 3 is_stmt 0 discriminator 1 view .LVU55
 357 0008 0A28     		cmp	r0, #10
 358 000a 01D0     		beq	.L26
 359              		.loc 1 315 3 discriminator 2 view .LVU56
 360 000c 0128     		cmp	r0, #1
 361 000e 05D1     		bne	.L29
 362              	.LVL12:
ARM GAS  /tmp/ccmNYei9.s 			page 13


 363              	.L26:
 316:Drivers/STM32F0xx_HAL_Driver/Src/stm32f0xx_hal.c **** 
 317:Drivers/STM32F0xx_HAL_Driver/Src/stm32f0xx_hal.c ****   if (uwTickFreq != Freq)
 364              		.loc 1 317 3 is_stmt 1 view .LVU57
 365              		.loc 1 317 18 is_stmt 0 view .LVU58
 366 0010 0A4B     		ldr	r3, .L31
 367 0012 1D78     		ldrb	r5, [r3]
 368              		.loc 1 317 6 view .LVU59
 369 0014 A542     		cmp	r5, r4
 370 0016 07D1     		bne	.L30
 312:Drivers/STM32F0xx_HAL_Driver/Src/stm32f0xx_hal.c ****   HAL_TickFreqTypeDef prevTickFreq;
 371              		.loc 1 312 21 view .LVU60
 372 0018 0020     		movs	r0, #0
 373              	.LVL13:
 374              	.L27:
 318:Drivers/STM32F0xx_HAL_Driver/Src/stm32f0xx_hal.c ****   {
 319:Drivers/STM32F0xx_HAL_Driver/Src/stm32f0xx_hal.c ****     /* Back up uwTickFreq frequency */
 320:Drivers/STM32F0xx_HAL_Driver/Src/stm32f0xx_hal.c ****     prevTickFreq = uwTickFreq;
 321:Drivers/STM32F0xx_HAL_Driver/Src/stm32f0xx_hal.c **** 
 322:Drivers/STM32F0xx_HAL_Driver/Src/stm32f0xx_hal.c ****     /* Update uwTickFreq global variable used by HAL_InitTick() */
 323:Drivers/STM32F0xx_HAL_Driver/Src/stm32f0xx_hal.c ****     uwTickFreq = Freq;
 324:Drivers/STM32F0xx_HAL_Driver/Src/stm32f0xx_hal.c **** 
 325:Drivers/STM32F0xx_HAL_Driver/Src/stm32f0xx_hal.c ****     /* Apply the new tick Freq */
 326:Drivers/STM32F0xx_HAL_Driver/Src/stm32f0xx_hal.c ****     status = HAL_InitTick(uwTickPrio);
 327:Drivers/STM32F0xx_HAL_Driver/Src/stm32f0xx_hal.c **** 
 328:Drivers/STM32F0xx_HAL_Driver/Src/stm32f0xx_hal.c ****     if (status != HAL_OK)
 329:Drivers/STM32F0xx_HAL_Driver/Src/stm32f0xx_hal.c ****     {
 330:Drivers/STM32F0xx_HAL_Driver/Src/stm32f0xx_hal.c ****       /* Restore previous tick frequency */
 331:Drivers/STM32F0xx_HAL_Driver/Src/stm32f0xx_hal.c ****       uwTickFreq = prevTickFreq;
 332:Drivers/STM32F0xx_HAL_Driver/Src/stm32f0xx_hal.c ****     }
 333:Drivers/STM32F0xx_HAL_Driver/Src/stm32f0xx_hal.c ****   }
 334:Drivers/STM32F0xx_HAL_Driver/Src/stm32f0xx_hal.c **** 
 335:Drivers/STM32F0xx_HAL_Driver/Src/stm32f0xx_hal.c ****   return status;
 375              		.loc 1 335 3 is_stmt 1 view .LVU61
 336:Drivers/STM32F0xx_HAL_Driver/Src/stm32f0xx_hal.c **** }
 376              		.loc 1 336 1 is_stmt 0 view .LVU62
 377              		@ sp needed
 378 001a 70BD     		pop	{r4, r5, r6, pc}
 379              	.LVL14:
 380              	.L29:
 315:Drivers/STM32F0xx_HAL_Driver/Src/stm32f0xx_hal.c **** 
 381              		.loc 1 315 3 discriminator 3 view .LVU63
 382 001c 3C21     		movs	r1, #60
 383 001e FF31     		adds	r1, r1, #255
 384 0020 0748     		ldr	r0, .L31+4
 385              	.LVL15:
 315:Drivers/STM32F0xx_HAL_Driver/Src/stm32f0xx_hal.c **** 
 386              		.loc 1 315 3 discriminator 3 view .LVU64
 387 0022 FFF7FEFF 		bl	assert_failed
 388              	.LVL16:
 389 0026 F3E7     		b	.L26
 390              	.L30:
 320:Drivers/STM32F0xx_HAL_Driver/Src/stm32f0xx_hal.c **** 
 391              		.loc 1 320 5 is_stmt 1 view .LVU65
 392              	.LVL17:
 323:Drivers/STM32F0xx_HAL_Driver/Src/stm32f0xx_hal.c **** 
 393              		.loc 1 323 5 view .LVU66
ARM GAS  /tmp/ccmNYei9.s 			page 14


 323:Drivers/STM32F0xx_HAL_Driver/Src/stm32f0xx_hal.c **** 
 394              		.loc 1 323 16 is_stmt 0 view .LVU67
 395 0028 1C70     		strb	r4, [r3]
 326:Drivers/STM32F0xx_HAL_Driver/Src/stm32f0xx_hal.c **** 
 396              		.loc 1 326 5 is_stmt 1 view .LVU68
 326:Drivers/STM32F0xx_HAL_Driver/Src/stm32f0xx_hal.c **** 
 397              		.loc 1 326 14 is_stmt 0 view .LVU69
 398 002a 064B     		ldr	r3, .L31+8
 399 002c 1868     		ldr	r0, [r3]
 400 002e FFF7FEFF 		bl	HAL_InitTick
 401              	.LVL18:
 328:Drivers/STM32F0xx_HAL_Driver/Src/stm32f0xx_hal.c ****     {
 402              		.loc 1 328 5 is_stmt 1 view .LVU70
 328:Drivers/STM32F0xx_HAL_Driver/Src/stm32f0xx_hal.c ****     {
 403              		.loc 1 328 8 is_stmt 0 view .LVU71
 404 0032 0028     		cmp	r0, #0
 405 0034 F1D0     		beq	.L27
 331:Drivers/STM32F0xx_HAL_Driver/Src/stm32f0xx_hal.c ****     }
 406              		.loc 1 331 7 is_stmt 1 view .LVU72
 331:Drivers/STM32F0xx_HAL_Driver/Src/stm32f0xx_hal.c ****     }
 407              		.loc 1 331 18 is_stmt 0 view .LVU73
 408 0036 014B     		ldr	r3, .L31
 409 0038 1D70     		strb	r5, [r3]
 410 003a EEE7     		b	.L27
 411              	.L32:
 412              		.align	2
 413              	.L31:
 414 003c 00000000 		.word	.LANCHOR0
 415 0040 00000000 		.word	.LC7
 416 0044 00000000 		.word	.LANCHOR1
 417              		.cfi_endproc
 418              	.LFE48:
 420              		.section	.text.HAL_GetTickFreq,"ax",%progbits
 421              		.align	1
 422              		.global	HAL_GetTickFreq
 423              		.syntax unified
 424              		.code	16
 425              		.thumb_func
 427              	HAL_GetTickFreq:
 428              	.LFB49:
 337:Drivers/STM32F0xx_HAL_Driver/Src/stm32f0xx_hal.c **** 
 338:Drivers/STM32F0xx_HAL_Driver/Src/stm32f0xx_hal.c **** /**
 339:Drivers/STM32F0xx_HAL_Driver/Src/stm32f0xx_hal.c ****   * @brief return tick frequency.
 340:Drivers/STM32F0xx_HAL_Driver/Src/stm32f0xx_hal.c ****   * @retval tick period in Hz
 341:Drivers/STM32F0xx_HAL_Driver/Src/stm32f0xx_hal.c ****   */
 342:Drivers/STM32F0xx_HAL_Driver/Src/stm32f0xx_hal.c **** HAL_TickFreqTypeDef HAL_GetTickFreq(void)
 343:Drivers/STM32F0xx_HAL_Driver/Src/stm32f0xx_hal.c **** {
 429              		.loc 1 343 1 is_stmt 1 view -0
 430              		.cfi_startproc
 431              		@ args = 0, pretend = 0, frame = 0
 432              		@ frame_needed = 0, uses_anonymous_args = 0
 433              		@ link register save eliminated.
 344:Drivers/STM32F0xx_HAL_Driver/Src/stm32f0xx_hal.c ****   return uwTickFreq;
 434              		.loc 1 344 3 view .LVU75
 435              		.loc 1 344 10 is_stmt 0 view .LVU76
 436 0000 014B     		ldr	r3, .L34
 437 0002 1878     		ldrb	r0, [r3]
ARM GAS  /tmp/ccmNYei9.s 			page 15


 345:Drivers/STM32F0xx_HAL_Driver/Src/stm32f0xx_hal.c **** }
 438              		.loc 1 345 1 view .LVU77
 439              		@ sp needed
 440 0004 7047     		bx	lr
 441              	.L35:
 442 0006 C046     		.align	2
 443              	.L34:
 444 0008 00000000 		.word	.LANCHOR0
 445              		.cfi_endproc
 446              	.LFE49:
 448              		.section	.text.HAL_Delay,"ax",%progbits
 449              		.align	1
 450              		.weak	HAL_Delay
 451              		.syntax unified
 452              		.code	16
 453              		.thumb_func
 455              	HAL_Delay:
 456              	.LVL19:
 457              	.LFB50:
 346:Drivers/STM32F0xx_HAL_Driver/Src/stm32f0xx_hal.c **** 
 347:Drivers/STM32F0xx_HAL_Driver/Src/stm32f0xx_hal.c **** /**
 348:Drivers/STM32F0xx_HAL_Driver/Src/stm32f0xx_hal.c ****   * @brief This function provides accurate delay (in milliseconds) based 
 349:Drivers/STM32F0xx_HAL_Driver/Src/stm32f0xx_hal.c ****   *        on variable incremented.
 350:Drivers/STM32F0xx_HAL_Driver/Src/stm32f0xx_hal.c ****   * @note In the default implementation , SysTick timer is the source of time base.
 351:Drivers/STM32F0xx_HAL_Driver/Src/stm32f0xx_hal.c ****   *       It is used to generate interrupts at regular time intervals where uwTick
 352:Drivers/STM32F0xx_HAL_Driver/Src/stm32f0xx_hal.c ****   *       is incremented.
 353:Drivers/STM32F0xx_HAL_Driver/Src/stm32f0xx_hal.c ****   * @note ThiS function is declared as __weak to be overwritten in case of other
 354:Drivers/STM32F0xx_HAL_Driver/Src/stm32f0xx_hal.c ****   *       implementations in user file.
 355:Drivers/STM32F0xx_HAL_Driver/Src/stm32f0xx_hal.c ****   * @param Delay specifies the delay time length, in milliseconds.
 356:Drivers/STM32F0xx_HAL_Driver/Src/stm32f0xx_hal.c ****   * @retval None
 357:Drivers/STM32F0xx_HAL_Driver/Src/stm32f0xx_hal.c ****   */
 358:Drivers/STM32F0xx_HAL_Driver/Src/stm32f0xx_hal.c **** __weak void HAL_Delay(uint32_t Delay)
 359:Drivers/STM32F0xx_HAL_Driver/Src/stm32f0xx_hal.c **** {
 458              		.loc 1 359 1 is_stmt 1 view -0
 459              		.cfi_startproc
 460              		@ args = 0, pretend = 0, frame = 0
 461              		@ frame_needed = 0, uses_anonymous_args = 0
 462              		.loc 1 359 1 is_stmt 0 view .LVU79
 463 0000 70B5     		push	{r4, r5, r6, lr}
 464              	.LCFI4:
 465              		.cfi_def_cfa_offset 16
 466              		.cfi_offset 4, -16
 467              		.cfi_offset 5, -12
 468              		.cfi_offset 6, -8
 469              		.cfi_offset 14, -4
 470 0002 0400     		movs	r4, r0
 360:Drivers/STM32F0xx_HAL_Driver/Src/stm32f0xx_hal.c ****   uint32_t tickstart = HAL_GetTick();
 471              		.loc 1 360 3 is_stmt 1 view .LVU80
 472              		.loc 1 360 24 is_stmt 0 view .LVU81
 473 0004 FFF7FEFF 		bl	HAL_GetTick
 474              	.LVL20:
 475              		.loc 1 360 24 view .LVU82
 476 0008 0500     		movs	r5, r0
 477              	.LVL21:
 361:Drivers/STM32F0xx_HAL_Driver/Src/stm32f0xx_hal.c ****   uint32_t wait = Delay;
 478              		.loc 1 361 3 is_stmt 1 view .LVU83
 362:Drivers/STM32F0xx_HAL_Driver/Src/stm32f0xx_hal.c ****   
ARM GAS  /tmp/ccmNYei9.s 			page 16


 363:Drivers/STM32F0xx_HAL_Driver/Src/stm32f0xx_hal.c ****   /* Add a freq to guarantee minimum wait */
 364:Drivers/STM32F0xx_HAL_Driver/Src/stm32f0xx_hal.c ****   if (wait < HAL_MAX_DELAY)
 479              		.loc 1 364 3 view .LVU84
 480              		.loc 1 364 6 is_stmt 0 view .LVU85
 481 000a 631C     		adds	r3, r4, #1
 482 000c 02D0     		beq	.L38
 365:Drivers/STM32F0xx_HAL_Driver/Src/stm32f0xx_hal.c ****   {
 366:Drivers/STM32F0xx_HAL_Driver/Src/stm32f0xx_hal.c ****     wait += (uint32_t)(uwTickFreq);
 483              		.loc 1 366 5 is_stmt 1 view .LVU86
 484              		.loc 1 366 13 is_stmt 0 view .LVU87
 485 000e 044B     		ldr	r3, .L39
 486 0010 1B78     		ldrb	r3, [r3]
 487              		.loc 1 366 10 view .LVU88
 488 0012 E418     		adds	r4, r4, r3
 489              	.LVL22:
 490              	.L38:
 367:Drivers/STM32F0xx_HAL_Driver/Src/stm32f0xx_hal.c ****   }
 368:Drivers/STM32F0xx_HAL_Driver/Src/stm32f0xx_hal.c ****   
 369:Drivers/STM32F0xx_HAL_Driver/Src/stm32f0xx_hal.c ****   while((HAL_GetTick() - tickstart) < wait)
 370:Drivers/STM32F0xx_HAL_Driver/Src/stm32f0xx_hal.c ****   {
 371:Drivers/STM32F0xx_HAL_Driver/Src/stm32f0xx_hal.c ****   }
 491              		.loc 1 371 3 is_stmt 1 discriminator 1 view .LVU89
 369:Drivers/STM32F0xx_HAL_Driver/Src/stm32f0xx_hal.c ****   {
 492              		.loc 1 369 8 discriminator 1 view .LVU90
 369:Drivers/STM32F0xx_HAL_Driver/Src/stm32f0xx_hal.c ****   {
 493              		.loc 1 369 10 is_stmt 0 discriminator 1 view .LVU91
 494 0014 FFF7FEFF 		bl	HAL_GetTick
 495              	.LVL23:
 369:Drivers/STM32F0xx_HAL_Driver/Src/stm32f0xx_hal.c ****   {
 496              		.loc 1 369 24 discriminator 1 view .LVU92
 497 0018 401B     		subs	r0, r0, r5
 369:Drivers/STM32F0xx_HAL_Driver/Src/stm32f0xx_hal.c ****   {
 498              		.loc 1 369 8 discriminator 1 view .LVU93
 499 001a A042     		cmp	r0, r4
 500 001c FAD3     		bcc	.L38
 372:Drivers/STM32F0xx_HAL_Driver/Src/stm32f0xx_hal.c **** }
 501              		.loc 1 372 1 view .LVU94
 502              		@ sp needed
 503              	.LVL24:
 504              	.LVL25:
 505              		.loc 1 372 1 view .LVU95
 506 001e 70BD     		pop	{r4, r5, r6, pc}
 507              	.L40:
 508              		.align	2
 509              	.L39:
 510 0020 00000000 		.word	.LANCHOR0
 511              		.cfi_endproc
 512              	.LFE50:
 514              		.section	.text.HAL_SuspendTick,"ax",%progbits
 515              		.align	1
 516              		.weak	HAL_SuspendTick
 517              		.syntax unified
 518              		.code	16
 519              		.thumb_func
 521              	HAL_SuspendTick:
 522              	.LFB51:
 373:Drivers/STM32F0xx_HAL_Driver/Src/stm32f0xx_hal.c **** 
ARM GAS  /tmp/ccmNYei9.s 			page 17


 374:Drivers/STM32F0xx_HAL_Driver/Src/stm32f0xx_hal.c **** /**
 375:Drivers/STM32F0xx_HAL_Driver/Src/stm32f0xx_hal.c ****   * @brief Suspend Tick increment.
 376:Drivers/STM32F0xx_HAL_Driver/Src/stm32f0xx_hal.c ****   * @note In the default implementation , SysTick timer is the source of time base. It is
 377:Drivers/STM32F0xx_HAL_Driver/Src/stm32f0xx_hal.c ****   *       used to generate interrupts at regular time intervals. Once HAL_SuspendTick()
 378:Drivers/STM32F0xx_HAL_Driver/Src/stm32f0xx_hal.c ****   *       is called, the the SysTick interrupt will be disabled and so Tick increment 
 379:Drivers/STM32F0xx_HAL_Driver/Src/stm32f0xx_hal.c ****   *       is suspended.
 380:Drivers/STM32F0xx_HAL_Driver/Src/stm32f0xx_hal.c ****   * @note This function is declared as __weak to be overwritten in case of other
 381:Drivers/STM32F0xx_HAL_Driver/Src/stm32f0xx_hal.c ****   *       implementations in user file.
 382:Drivers/STM32F0xx_HAL_Driver/Src/stm32f0xx_hal.c ****   * @retval None
 383:Drivers/STM32F0xx_HAL_Driver/Src/stm32f0xx_hal.c ****   */
 384:Drivers/STM32F0xx_HAL_Driver/Src/stm32f0xx_hal.c **** __weak void HAL_SuspendTick(void)
 385:Drivers/STM32F0xx_HAL_Driver/Src/stm32f0xx_hal.c **** 
 386:Drivers/STM32F0xx_HAL_Driver/Src/stm32f0xx_hal.c **** {
 523              		.loc 1 386 1 is_stmt 1 view -0
 524              		.cfi_startproc
 525              		@ args = 0, pretend = 0, frame = 0
 526              		@ frame_needed = 0, uses_anonymous_args = 0
 527              		@ link register save eliminated.
 387:Drivers/STM32F0xx_HAL_Driver/Src/stm32f0xx_hal.c ****   /* Disable SysTick Interrupt */
 388:Drivers/STM32F0xx_HAL_Driver/Src/stm32f0xx_hal.c ****   CLEAR_BIT(SysTick->CTRL,SysTick_CTRL_TICKINT_Msk);
 528              		.loc 1 388 3 view .LVU97
 529 0000 024A     		ldr	r2, .L42
 530 0002 1368     		ldr	r3, [r2]
 531 0004 0221     		movs	r1, #2
 532 0006 8B43     		bics	r3, r1
 533 0008 1360     		str	r3, [r2]
 389:Drivers/STM32F0xx_HAL_Driver/Src/stm32f0xx_hal.c **** }
 534              		.loc 1 389 1 is_stmt 0 view .LVU98
 535              		@ sp needed
 536 000a 7047     		bx	lr
 537              	.L43:
 538              		.align	2
 539              	.L42:
 540 000c 10E000E0 		.word	-536813552
 541              		.cfi_endproc
 542              	.LFE51:
 544              		.section	.text.HAL_ResumeTick,"ax",%progbits
 545              		.align	1
 546              		.weak	HAL_ResumeTick
 547              		.syntax unified
 548              		.code	16
 549              		.thumb_func
 551              	HAL_ResumeTick:
 552              	.LFB52:
 390:Drivers/STM32F0xx_HAL_Driver/Src/stm32f0xx_hal.c **** 
 391:Drivers/STM32F0xx_HAL_Driver/Src/stm32f0xx_hal.c **** /**
 392:Drivers/STM32F0xx_HAL_Driver/Src/stm32f0xx_hal.c ****   * @brief Resume Tick increment.
 393:Drivers/STM32F0xx_HAL_Driver/Src/stm32f0xx_hal.c ****   * @note In the default implementation , SysTick timer is the source of time base. It is
 394:Drivers/STM32F0xx_HAL_Driver/Src/stm32f0xx_hal.c ****   *       used to generate interrupts at regular time intervals. Once HAL_ResumeTick()
 395:Drivers/STM32F0xx_HAL_Driver/Src/stm32f0xx_hal.c ****   *       is called, the the SysTick interrupt will be enabled and so Tick increment 
 396:Drivers/STM32F0xx_HAL_Driver/Src/stm32f0xx_hal.c ****   *       is resumed.
 397:Drivers/STM32F0xx_HAL_Driver/Src/stm32f0xx_hal.c ****   * @note This function is declared as __weak  to be overwritten  in case of other
 398:Drivers/STM32F0xx_HAL_Driver/Src/stm32f0xx_hal.c ****   *       implementations in user file.
 399:Drivers/STM32F0xx_HAL_Driver/Src/stm32f0xx_hal.c ****   * @retval None
 400:Drivers/STM32F0xx_HAL_Driver/Src/stm32f0xx_hal.c ****   */
 401:Drivers/STM32F0xx_HAL_Driver/Src/stm32f0xx_hal.c **** __weak void HAL_ResumeTick(void)
 402:Drivers/STM32F0xx_HAL_Driver/Src/stm32f0xx_hal.c **** {
ARM GAS  /tmp/ccmNYei9.s 			page 18


 553              		.loc 1 402 1 is_stmt 1 view -0
 554              		.cfi_startproc
 555              		@ args = 0, pretend = 0, frame = 0
 556              		@ frame_needed = 0, uses_anonymous_args = 0
 557              		@ link register save eliminated.
 403:Drivers/STM32F0xx_HAL_Driver/Src/stm32f0xx_hal.c ****   /* Enable SysTick Interrupt */
 404:Drivers/STM32F0xx_HAL_Driver/Src/stm32f0xx_hal.c ****   SET_BIT(SysTick->CTRL,SysTick_CTRL_TICKINT_Msk);
 558              		.loc 1 404 3 view .LVU100
 559 0000 024A     		ldr	r2, .L45
 560 0002 1368     		ldr	r3, [r2]
 561 0004 0221     		movs	r1, #2
 562 0006 0B43     		orrs	r3, r1
 563 0008 1360     		str	r3, [r2]
 405:Drivers/STM32F0xx_HAL_Driver/Src/stm32f0xx_hal.c **** }
 564              		.loc 1 405 1 is_stmt 0 view .LVU101
 565              		@ sp needed
 566 000a 7047     		bx	lr
 567              	.L46:
 568              		.align	2
 569              	.L45:
 570 000c 10E000E0 		.word	-536813552
 571              		.cfi_endproc
 572              	.LFE52:
 574              		.section	.text.HAL_GetHalVersion,"ax",%progbits
 575              		.align	1
 576              		.global	HAL_GetHalVersion
 577              		.syntax unified
 578              		.code	16
 579              		.thumb_func
 581              	HAL_GetHalVersion:
 582              	.LFB53:
 406:Drivers/STM32F0xx_HAL_Driver/Src/stm32f0xx_hal.c **** 
 407:Drivers/STM32F0xx_HAL_Driver/Src/stm32f0xx_hal.c **** /**
 408:Drivers/STM32F0xx_HAL_Driver/Src/stm32f0xx_hal.c ****   * @brief  This method returns the HAL revision
 409:Drivers/STM32F0xx_HAL_Driver/Src/stm32f0xx_hal.c ****   * @retval version 0xXYZR (8bits for each decimal, R for RC)
 410:Drivers/STM32F0xx_HAL_Driver/Src/stm32f0xx_hal.c ****   */
 411:Drivers/STM32F0xx_HAL_Driver/Src/stm32f0xx_hal.c **** uint32_t HAL_GetHalVersion(void)
 412:Drivers/STM32F0xx_HAL_Driver/Src/stm32f0xx_hal.c **** {
 583              		.loc 1 412 1 is_stmt 1 view -0
 584              		.cfi_startproc
 585              		@ args = 0, pretend = 0, frame = 0
 586              		@ frame_needed = 0, uses_anonymous_args = 0
 587              		@ link register save eliminated.
 413:Drivers/STM32F0xx_HAL_Driver/Src/stm32f0xx_hal.c ****  return __STM32F0xx_HAL_VERSION;
 588              		.loc 1 413 2 view .LVU103
 414:Drivers/STM32F0xx_HAL_Driver/Src/stm32f0xx_hal.c **** }
 589              		.loc 1 414 1 is_stmt 0 view .LVU104
 590 0000 0048     		ldr	r0, .L48
 591              		@ sp needed
 592 0002 7047     		bx	lr
 593              	.L49:
 594              		.align	2
 595              	.L48:
 596 0004 00060701 		.word	17237504
 597              		.cfi_endproc
 598              	.LFE53:
 600              		.section	.text.HAL_GetREVID,"ax",%progbits
ARM GAS  /tmp/ccmNYei9.s 			page 19


 601              		.align	1
 602              		.global	HAL_GetREVID
 603              		.syntax unified
 604              		.code	16
 605              		.thumb_func
 607              	HAL_GetREVID:
 608              	.LFB54:
 415:Drivers/STM32F0xx_HAL_Driver/Src/stm32f0xx_hal.c **** 
 416:Drivers/STM32F0xx_HAL_Driver/Src/stm32f0xx_hal.c **** /**
 417:Drivers/STM32F0xx_HAL_Driver/Src/stm32f0xx_hal.c ****   * @brief  Returns the device revision identifier.
 418:Drivers/STM32F0xx_HAL_Driver/Src/stm32f0xx_hal.c ****   * @retval Device revision identifier
 419:Drivers/STM32F0xx_HAL_Driver/Src/stm32f0xx_hal.c ****   */
 420:Drivers/STM32F0xx_HAL_Driver/Src/stm32f0xx_hal.c **** uint32_t HAL_GetREVID(void)
 421:Drivers/STM32F0xx_HAL_Driver/Src/stm32f0xx_hal.c **** {
 609              		.loc 1 421 1 is_stmt 1 view -0
 610              		.cfi_startproc
 611              		@ args = 0, pretend = 0, frame = 0
 612              		@ frame_needed = 0, uses_anonymous_args = 0
 613              		@ link register save eliminated.
 422:Drivers/STM32F0xx_HAL_Driver/Src/stm32f0xx_hal.c ****    return((DBGMCU->IDCODE) >> 16U);
 614              		.loc 1 422 4 view .LVU106
 615              		.loc 1 422 18 is_stmt 0 view .LVU107
 616 0000 014B     		ldr	r3, .L51
 617 0002 1868     		ldr	r0, [r3]
 618              		.loc 1 422 28 view .LVU108
 619 0004 000C     		lsrs	r0, r0, #16
 423:Drivers/STM32F0xx_HAL_Driver/Src/stm32f0xx_hal.c **** }
 620              		.loc 1 423 1 view .LVU109
 621              		@ sp needed
 622 0006 7047     		bx	lr
 623              	.L52:
 624              		.align	2
 625              	.L51:
 626 0008 00580140 		.word	1073829888
 627              		.cfi_endproc
 628              	.LFE54:
 630              		.section	.text.HAL_GetDEVID,"ax",%progbits
 631              		.align	1
 632              		.global	HAL_GetDEVID
 633              		.syntax unified
 634              		.code	16
 635              		.thumb_func
 637              	HAL_GetDEVID:
 638              	.LFB55:
 424:Drivers/STM32F0xx_HAL_Driver/Src/stm32f0xx_hal.c **** 
 425:Drivers/STM32F0xx_HAL_Driver/Src/stm32f0xx_hal.c **** /**
 426:Drivers/STM32F0xx_HAL_Driver/Src/stm32f0xx_hal.c ****   * @brief  Returns the device identifier.
 427:Drivers/STM32F0xx_HAL_Driver/Src/stm32f0xx_hal.c ****   * @retval Device identifier
 428:Drivers/STM32F0xx_HAL_Driver/Src/stm32f0xx_hal.c ****   */
 429:Drivers/STM32F0xx_HAL_Driver/Src/stm32f0xx_hal.c **** uint32_t HAL_GetDEVID(void)
 430:Drivers/STM32F0xx_HAL_Driver/Src/stm32f0xx_hal.c **** {
 639              		.loc 1 430 1 is_stmt 1 view -0
 640              		.cfi_startproc
 641              		@ args = 0, pretend = 0, frame = 0
 642              		@ frame_needed = 0, uses_anonymous_args = 0
 643              		@ link register save eliminated.
 431:Drivers/STM32F0xx_HAL_Driver/Src/stm32f0xx_hal.c ****    return((DBGMCU->IDCODE) & IDCODE_DEVID_MASK);
ARM GAS  /tmp/ccmNYei9.s 			page 20


 644              		.loc 1 431 4 view .LVU111
 645              		.loc 1 431 18 is_stmt 0 view .LVU112
 646 0000 024B     		ldr	r3, .L54
 647 0002 1868     		ldr	r0, [r3]
 648              		.loc 1 431 28 view .LVU113
 649 0004 0005     		lsls	r0, r0, #20
 650 0006 000D     		lsrs	r0, r0, #20
 432:Drivers/STM32F0xx_HAL_Driver/Src/stm32f0xx_hal.c **** }
 651              		.loc 1 432 1 view .LVU114
 652              		@ sp needed
 653 0008 7047     		bx	lr
 654              	.L55:
 655 000a C046     		.align	2
 656              	.L54:
 657 000c 00580140 		.word	1073829888
 658              		.cfi_endproc
 659              	.LFE55:
 661              		.section	.text.HAL_GetUIDw0,"ax",%progbits
 662              		.align	1
 663              		.global	HAL_GetUIDw0
 664              		.syntax unified
 665              		.code	16
 666              		.thumb_func
 668              	HAL_GetUIDw0:
 669              	.LFB56:
 433:Drivers/STM32F0xx_HAL_Driver/Src/stm32f0xx_hal.c **** 
 434:Drivers/STM32F0xx_HAL_Driver/Src/stm32f0xx_hal.c **** /**
 435:Drivers/STM32F0xx_HAL_Driver/Src/stm32f0xx_hal.c ****   * @brief  Returns first word of the unique device identifier (UID based on 96 bits)
 436:Drivers/STM32F0xx_HAL_Driver/Src/stm32f0xx_hal.c ****   * @retval Device identifier
 437:Drivers/STM32F0xx_HAL_Driver/Src/stm32f0xx_hal.c ****   */
 438:Drivers/STM32F0xx_HAL_Driver/Src/stm32f0xx_hal.c **** uint32_t HAL_GetUIDw0(void)
 439:Drivers/STM32F0xx_HAL_Driver/Src/stm32f0xx_hal.c **** {
 670              		.loc 1 439 1 is_stmt 1 view -0
 671              		.cfi_startproc
 672              		@ args = 0, pretend = 0, frame = 0
 673              		@ frame_needed = 0, uses_anonymous_args = 0
 674              		@ link register save eliminated.
 440:Drivers/STM32F0xx_HAL_Driver/Src/stm32f0xx_hal.c ****    return(READ_REG(*((uint32_t *)UID_BASE)));
 675              		.loc 1 440 4 view .LVU116
 676              		.loc 1 440 11 is_stmt 0 view .LVU117
 677 0000 014B     		ldr	r3, .L57
 678 0002 1868     		ldr	r0, [r3]
 441:Drivers/STM32F0xx_HAL_Driver/Src/stm32f0xx_hal.c **** }
 679              		.loc 1 441 1 view .LVU118
 680              		@ sp needed
 681 0004 7047     		bx	lr
 682              	.L58:
 683 0006 C046     		.align	2
 684              	.L57:
 685 0008 ACF7FF1F 		.word	536868780
 686              		.cfi_endproc
 687              	.LFE56:
 689              		.section	.text.HAL_GetUIDw1,"ax",%progbits
 690              		.align	1
 691              		.global	HAL_GetUIDw1
 692              		.syntax unified
 693              		.code	16
ARM GAS  /tmp/ccmNYei9.s 			page 21


 694              		.thumb_func
 696              	HAL_GetUIDw1:
 697              	.LFB57:
 442:Drivers/STM32F0xx_HAL_Driver/Src/stm32f0xx_hal.c **** 
 443:Drivers/STM32F0xx_HAL_Driver/Src/stm32f0xx_hal.c **** /**
 444:Drivers/STM32F0xx_HAL_Driver/Src/stm32f0xx_hal.c ****   * @brief  Returns second word of the unique device identifier (UID based on 96 bits)
 445:Drivers/STM32F0xx_HAL_Driver/Src/stm32f0xx_hal.c ****   * @retval Device identifier
 446:Drivers/STM32F0xx_HAL_Driver/Src/stm32f0xx_hal.c ****   */
 447:Drivers/STM32F0xx_HAL_Driver/Src/stm32f0xx_hal.c **** uint32_t HAL_GetUIDw1(void)
 448:Drivers/STM32F0xx_HAL_Driver/Src/stm32f0xx_hal.c **** {
 698              		.loc 1 448 1 is_stmt 1 view -0
 699              		.cfi_startproc
 700              		@ args = 0, pretend = 0, frame = 0
 701              		@ frame_needed = 0, uses_anonymous_args = 0
 702              		@ link register save eliminated.
 449:Drivers/STM32F0xx_HAL_Driver/Src/stm32f0xx_hal.c ****    return(READ_REG(*((uint32_t *)(UID_BASE + 4U))));
 703              		.loc 1 449 4 view .LVU120
 704              		.loc 1 449 11 is_stmt 0 view .LVU121
 705 0000 014B     		ldr	r3, .L60
 706 0002 1868     		ldr	r0, [r3]
 450:Drivers/STM32F0xx_HAL_Driver/Src/stm32f0xx_hal.c **** }
 707              		.loc 1 450 1 view .LVU122
 708              		@ sp needed
 709 0004 7047     		bx	lr
 710              	.L61:
 711 0006 C046     		.align	2
 712              	.L60:
 713 0008 B0F7FF1F 		.word	536868784
 714              		.cfi_endproc
 715              	.LFE57:
 717              		.section	.text.HAL_GetUIDw2,"ax",%progbits
 718              		.align	1
 719              		.global	HAL_GetUIDw2
 720              		.syntax unified
 721              		.code	16
 722              		.thumb_func
 724              	HAL_GetUIDw2:
 725              	.LFB58:
 451:Drivers/STM32F0xx_HAL_Driver/Src/stm32f0xx_hal.c **** 
 452:Drivers/STM32F0xx_HAL_Driver/Src/stm32f0xx_hal.c **** /**
 453:Drivers/STM32F0xx_HAL_Driver/Src/stm32f0xx_hal.c ****   * @brief  Returns third word of the unique device identifier (UID based on 96 bits)
 454:Drivers/STM32F0xx_HAL_Driver/Src/stm32f0xx_hal.c ****   * @retval Device identifier
 455:Drivers/STM32F0xx_HAL_Driver/Src/stm32f0xx_hal.c ****   */
 456:Drivers/STM32F0xx_HAL_Driver/Src/stm32f0xx_hal.c **** uint32_t HAL_GetUIDw2(void)
 457:Drivers/STM32F0xx_HAL_Driver/Src/stm32f0xx_hal.c **** {
 726              		.loc 1 457 1 is_stmt 1 view -0
 727              		.cfi_startproc
 728              		@ args = 0, pretend = 0, frame = 0
 729              		@ frame_needed = 0, uses_anonymous_args = 0
 730              		@ link register save eliminated.
 458:Drivers/STM32F0xx_HAL_Driver/Src/stm32f0xx_hal.c ****    return(READ_REG(*((uint32_t *)(UID_BASE + 8U))));
 731              		.loc 1 458 4 view .LVU124
 732              		.loc 1 458 11 is_stmt 0 view .LVU125
 733 0000 014B     		ldr	r3, .L63
 734 0002 1868     		ldr	r0, [r3]
 459:Drivers/STM32F0xx_HAL_Driver/Src/stm32f0xx_hal.c **** }
 735              		.loc 1 459 1 view .LVU126
ARM GAS  /tmp/ccmNYei9.s 			page 22


 736              		@ sp needed
 737 0004 7047     		bx	lr
 738              	.L64:
 739 0006 C046     		.align	2
 740              	.L63:
 741 0008 B4F7FF1F 		.word	536868788
 742              		.cfi_endproc
 743              	.LFE58:
 745              		.section	.text.HAL_DBGMCU_EnableDBGStopMode,"ax",%progbits
 746              		.align	1
 747              		.global	HAL_DBGMCU_EnableDBGStopMode
 748              		.syntax unified
 749              		.code	16
 750              		.thumb_func
 752              	HAL_DBGMCU_EnableDBGStopMode:
 753              	.LFB59:
 460:Drivers/STM32F0xx_HAL_Driver/Src/stm32f0xx_hal.c **** 
 461:Drivers/STM32F0xx_HAL_Driver/Src/stm32f0xx_hal.c **** /**
 462:Drivers/STM32F0xx_HAL_Driver/Src/stm32f0xx_hal.c ****   * @brief  Enable the Debug Module during STOP mode
 463:Drivers/STM32F0xx_HAL_Driver/Src/stm32f0xx_hal.c ****   * @retval None
 464:Drivers/STM32F0xx_HAL_Driver/Src/stm32f0xx_hal.c ****   */
 465:Drivers/STM32F0xx_HAL_Driver/Src/stm32f0xx_hal.c **** void HAL_DBGMCU_EnableDBGStopMode(void)
 466:Drivers/STM32F0xx_HAL_Driver/Src/stm32f0xx_hal.c **** {
 754              		.loc 1 466 1 is_stmt 1 view -0
 755              		.cfi_startproc
 756              		@ args = 0, pretend = 0, frame = 0
 757              		@ frame_needed = 0, uses_anonymous_args = 0
 758              		@ link register save eliminated.
 467:Drivers/STM32F0xx_HAL_Driver/Src/stm32f0xx_hal.c ****   SET_BIT(DBGMCU->CR, DBGMCU_CR_DBG_STOP);
 759              		.loc 1 467 3 view .LVU128
 760 0000 024A     		ldr	r2, .L66
 761 0002 5368     		ldr	r3, [r2, #4]
 762 0004 0221     		movs	r1, #2
 763 0006 0B43     		orrs	r3, r1
 764 0008 5360     		str	r3, [r2, #4]
 468:Drivers/STM32F0xx_HAL_Driver/Src/stm32f0xx_hal.c **** }
 765              		.loc 1 468 1 is_stmt 0 view .LVU129
 766              		@ sp needed
 767 000a 7047     		bx	lr
 768              	.L67:
 769              		.align	2
 770              	.L66:
 771 000c 00580140 		.word	1073829888
 772              		.cfi_endproc
 773              	.LFE59:
 775              		.section	.text.HAL_DBGMCU_DisableDBGStopMode,"ax",%progbits
 776              		.align	1
 777              		.global	HAL_DBGMCU_DisableDBGStopMode
 778              		.syntax unified
 779              		.code	16
 780              		.thumb_func
 782              	HAL_DBGMCU_DisableDBGStopMode:
 783              	.LFB60:
 469:Drivers/STM32F0xx_HAL_Driver/Src/stm32f0xx_hal.c **** 
 470:Drivers/STM32F0xx_HAL_Driver/Src/stm32f0xx_hal.c **** /**
 471:Drivers/STM32F0xx_HAL_Driver/Src/stm32f0xx_hal.c ****   * @brief  Disable the Debug Module during STOP mode
 472:Drivers/STM32F0xx_HAL_Driver/Src/stm32f0xx_hal.c ****   * @retval None
ARM GAS  /tmp/ccmNYei9.s 			page 23


 473:Drivers/STM32F0xx_HAL_Driver/Src/stm32f0xx_hal.c ****   */
 474:Drivers/STM32F0xx_HAL_Driver/Src/stm32f0xx_hal.c **** void HAL_DBGMCU_DisableDBGStopMode(void)
 475:Drivers/STM32F0xx_HAL_Driver/Src/stm32f0xx_hal.c **** {
 784              		.loc 1 475 1 is_stmt 1 view -0
 785              		.cfi_startproc
 786              		@ args = 0, pretend = 0, frame = 0
 787              		@ frame_needed = 0, uses_anonymous_args = 0
 788              		@ link register save eliminated.
 476:Drivers/STM32F0xx_HAL_Driver/Src/stm32f0xx_hal.c ****   CLEAR_BIT(DBGMCU->CR, DBGMCU_CR_DBG_STOP);
 789              		.loc 1 476 3 view .LVU131
 790 0000 024A     		ldr	r2, .L69
 791 0002 5368     		ldr	r3, [r2, #4]
 792 0004 0221     		movs	r1, #2
 793 0006 8B43     		bics	r3, r1
 794 0008 5360     		str	r3, [r2, #4]
 477:Drivers/STM32F0xx_HAL_Driver/Src/stm32f0xx_hal.c **** }
 795              		.loc 1 477 1 is_stmt 0 view .LVU132
 796              		@ sp needed
 797 000a 7047     		bx	lr
 798              	.L70:
 799              		.align	2
 800              	.L69:
 801 000c 00580140 		.word	1073829888
 802              		.cfi_endproc
 803              	.LFE60:
 805              		.section	.text.HAL_DBGMCU_EnableDBGStandbyMode,"ax",%progbits
 806              		.align	1
 807              		.global	HAL_DBGMCU_EnableDBGStandbyMode
 808              		.syntax unified
 809              		.code	16
 810              		.thumb_func
 812              	HAL_DBGMCU_EnableDBGStandbyMode:
 813              	.LFB61:
 478:Drivers/STM32F0xx_HAL_Driver/Src/stm32f0xx_hal.c **** 
 479:Drivers/STM32F0xx_HAL_Driver/Src/stm32f0xx_hal.c **** /**
 480:Drivers/STM32F0xx_HAL_Driver/Src/stm32f0xx_hal.c ****   * @brief  Enable the Debug Module during STANDBY mode
 481:Drivers/STM32F0xx_HAL_Driver/Src/stm32f0xx_hal.c ****   * @retval None
 482:Drivers/STM32F0xx_HAL_Driver/Src/stm32f0xx_hal.c ****   */
 483:Drivers/STM32F0xx_HAL_Driver/Src/stm32f0xx_hal.c **** void HAL_DBGMCU_EnableDBGStandbyMode(void)
 484:Drivers/STM32F0xx_HAL_Driver/Src/stm32f0xx_hal.c **** {
 814              		.loc 1 484 1 is_stmt 1 view -0
 815              		.cfi_startproc
 816              		@ args = 0, pretend = 0, frame = 0
 817              		@ frame_needed = 0, uses_anonymous_args = 0
 818              		@ link register save eliminated.
 485:Drivers/STM32F0xx_HAL_Driver/Src/stm32f0xx_hal.c ****   SET_BIT(DBGMCU->CR, DBGMCU_CR_DBG_STANDBY);
 819              		.loc 1 485 3 view .LVU134
 820 0000 024A     		ldr	r2, .L72
 821 0002 5368     		ldr	r3, [r2, #4]
 822 0004 0421     		movs	r1, #4
 823 0006 0B43     		orrs	r3, r1
 824 0008 5360     		str	r3, [r2, #4]
 486:Drivers/STM32F0xx_HAL_Driver/Src/stm32f0xx_hal.c **** }
 825              		.loc 1 486 1 is_stmt 0 view .LVU135
 826              		@ sp needed
 827 000a 7047     		bx	lr
 828              	.L73:
ARM GAS  /tmp/ccmNYei9.s 			page 24


 829              		.align	2
 830              	.L72:
 831 000c 00580140 		.word	1073829888
 832              		.cfi_endproc
 833              	.LFE61:
 835              		.section	.text.HAL_DBGMCU_DisableDBGStandbyMode,"ax",%progbits
 836              		.align	1
 837              		.global	HAL_DBGMCU_DisableDBGStandbyMode
 838              		.syntax unified
 839              		.code	16
 840              		.thumb_func
 842              	HAL_DBGMCU_DisableDBGStandbyMode:
 843              	.LFB62:
 487:Drivers/STM32F0xx_HAL_Driver/Src/stm32f0xx_hal.c **** 
 488:Drivers/STM32F0xx_HAL_Driver/Src/stm32f0xx_hal.c **** /**
 489:Drivers/STM32F0xx_HAL_Driver/Src/stm32f0xx_hal.c ****   * @brief  Disable the Debug Module during STANDBY mode
 490:Drivers/STM32F0xx_HAL_Driver/Src/stm32f0xx_hal.c ****   * @retval None
 491:Drivers/STM32F0xx_HAL_Driver/Src/stm32f0xx_hal.c ****   */
 492:Drivers/STM32F0xx_HAL_Driver/Src/stm32f0xx_hal.c **** void HAL_DBGMCU_DisableDBGStandbyMode(void)
 493:Drivers/STM32F0xx_HAL_Driver/Src/stm32f0xx_hal.c **** {
 844              		.loc 1 493 1 is_stmt 1 view -0
 845              		.cfi_startproc
 846              		@ args = 0, pretend = 0, frame = 0
 847              		@ frame_needed = 0, uses_anonymous_args = 0
 848              		@ link register save eliminated.
 494:Drivers/STM32F0xx_HAL_Driver/Src/stm32f0xx_hal.c ****   CLEAR_BIT(DBGMCU->CR, DBGMCU_CR_DBG_STANDBY);
 849              		.loc 1 494 3 view .LVU137
 850 0000 024A     		ldr	r2, .L75
 851 0002 5368     		ldr	r3, [r2, #4]
 852 0004 0421     		movs	r1, #4
 853 0006 8B43     		bics	r3, r1
 854 0008 5360     		str	r3, [r2, #4]
 495:Drivers/STM32F0xx_HAL_Driver/Src/stm32f0xx_hal.c **** }
 855              		.loc 1 495 1 is_stmt 0 view .LVU138
 856              		@ sp needed
 857 000a 7047     		bx	lr
 858              	.L76:
 859              		.align	2
 860              	.L75:
 861 000c 00580140 		.word	1073829888
 862              		.cfi_endproc
 863              	.LFE62:
 865              		.global	uwTickFreq
 866              		.global	uwTickPrio
 867              		.global	uwTick
 868              		.section	.bss.uwTick,"aw",%nobits
 869              		.align	2
 870              		.set	.LANCHOR2,. + 0
 873              	uwTick:
 874 0000 00000000 		.space	4
 875              		.section	.data.uwTickFreq,"aw"
 876              		.set	.LANCHOR0,. + 0
 879              	uwTickFreq:
 880 0000 01       		.byte	1
 881              		.section	.data.uwTickPrio,"aw"
 882              		.align	2
 883              		.set	.LANCHOR1,. + 0
ARM GAS  /tmp/ccmNYei9.s 			page 25


 886              	uwTickPrio:
 887 0000 04000000 		.word	4
 888              		.text
 889              	.Letext0:
 890              		.file 2 "/usr/share/gcc-arm-none-eabi-10.3-2021.10/arm-none-eabi/include/machine/_default_types.h"
 891              		.file 3 "/usr/share/gcc-arm-none-eabi-10.3-2021.10/arm-none-eabi/include/sys/_stdint.h"
 892              		.file 4 "Drivers/CMSIS/Include/core_cm0.h"
 893              		.file 5 "Drivers/CMSIS/Device/ST/STM32F0xx/Include/stm32f051x8.h"
 894              		.file 6 "Drivers/STM32F0xx_HAL_Driver/Inc/stm32f0xx_hal_def.h"
 895              		.file 7 "Drivers/STM32F0xx_HAL_Driver/Inc/stm32f0xx_hal.h"
 896              		.file 8 "Drivers/CMSIS/Device/ST/STM32F0xx/Include/system_stm32f0xx.h"
 897              		.file 9 "Core/Inc/stm32f0xx_hal_conf.h"
 898              		.file 10 "Drivers/STM32F0xx_HAL_Driver/Inc/stm32f0xx_hal_cortex.h"
ARM GAS  /tmp/ccmNYei9.s 			page 26


DEFINED SYMBOLS
                            *ABS*:0000000000000000 stm32f0xx_hal.c
     /tmp/ccmNYei9.s:18     .text.HAL_MspInit:0000000000000000 $t
     /tmp/ccmNYei9.s:24     .text.HAL_MspInit:0000000000000000 HAL_MspInit
     /tmp/ccmNYei9.s:39     .text.HAL_MspDeInit:0000000000000000 $t
     /tmp/ccmNYei9.s:45     .text.HAL_MspDeInit:0000000000000000 HAL_MspDeInit
     /tmp/ccmNYei9.s:59     .text.HAL_DeInit:0000000000000000 $t
     /tmp/ccmNYei9.s:65     .text.HAL_DeInit:0000000000000000 HAL_DeInit
     /tmp/ccmNYei9.s:103    .text.HAL_DeInit:0000000000000020 $d
     /tmp/ccmNYei9.s:109    .text.HAL_InitTick:0000000000000000 $t
     /tmp/ccmNYei9.s:115    .text.HAL_InitTick:0000000000000000 HAL_InitTick
     /tmp/ccmNYei9.s:185    .text.HAL_InitTick:0000000000000044 $d
     /tmp/ccmNYei9.s:192    .text.HAL_Init:0000000000000000 $t
     /tmp/ccmNYei9.s:198    .text.HAL_Init:0000000000000000 HAL_Init
     /tmp/ccmNYei9.s:230    .text.HAL_Init:000000000000001c $d
     /tmp/ccmNYei9.s:235    .text.HAL_IncTick:0000000000000000 $t
     /tmp/ccmNYei9.s:241    .text.HAL_IncTick:0000000000000000 HAL_IncTick
     /tmp/ccmNYei9.s:262    .text.HAL_IncTick:0000000000000010 $d
     /tmp/ccmNYei9.s:268    .text.HAL_GetTick:0000000000000000 $t
     /tmp/ccmNYei9.s:274    .text.HAL_GetTick:0000000000000000 HAL_GetTick
     /tmp/ccmNYei9.s:291    .text.HAL_GetTick:0000000000000008 $d
     /tmp/ccmNYei9.s:296    .text.HAL_GetTickPrio:0000000000000000 $t
     /tmp/ccmNYei9.s:302    .text.HAL_GetTickPrio:0000000000000000 HAL_GetTickPrio
     /tmp/ccmNYei9.s:319    .text.HAL_GetTickPrio:0000000000000008 $d
     /tmp/ccmNYei9.s:324    .rodata.HAL_SetTickFreq.str1.4:0000000000000000 $d
     /tmp/ccmNYei9.s:328    .text.HAL_SetTickFreq:0000000000000000 $t
     /tmp/ccmNYei9.s:334    .text.HAL_SetTickFreq:0000000000000000 HAL_SetTickFreq
     /tmp/ccmNYei9.s:414    .text.HAL_SetTickFreq:000000000000003c $d
     /tmp/ccmNYei9.s:421    .text.HAL_GetTickFreq:0000000000000000 $t
     /tmp/ccmNYei9.s:427    .text.HAL_GetTickFreq:0000000000000000 HAL_GetTickFreq
     /tmp/ccmNYei9.s:444    .text.HAL_GetTickFreq:0000000000000008 $d
     /tmp/ccmNYei9.s:449    .text.HAL_Delay:0000000000000000 $t
     /tmp/ccmNYei9.s:455    .text.HAL_Delay:0000000000000000 HAL_Delay
     /tmp/ccmNYei9.s:510    .text.HAL_Delay:0000000000000020 $d
     /tmp/ccmNYei9.s:515    .text.HAL_SuspendTick:0000000000000000 $t
     /tmp/ccmNYei9.s:521    .text.HAL_SuspendTick:0000000000000000 HAL_SuspendTick
     /tmp/ccmNYei9.s:540    .text.HAL_SuspendTick:000000000000000c $d
     /tmp/ccmNYei9.s:545    .text.HAL_ResumeTick:0000000000000000 $t
     /tmp/ccmNYei9.s:551    .text.HAL_ResumeTick:0000000000000000 HAL_ResumeTick
     /tmp/ccmNYei9.s:570    .text.HAL_ResumeTick:000000000000000c $d
     /tmp/ccmNYei9.s:575    .text.HAL_GetHalVersion:0000000000000000 $t
     /tmp/ccmNYei9.s:581    .text.HAL_GetHalVersion:0000000000000000 HAL_GetHalVersion
     /tmp/ccmNYei9.s:596    .text.HAL_GetHalVersion:0000000000000004 $d
     /tmp/ccmNYei9.s:601    .text.HAL_GetREVID:0000000000000000 $t
     /tmp/ccmNYei9.s:607    .text.HAL_GetREVID:0000000000000000 HAL_GetREVID
     /tmp/ccmNYei9.s:626    .text.HAL_GetREVID:0000000000000008 $d
     /tmp/ccmNYei9.s:631    .text.HAL_GetDEVID:0000000000000000 $t
     /tmp/ccmNYei9.s:637    .text.HAL_GetDEVID:0000000000000000 HAL_GetDEVID
     /tmp/ccmNYei9.s:657    .text.HAL_GetDEVID:000000000000000c $d
     /tmp/ccmNYei9.s:662    .text.HAL_GetUIDw0:0000000000000000 $t
     /tmp/ccmNYei9.s:668    .text.HAL_GetUIDw0:0000000000000000 HAL_GetUIDw0
     /tmp/ccmNYei9.s:685    .text.HAL_GetUIDw0:0000000000000008 $d
     /tmp/ccmNYei9.s:690    .text.HAL_GetUIDw1:0000000000000000 $t
     /tmp/ccmNYei9.s:696    .text.HAL_GetUIDw1:0000000000000000 HAL_GetUIDw1
     /tmp/ccmNYei9.s:713    .text.HAL_GetUIDw1:0000000000000008 $d
     /tmp/ccmNYei9.s:718    .text.HAL_GetUIDw2:0000000000000000 $t
     /tmp/ccmNYei9.s:724    .text.HAL_GetUIDw2:0000000000000000 HAL_GetUIDw2
ARM GAS  /tmp/ccmNYei9.s 			page 27


     /tmp/ccmNYei9.s:741    .text.HAL_GetUIDw2:0000000000000008 $d
     /tmp/ccmNYei9.s:746    .text.HAL_DBGMCU_EnableDBGStopMode:0000000000000000 $t
     /tmp/ccmNYei9.s:752    .text.HAL_DBGMCU_EnableDBGStopMode:0000000000000000 HAL_DBGMCU_EnableDBGStopMode
     /tmp/ccmNYei9.s:771    .text.HAL_DBGMCU_EnableDBGStopMode:000000000000000c $d
     /tmp/ccmNYei9.s:776    .text.HAL_DBGMCU_DisableDBGStopMode:0000000000000000 $t
     /tmp/ccmNYei9.s:782    .text.HAL_DBGMCU_DisableDBGStopMode:0000000000000000 HAL_DBGMCU_DisableDBGStopMode
     /tmp/ccmNYei9.s:801    .text.HAL_DBGMCU_DisableDBGStopMode:000000000000000c $d
     /tmp/ccmNYei9.s:806    .text.HAL_DBGMCU_EnableDBGStandbyMode:0000000000000000 $t
     /tmp/ccmNYei9.s:812    .text.HAL_DBGMCU_EnableDBGStandbyMode:0000000000000000 HAL_DBGMCU_EnableDBGStandbyMode
     /tmp/ccmNYei9.s:831    .text.HAL_DBGMCU_EnableDBGStandbyMode:000000000000000c $d
     /tmp/ccmNYei9.s:836    .text.HAL_DBGMCU_DisableDBGStandbyMode:0000000000000000 $t
     /tmp/ccmNYei9.s:842    .text.HAL_DBGMCU_DisableDBGStandbyMode:0000000000000000 HAL_DBGMCU_DisableDBGStandbyMode
     /tmp/ccmNYei9.s:861    .text.HAL_DBGMCU_DisableDBGStandbyMode:000000000000000c $d
     /tmp/ccmNYei9.s:879    .data.uwTickFreq:0000000000000000 uwTickFreq
     /tmp/ccmNYei9.s:886    .data.uwTickPrio:0000000000000000 uwTickPrio
     /tmp/ccmNYei9.s:873    .bss.uwTick:0000000000000000 uwTick
     /tmp/ccmNYei9.s:869    .bss.uwTick:0000000000000000 $d
     /tmp/ccmNYei9.s:882    .data.uwTickPrio:0000000000000000 $d

UNDEFINED SYMBOLS
__aeabi_uidiv
HAL_SYSTICK_Config
HAL_NVIC_SetPriority
SystemCoreClock
assert_failed
