ARM GAS  /tmp/ccij5Grj.s 			page 1


   1              		.cpu cortex-m0
   2              		.arch armv6s-m
   3              		.fpu softvfp
   4              		.eabi_attribute 20, 1
   5              		.eabi_attribute 21, 1
   6              		.eabi_attribute 23, 3
   7              		.eabi_attribute 24, 1
   8              		.eabi_attribute 25, 1
   9              		.eabi_attribute 26, 1
  10              		.eabi_attribute 30, 1
  11              		.eabi_attribute 34, 0
  12              		.eabi_attribute 18, 4
  13              		.file	"stm32f0xx_hal_i2c_ex.c"
  14              		.text
  15              	.Ltext0:
  16              		.cfi_sections	.debug_frame
  17              		.section	.rodata.HAL_I2CEx_ConfigAnalogFilter.str1.4,"aMS",%progbits,1
  18              		.align	2
  19              	.LC0:
  20 0000 44726976 		.ascii	"Drivers/STM32F0xx_HAL_Driver/Src/stm32f0xx_hal_i2c_"
  20      6572732F 
  20      53544D33 
  20      32463078 
  20      785F4841 
  21 0033 65782E63 		.ascii	"ex.c\000"
  21      00
  22              		.section	.text.HAL_I2CEx_ConfigAnalogFilter,"ax",%progbits
  23              		.align	1
  24              		.global	HAL_I2CEx_ConfigAnalogFilter
  25              		.syntax unified
  26              		.code	16
  27              		.thumb_func
  29              	HAL_I2CEx_ConfigAnalogFilter:
  30              	.LVL0:
  31              	.LFB40:
  32              		.file 1 "Drivers/STM32F0xx_HAL_Driver/Src/stm32f0xx_hal_i2c_ex.c"
   1:Drivers/STM32F0xx_HAL_Driver/Src/stm32f0xx_hal_i2c_ex.c **** /**
   2:Drivers/STM32F0xx_HAL_Driver/Src/stm32f0xx_hal_i2c_ex.c ****   ******************************************************************************
   3:Drivers/STM32F0xx_HAL_Driver/Src/stm32f0xx_hal_i2c_ex.c ****   * @file    stm32f0xx_hal_i2c_ex.c
   4:Drivers/STM32F0xx_HAL_Driver/Src/stm32f0xx_hal_i2c_ex.c ****   * @author  MCD Application Team
   5:Drivers/STM32F0xx_HAL_Driver/Src/stm32f0xx_hal_i2c_ex.c ****   * @brief   I2C Extended HAL module driver.
   6:Drivers/STM32F0xx_HAL_Driver/Src/stm32f0xx_hal_i2c_ex.c ****   *          This file provides firmware functions to manage the following
   7:Drivers/STM32F0xx_HAL_Driver/Src/stm32f0xx_hal_i2c_ex.c ****   *          functionalities of I2C Extended peripheral:
   8:Drivers/STM32F0xx_HAL_Driver/Src/stm32f0xx_hal_i2c_ex.c ****   *           + Filter Mode Functions
   9:Drivers/STM32F0xx_HAL_Driver/Src/stm32f0xx_hal_i2c_ex.c ****   *           + WakeUp Mode Functions
  10:Drivers/STM32F0xx_HAL_Driver/Src/stm32f0xx_hal_i2c_ex.c ****   *           + FastModePlus Functions
  11:Drivers/STM32F0xx_HAL_Driver/Src/stm32f0xx_hal_i2c_ex.c ****   *
  12:Drivers/STM32F0xx_HAL_Driver/Src/stm32f0xx_hal_i2c_ex.c ****   @verbatim
  13:Drivers/STM32F0xx_HAL_Driver/Src/stm32f0xx_hal_i2c_ex.c ****   ==============================================================================
  14:Drivers/STM32F0xx_HAL_Driver/Src/stm32f0xx_hal_i2c_ex.c ****                ##### I2C peripheral Extended features  #####
  15:Drivers/STM32F0xx_HAL_Driver/Src/stm32f0xx_hal_i2c_ex.c ****   ==============================================================================
  16:Drivers/STM32F0xx_HAL_Driver/Src/stm32f0xx_hal_i2c_ex.c **** 
  17:Drivers/STM32F0xx_HAL_Driver/Src/stm32f0xx_hal_i2c_ex.c ****   [..] Comparing to other previous devices, the I2C interface for STM32F0xx
  18:Drivers/STM32F0xx_HAL_Driver/Src/stm32f0xx_hal_i2c_ex.c ****        devices contains the following additional features
  19:Drivers/STM32F0xx_HAL_Driver/Src/stm32f0xx_hal_i2c_ex.c **** 
  20:Drivers/STM32F0xx_HAL_Driver/Src/stm32f0xx_hal_i2c_ex.c ****        (+) Possibility to disable or enable Analog Noise Filter
  21:Drivers/STM32F0xx_HAL_Driver/Src/stm32f0xx_hal_i2c_ex.c ****        (+) Use of a configured Digital Noise Filter
ARM GAS  /tmp/ccij5Grj.s 			page 2


  22:Drivers/STM32F0xx_HAL_Driver/Src/stm32f0xx_hal_i2c_ex.c ****        (+) Disable or enable wakeup from Stop mode(s)
  23:Drivers/STM32F0xx_HAL_Driver/Src/stm32f0xx_hal_i2c_ex.c ****        (+) Disable or enable Fast Mode Plus
  24:Drivers/STM32F0xx_HAL_Driver/Src/stm32f0xx_hal_i2c_ex.c **** 
  25:Drivers/STM32F0xx_HAL_Driver/Src/stm32f0xx_hal_i2c_ex.c ****                      ##### How to use this driver #####
  26:Drivers/STM32F0xx_HAL_Driver/Src/stm32f0xx_hal_i2c_ex.c ****   ==============================================================================
  27:Drivers/STM32F0xx_HAL_Driver/Src/stm32f0xx_hal_i2c_ex.c ****   [..] This driver provides functions to configure Noise Filter and Wake Up Feature
  28:Drivers/STM32F0xx_HAL_Driver/Src/stm32f0xx_hal_i2c_ex.c ****     (#) Configure I2C Analog noise filter using the function HAL_I2CEx_ConfigAnalogFilter()
  29:Drivers/STM32F0xx_HAL_Driver/Src/stm32f0xx_hal_i2c_ex.c ****     (#) Configure I2C Digital noise filter using the function HAL_I2CEx_ConfigDigitalFilter()
  30:Drivers/STM32F0xx_HAL_Driver/Src/stm32f0xx_hal_i2c_ex.c ****     (#) Configure the enable or disable of I2C Wake Up Mode using the functions :
  31:Drivers/STM32F0xx_HAL_Driver/Src/stm32f0xx_hal_i2c_ex.c ****           (++) HAL_I2CEx_EnableWakeUp()
  32:Drivers/STM32F0xx_HAL_Driver/Src/stm32f0xx_hal_i2c_ex.c ****           (++) HAL_I2CEx_DisableWakeUp()
  33:Drivers/STM32F0xx_HAL_Driver/Src/stm32f0xx_hal_i2c_ex.c ****     (#) Configure the enable or disable of fast mode plus driving capability using the functions :
  34:Drivers/STM32F0xx_HAL_Driver/Src/stm32f0xx_hal_i2c_ex.c ****           (++) HAL_I2CEx_EnableFastModePlus()
  35:Drivers/STM32F0xx_HAL_Driver/Src/stm32f0xx_hal_i2c_ex.c ****           (++) HAL_I2CEx_DisableFastModePlus()
  36:Drivers/STM32F0xx_HAL_Driver/Src/stm32f0xx_hal_i2c_ex.c ****   @endverbatim
  37:Drivers/STM32F0xx_HAL_Driver/Src/stm32f0xx_hal_i2c_ex.c ****   ******************************************************************************
  38:Drivers/STM32F0xx_HAL_Driver/Src/stm32f0xx_hal_i2c_ex.c ****   * @attention
  39:Drivers/STM32F0xx_HAL_Driver/Src/stm32f0xx_hal_i2c_ex.c ****   *
  40:Drivers/STM32F0xx_HAL_Driver/Src/stm32f0xx_hal_i2c_ex.c ****   * <h2><center>&copy; Copyright (c) 2016 STMicroelectronics.
  41:Drivers/STM32F0xx_HAL_Driver/Src/stm32f0xx_hal_i2c_ex.c ****   * All rights reserved.</center></h2>
  42:Drivers/STM32F0xx_HAL_Driver/Src/stm32f0xx_hal_i2c_ex.c ****   *
  43:Drivers/STM32F0xx_HAL_Driver/Src/stm32f0xx_hal_i2c_ex.c ****   * This software component is licensed by ST under BSD 3-Clause license,
  44:Drivers/STM32F0xx_HAL_Driver/Src/stm32f0xx_hal_i2c_ex.c ****   * the "License"; You may not use this file except in compliance with the
  45:Drivers/STM32F0xx_HAL_Driver/Src/stm32f0xx_hal_i2c_ex.c ****   * License. You may obtain a copy of the License at:
  46:Drivers/STM32F0xx_HAL_Driver/Src/stm32f0xx_hal_i2c_ex.c ****   *                        opensource.org/licenses/BSD-3-Clause
  47:Drivers/STM32F0xx_HAL_Driver/Src/stm32f0xx_hal_i2c_ex.c ****   *
  48:Drivers/STM32F0xx_HAL_Driver/Src/stm32f0xx_hal_i2c_ex.c ****   ******************************************************************************
  49:Drivers/STM32F0xx_HAL_Driver/Src/stm32f0xx_hal_i2c_ex.c ****   */
  50:Drivers/STM32F0xx_HAL_Driver/Src/stm32f0xx_hal_i2c_ex.c **** 
  51:Drivers/STM32F0xx_HAL_Driver/Src/stm32f0xx_hal_i2c_ex.c **** /* Includes ------------------------------------------------------------------*/
  52:Drivers/STM32F0xx_HAL_Driver/Src/stm32f0xx_hal_i2c_ex.c **** #include "stm32f0xx_hal.h"
  53:Drivers/STM32F0xx_HAL_Driver/Src/stm32f0xx_hal_i2c_ex.c **** 
  54:Drivers/STM32F0xx_HAL_Driver/Src/stm32f0xx_hal_i2c_ex.c **** /** @addtogroup STM32F0xx_HAL_Driver
  55:Drivers/STM32F0xx_HAL_Driver/Src/stm32f0xx_hal_i2c_ex.c ****   * @{
  56:Drivers/STM32F0xx_HAL_Driver/Src/stm32f0xx_hal_i2c_ex.c ****   */
  57:Drivers/STM32F0xx_HAL_Driver/Src/stm32f0xx_hal_i2c_ex.c **** 
  58:Drivers/STM32F0xx_HAL_Driver/Src/stm32f0xx_hal_i2c_ex.c **** /** @defgroup I2CEx I2CEx
  59:Drivers/STM32F0xx_HAL_Driver/Src/stm32f0xx_hal_i2c_ex.c ****   * @brief I2C Extended HAL module driver
  60:Drivers/STM32F0xx_HAL_Driver/Src/stm32f0xx_hal_i2c_ex.c ****   * @{
  61:Drivers/STM32F0xx_HAL_Driver/Src/stm32f0xx_hal_i2c_ex.c ****   */
  62:Drivers/STM32F0xx_HAL_Driver/Src/stm32f0xx_hal_i2c_ex.c **** 
  63:Drivers/STM32F0xx_HAL_Driver/Src/stm32f0xx_hal_i2c_ex.c **** #ifdef HAL_I2C_MODULE_ENABLED
  64:Drivers/STM32F0xx_HAL_Driver/Src/stm32f0xx_hal_i2c_ex.c **** 
  65:Drivers/STM32F0xx_HAL_Driver/Src/stm32f0xx_hal_i2c_ex.c **** /* Private typedef -----------------------------------------------------------*/
  66:Drivers/STM32F0xx_HAL_Driver/Src/stm32f0xx_hal_i2c_ex.c **** /* Private define ------------------------------------------------------------*/
  67:Drivers/STM32F0xx_HAL_Driver/Src/stm32f0xx_hal_i2c_ex.c **** /* Private macro -------------------------------------------------------------*/
  68:Drivers/STM32F0xx_HAL_Driver/Src/stm32f0xx_hal_i2c_ex.c **** /* Private variables ---------------------------------------------------------*/
  69:Drivers/STM32F0xx_HAL_Driver/Src/stm32f0xx_hal_i2c_ex.c **** /* Private function prototypes -----------------------------------------------*/
  70:Drivers/STM32F0xx_HAL_Driver/Src/stm32f0xx_hal_i2c_ex.c **** /* Private functions ---------------------------------------------------------*/
  71:Drivers/STM32F0xx_HAL_Driver/Src/stm32f0xx_hal_i2c_ex.c **** 
  72:Drivers/STM32F0xx_HAL_Driver/Src/stm32f0xx_hal_i2c_ex.c **** /** @defgroup I2CEx_Exported_Functions I2C Extended Exported Functions
  73:Drivers/STM32F0xx_HAL_Driver/Src/stm32f0xx_hal_i2c_ex.c ****   * @{
  74:Drivers/STM32F0xx_HAL_Driver/Src/stm32f0xx_hal_i2c_ex.c ****   */
  75:Drivers/STM32F0xx_HAL_Driver/Src/stm32f0xx_hal_i2c_ex.c **** 
  76:Drivers/STM32F0xx_HAL_Driver/Src/stm32f0xx_hal_i2c_ex.c **** /** @defgroup I2CEx_Exported_Functions_Group1 Filter Mode Functions
  77:Drivers/STM32F0xx_HAL_Driver/Src/stm32f0xx_hal_i2c_ex.c ****   * @brief    Filter Mode Functions
  78:Drivers/STM32F0xx_HAL_Driver/Src/stm32f0xx_hal_i2c_ex.c ****   *
ARM GAS  /tmp/ccij5Grj.s 			page 3


  79:Drivers/STM32F0xx_HAL_Driver/Src/stm32f0xx_hal_i2c_ex.c **** @verbatim
  80:Drivers/STM32F0xx_HAL_Driver/Src/stm32f0xx_hal_i2c_ex.c ****  ===============================================================================
  81:Drivers/STM32F0xx_HAL_Driver/Src/stm32f0xx_hal_i2c_ex.c ****                       ##### Filter Mode Functions #####
  82:Drivers/STM32F0xx_HAL_Driver/Src/stm32f0xx_hal_i2c_ex.c ****  ===============================================================================
  83:Drivers/STM32F0xx_HAL_Driver/Src/stm32f0xx_hal_i2c_ex.c ****     [..] This section provides functions allowing to:
  84:Drivers/STM32F0xx_HAL_Driver/Src/stm32f0xx_hal_i2c_ex.c ****       (+) Configure Noise Filters
  85:Drivers/STM32F0xx_HAL_Driver/Src/stm32f0xx_hal_i2c_ex.c **** 
  86:Drivers/STM32F0xx_HAL_Driver/Src/stm32f0xx_hal_i2c_ex.c **** @endverbatim
  87:Drivers/STM32F0xx_HAL_Driver/Src/stm32f0xx_hal_i2c_ex.c ****   * @{
  88:Drivers/STM32F0xx_HAL_Driver/Src/stm32f0xx_hal_i2c_ex.c ****   */
  89:Drivers/STM32F0xx_HAL_Driver/Src/stm32f0xx_hal_i2c_ex.c **** 
  90:Drivers/STM32F0xx_HAL_Driver/Src/stm32f0xx_hal_i2c_ex.c **** /**
  91:Drivers/STM32F0xx_HAL_Driver/Src/stm32f0xx_hal_i2c_ex.c ****   * @brief  Configure I2C Analog noise filter.
  92:Drivers/STM32F0xx_HAL_Driver/Src/stm32f0xx_hal_i2c_ex.c ****   * @param  hi2c Pointer to a I2C_HandleTypeDef structure that contains
  93:Drivers/STM32F0xx_HAL_Driver/Src/stm32f0xx_hal_i2c_ex.c ****   *                the configuration information for the specified I2Cx peripheral.
  94:Drivers/STM32F0xx_HAL_Driver/Src/stm32f0xx_hal_i2c_ex.c ****   * @param  AnalogFilter New state of the Analog filter.
  95:Drivers/STM32F0xx_HAL_Driver/Src/stm32f0xx_hal_i2c_ex.c ****   * @retval HAL status
  96:Drivers/STM32F0xx_HAL_Driver/Src/stm32f0xx_hal_i2c_ex.c ****   */
  97:Drivers/STM32F0xx_HAL_Driver/Src/stm32f0xx_hal_i2c_ex.c **** HAL_StatusTypeDef HAL_I2CEx_ConfigAnalogFilter(I2C_HandleTypeDef *hi2c, uint32_t AnalogFilter)
  98:Drivers/STM32F0xx_HAL_Driver/Src/stm32f0xx_hal_i2c_ex.c **** {
  33              		.loc 1 98 1 view -0
  34              		.cfi_startproc
  35              		@ args = 0, pretend = 0, frame = 0
  36              		@ frame_needed = 0, uses_anonymous_args = 0
  37              		.loc 1 98 1 is_stmt 0 view .LVU1
  38 0000 F8B5     		push	{r3, r4, r5, r6, r7, lr}
  39              	.LCFI0:
  40              		.cfi_def_cfa_offset 24
  41              		.cfi_offset 3, -24
  42              		.cfi_offset 4, -20
  43              		.cfi_offset 5, -16
  44              		.cfi_offset 6, -12
  45              		.cfi_offset 7, -8
  46              		.cfi_offset 14, -4
  47 0002 0400     		movs	r4, r0
  48 0004 0D00     		movs	r5, r1
  99:Drivers/STM32F0xx_HAL_Driver/Src/stm32f0xx_hal_i2c_ex.c ****   /* Check the parameters */
 100:Drivers/STM32F0xx_HAL_Driver/Src/stm32f0xx_hal_i2c_ex.c ****   assert_param(IS_I2C_ALL_INSTANCE(hi2c->Instance));
  49              		.loc 1 100 3 is_stmt 1 view .LVU2
  50 0006 0368     		ldr	r3, [r0]
  51 0008 1E4A     		ldr	r2, .L8
  52 000a 9342     		cmp	r3, r2
  53 000c 06D0     		beq	.L2
  54              		.loc 1 100 3 is_stmt 0 discriminator 1 view .LVU3
  55 000e 1E4A     		ldr	r2, .L8+4
  56 0010 9342     		cmp	r3, r2
  57 0012 03D0     		beq	.L2
  58              		.loc 1 100 3 discriminator 2 view .LVU4
  59 0014 6421     		movs	r1, #100
  60              	.LVL1:
  61              		.loc 1 100 3 discriminator 2 view .LVU5
  62 0016 1D48     		ldr	r0, .L8+8
  63              	.LVL2:
  64              		.loc 1 100 3 discriminator 2 view .LVU6
  65 0018 FFF7FEFF 		bl	assert_failed
  66              	.LVL3:
  67              	.L2:
ARM GAS  /tmp/ccij5Grj.s 			page 4


 101:Drivers/STM32F0xx_HAL_Driver/Src/stm32f0xx_hal_i2c_ex.c ****   assert_param(IS_I2C_ANALOG_FILTER(AnalogFilter));
  68              		.loc 1 101 3 is_stmt 1 view .LVU7
  69 001c 002D     		cmp	r5, #0
  70 001e 03D0     		beq	.L3
  71              		.loc 1 101 3 is_stmt 0 discriminator 1 view .LVU8
  72 0020 8023     		movs	r3, #128
  73 0022 5B01     		lsls	r3, r3, #5
  74 0024 9D42     		cmp	r5, r3
  75 0026 24D1     		bne	.L7
  76              	.L3:
 102:Drivers/STM32F0xx_HAL_Driver/Src/stm32f0xx_hal_i2c_ex.c **** 
 103:Drivers/STM32F0xx_HAL_Driver/Src/stm32f0xx_hal_i2c_ex.c ****   if (hi2c->State == HAL_I2C_STATE_READY)
  77              		.loc 1 103 3 is_stmt 1 view .LVU9
  78              		.loc 1 103 11 is_stmt 0 view .LVU10
  79 0028 4123     		movs	r3, #65
  80 002a E35C     		ldrb	r3, [r4, r3]
  81              		.loc 1 103 6 view .LVU11
  82 002c 202B     		cmp	r3, #32
  83 002e 25D1     		bne	.L5
 104:Drivers/STM32F0xx_HAL_Driver/Src/stm32f0xx_hal_i2c_ex.c ****   {
 105:Drivers/STM32F0xx_HAL_Driver/Src/stm32f0xx_hal_i2c_ex.c ****     /* Process Locked */
 106:Drivers/STM32F0xx_HAL_Driver/Src/stm32f0xx_hal_i2c_ex.c ****     __HAL_LOCK(hi2c);
  84              		.loc 1 106 5 is_stmt 1 view .LVU12
  85              		.loc 1 106 5 view .LVU13
  86 0030 2033     		adds	r3, r3, #32
  87 0032 E35C     		ldrb	r3, [r4, r3]
  88 0034 012B     		cmp	r3, #1
  89 0036 23D0     		beq	.L6
  90              		.loc 1 106 5 discriminator 2 view .LVU14
  91 0038 4020     		movs	r0, #64
  92 003a 0122     		movs	r2, #1
  93 003c 2254     		strb	r2, [r4, r0]
  94              		.loc 1 106 5 discriminator 2 view .LVU15
 107:Drivers/STM32F0xx_HAL_Driver/Src/stm32f0xx_hal_i2c_ex.c **** 
 108:Drivers/STM32F0xx_HAL_Driver/Src/stm32f0xx_hal_i2c_ex.c ****     hi2c->State = HAL_I2C_STATE_BUSY;
  95              		.loc 1 108 5 discriminator 2 view .LVU16
  96              		.loc 1 108 17 is_stmt 0 discriminator 2 view .LVU17
  97 003e 4126     		movs	r6, #65
  98 0040 2423     		movs	r3, #36
  99 0042 A355     		strb	r3, [r4, r6]
 109:Drivers/STM32F0xx_HAL_Driver/Src/stm32f0xx_hal_i2c_ex.c **** 
 110:Drivers/STM32F0xx_HAL_Driver/Src/stm32f0xx_hal_i2c_ex.c ****     /* Disable the selected I2C peripheral */
 111:Drivers/STM32F0xx_HAL_Driver/Src/stm32f0xx_hal_i2c_ex.c ****     __HAL_I2C_DISABLE(hi2c);
 100              		.loc 1 111 5 is_stmt 1 discriminator 2 view .LVU18
 101 0044 2168     		ldr	r1, [r4]
 102 0046 0B68     		ldr	r3, [r1]
 103 0048 9343     		bics	r3, r2
 104 004a 0B60     		str	r3, [r1]
 112:Drivers/STM32F0xx_HAL_Driver/Src/stm32f0xx_hal_i2c_ex.c **** 
 113:Drivers/STM32F0xx_HAL_Driver/Src/stm32f0xx_hal_i2c_ex.c ****     /* Reset I2Cx ANOFF bit */
 114:Drivers/STM32F0xx_HAL_Driver/Src/stm32f0xx_hal_i2c_ex.c ****     hi2c->Instance->CR1 &= ~(I2C_CR1_ANFOFF);
 105              		.loc 1 114 5 discriminator 2 view .LVU19
 106              		.loc 1 114 9 is_stmt 0 discriminator 2 view .LVU20
 107 004c 2168     		ldr	r1, [r4]
 108              		.loc 1 114 25 discriminator 2 view .LVU21
 109 004e 0B68     		ldr	r3, [r1]
 110 0050 0F4F     		ldr	r7, .L8+12
ARM GAS  /tmp/ccij5Grj.s 			page 5


 111 0052 3B40     		ands	r3, r7
 112 0054 0B60     		str	r3, [r1]
 115:Drivers/STM32F0xx_HAL_Driver/Src/stm32f0xx_hal_i2c_ex.c **** 
 116:Drivers/STM32F0xx_HAL_Driver/Src/stm32f0xx_hal_i2c_ex.c ****     /* Set analog filter bit*/
 117:Drivers/STM32F0xx_HAL_Driver/Src/stm32f0xx_hal_i2c_ex.c ****     hi2c->Instance->CR1 |= AnalogFilter;
 113              		.loc 1 117 5 is_stmt 1 discriminator 2 view .LVU22
 114              		.loc 1 117 9 is_stmt 0 discriminator 2 view .LVU23
 115 0056 2368     		ldr	r3, [r4]
 116              		.loc 1 117 25 discriminator 2 view .LVU24
 117 0058 1968     		ldr	r1, [r3]
 118 005a 0D43     		orrs	r5, r1
 119              	.LVL4:
 120              		.loc 1 117 25 discriminator 2 view .LVU25
 121 005c 1D60     		str	r5, [r3]
 118:Drivers/STM32F0xx_HAL_Driver/Src/stm32f0xx_hal_i2c_ex.c **** 
 119:Drivers/STM32F0xx_HAL_Driver/Src/stm32f0xx_hal_i2c_ex.c ****     __HAL_I2C_ENABLE(hi2c);
 122              		.loc 1 119 5 is_stmt 1 discriminator 2 view .LVU26
 123 005e 2168     		ldr	r1, [r4]
 124 0060 0B68     		ldr	r3, [r1]
 125 0062 1343     		orrs	r3, r2
 126 0064 0B60     		str	r3, [r1]
 120:Drivers/STM32F0xx_HAL_Driver/Src/stm32f0xx_hal_i2c_ex.c **** 
 121:Drivers/STM32F0xx_HAL_Driver/Src/stm32f0xx_hal_i2c_ex.c ****     hi2c->State = HAL_I2C_STATE_READY;
 127              		.loc 1 121 5 discriminator 2 view .LVU27
 128              		.loc 1 121 17 is_stmt 0 discriminator 2 view .LVU28
 129 0066 2023     		movs	r3, #32
 130 0068 A355     		strb	r3, [r4, r6]
 122:Drivers/STM32F0xx_HAL_Driver/Src/stm32f0xx_hal_i2c_ex.c **** 
 123:Drivers/STM32F0xx_HAL_Driver/Src/stm32f0xx_hal_i2c_ex.c ****     /* Process Unlocked */
 124:Drivers/STM32F0xx_HAL_Driver/Src/stm32f0xx_hal_i2c_ex.c ****     __HAL_UNLOCK(hi2c);
 131              		.loc 1 124 5 is_stmt 1 discriminator 2 view .LVU29
 132              		.loc 1 124 5 discriminator 2 view .LVU30
 133 006a 0023     		movs	r3, #0
 134 006c 2354     		strb	r3, [r4, r0]
 135              		.loc 1 124 5 discriminator 2 view .LVU31
 125:Drivers/STM32F0xx_HAL_Driver/Src/stm32f0xx_hal_i2c_ex.c **** 
 126:Drivers/STM32F0xx_HAL_Driver/Src/stm32f0xx_hal_i2c_ex.c ****     return HAL_OK;
 136              		.loc 1 126 5 discriminator 2 view .LVU32
 137              		.loc 1 126 12 is_stmt 0 discriminator 2 view .LVU33
 138 006e 0020     		movs	r0, #0
 139              	.L4:
 127:Drivers/STM32F0xx_HAL_Driver/Src/stm32f0xx_hal_i2c_ex.c ****   }
 128:Drivers/STM32F0xx_HAL_Driver/Src/stm32f0xx_hal_i2c_ex.c ****   else
 129:Drivers/STM32F0xx_HAL_Driver/Src/stm32f0xx_hal_i2c_ex.c ****   {
 130:Drivers/STM32F0xx_HAL_Driver/Src/stm32f0xx_hal_i2c_ex.c ****     return HAL_BUSY;
 131:Drivers/STM32F0xx_HAL_Driver/Src/stm32f0xx_hal_i2c_ex.c ****   }
 132:Drivers/STM32F0xx_HAL_Driver/Src/stm32f0xx_hal_i2c_ex.c **** }
 140              		.loc 1 132 1 view .LVU34
 141              		@ sp needed
 142              	.LVL5:
 143              		.loc 1 132 1 view .LVU35
 144 0070 F8BD     		pop	{r3, r4, r5, r6, r7, pc}
 145              	.LVL6:
 146              	.L7:
 101:Drivers/STM32F0xx_HAL_Driver/Src/stm32f0xx_hal_i2c_ex.c **** 
 147              		.loc 1 101 3 discriminator 2 view .LVU36
 148 0072 6521     		movs	r1, #101
ARM GAS  /tmp/ccij5Grj.s 			page 6


 149 0074 0548     		ldr	r0, .L8+8
 150 0076 FFF7FEFF 		bl	assert_failed
 151              	.LVL7:
 152 007a D5E7     		b	.L3
 153              	.L5:
 130:Drivers/STM32F0xx_HAL_Driver/Src/stm32f0xx_hal_i2c_ex.c ****   }
 154              		.loc 1 130 12 view .LVU37
 155 007c 0220     		movs	r0, #2
 156 007e F7E7     		b	.L4
 157              	.L6:
 106:Drivers/STM32F0xx_HAL_Driver/Src/stm32f0xx_hal_i2c_ex.c **** 
 158              		.loc 1 106 5 view .LVU38
 159 0080 0220     		movs	r0, #2
 160 0082 F5E7     		b	.L4
 161              	.L9:
 162              		.align	2
 163              	.L8:
 164 0084 00540040 		.word	1073763328
 165 0088 00580040 		.word	1073764352
 166 008c 00000000 		.word	.LC0
 167 0090 FFEFFFFF 		.word	-4097
 168              		.cfi_endproc
 169              	.LFE40:
 171              		.section	.text.HAL_I2CEx_ConfigDigitalFilter,"ax",%progbits
 172              		.align	1
 173              		.global	HAL_I2CEx_ConfigDigitalFilter
 174              		.syntax unified
 175              		.code	16
 176              		.thumb_func
 178              	HAL_I2CEx_ConfigDigitalFilter:
 179              	.LVL8:
 180              	.LFB41:
 133:Drivers/STM32F0xx_HAL_Driver/Src/stm32f0xx_hal_i2c_ex.c **** 
 134:Drivers/STM32F0xx_HAL_Driver/Src/stm32f0xx_hal_i2c_ex.c **** /**
 135:Drivers/STM32F0xx_HAL_Driver/Src/stm32f0xx_hal_i2c_ex.c ****   * @brief  Configure I2C Digital noise filter.
 136:Drivers/STM32F0xx_HAL_Driver/Src/stm32f0xx_hal_i2c_ex.c ****   * @param  hi2c Pointer to a I2C_HandleTypeDef structure that contains
 137:Drivers/STM32F0xx_HAL_Driver/Src/stm32f0xx_hal_i2c_ex.c ****   *                the configuration information for the specified I2Cx peripheral.
 138:Drivers/STM32F0xx_HAL_Driver/Src/stm32f0xx_hal_i2c_ex.c ****   * @param  DigitalFilter Coefficient of digital noise filter between Min_Data=0x00 and Max_Data=0x
 139:Drivers/STM32F0xx_HAL_Driver/Src/stm32f0xx_hal_i2c_ex.c ****   * @retval HAL status
 140:Drivers/STM32F0xx_HAL_Driver/Src/stm32f0xx_hal_i2c_ex.c ****   */
 141:Drivers/STM32F0xx_HAL_Driver/Src/stm32f0xx_hal_i2c_ex.c **** HAL_StatusTypeDef HAL_I2CEx_ConfigDigitalFilter(I2C_HandleTypeDef *hi2c, uint32_t DigitalFilter)
 142:Drivers/STM32F0xx_HAL_Driver/Src/stm32f0xx_hal_i2c_ex.c **** {
 181              		.loc 1 142 1 is_stmt 1 view -0
 182              		.cfi_startproc
 183              		@ args = 0, pretend = 0, frame = 0
 184              		@ frame_needed = 0, uses_anonymous_args = 0
 185              		.loc 1 142 1 is_stmt 0 view .LVU40
 186 0000 F8B5     		push	{r3, r4, r5, r6, r7, lr}
 187              	.LCFI1:
 188              		.cfi_def_cfa_offset 24
 189              		.cfi_offset 3, -24
 190              		.cfi_offset 4, -20
 191              		.cfi_offset 5, -16
 192              		.cfi_offset 6, -12
 193              		.cfi_offset 7, -8
 194              		.cfi_offset 14, -4
 195 0002 0400     		movs	r4, r0
ARM GAS  /tmp/ccij5Grj.s 			page 7


 196 0004 0D00     		movs	r5, r1
 143:Drivers/STM32F0xx_HAL_Driver/Src/stm32f0xx_hal_i2c_ex.c ****   uint32_t tmpreg;
 197              		.loc 1 143 3 is_stmt 1 view .LVU41
 144:Drivers/STM32F0xx_HAL_Driver/Src/stm32f0xx_hal_i2c_ex.c **** 
 145:Drivers/STM32F0xx_HAL_Driver/Src/stm32f0xx_hal_i2c_ex.c ****   /* Check the parameters */
 146:Drivers/STM32F0xx_HAL_Driver/Src/stm32f0xx_hal_i2c_ex.c ****   assert_param(IS_I2C_ALL_INSTANCE(hi2c->Instance));
 198              		.loc 1 146 3 view .LVU42
 199 0006 0368     		ldr	r3, [r0]
 200 0008 1B4A     		ldr	r2, .L17
 201 000a 9342     		cmp	r3, r2
 202 000c 06D0     		beq	.L11
 203              		.loc 1 146 3 is_stmt 0 discriminator 1 view .LVU43
 204 000e 1B4A     		ldr	r2, .L17+4
 205 0010 9342     		cmp	r3, r2
 206 0012 03D0     		beq	.L11
 207              		.loc 1 146 3 discriminator 2 view .LVU44
 208 0014 9221     		movs	r1, #146
 209              	.LVL9:
 210              		.loc 1 146 3 discriminator 2 view .LVU45
 211 0016 1A48     		ldr	r0, .L17+8
 212              	.LVL10:
 213              		.loc 1 146 3 discriminator 2 view .LVU46
 214 0018 FFF7FEFF 		bl	assert_failed
 215              	.LVL11:
 216              	.L11:
 147:Drivers/STM32F0xx_HAL_Driver/Src/stm32f0xx_hal_i2c_ex.c ****   assert_param(IS_I2C_DIGITAL_FILTER(DigitalFilter));
 217              		.loc 1 147 3 is_stmt 1 view .LVU47
 218 001c 0F2D     		cmp	r5, #15
 219 001e 22D8     		bhi	.L16
 220              	.L12:
 148:Drivers/STM32F0xx_HAL_Driver/Src/stm32f0xx_hal_i2c_ex.c **** 
 149:Drivers/STM32F0xx_HAL_Driver/Src/stm32f0xx_hal_i2c_ex.c ****   if (hi2c->State == HAL_I2C_STATE_READY)
 221              		.loc 1 149 3 view .LVU48
 222              		.loc 1 149 11 is_stmt 0 view .LVU49
 223 0020 4123     		movs	r3, #65
 224 0022 E35C     		ldrb	r3, [r4, r3]
 225              		.loc 1 149 6 view .LVU50
 226 0024 202B     		cmp	r3, #32
 227 0026 23D1     		bne	.L14
 150:Drivers/STM32F0xx_HAL_Driver/Src/stm32f0xx_hal_i2c_ex.c ****   {
 151:Drivers/STM32F0xx_HAL_Driver/Src/stm32f0xx_hal_i2c_ex.c ****     /* Process Locked */
 152:Drivers/STM32F0xx_HAL_Driver/Src/stm32f0xx_hal_i2c_ex.c ****     __HAL_LOCK(hi2c);
 228              		.loc 1 152 5 is_stmt 1 view .LVU51
 229              		.loc 1 152 5 view .LVU52
 230 0028 2033     		adds	r3, r3, #32
 231 002a E35C     		ldrb	r3, [r4, r3]
 232 002c 012B     		cmp	r3, #1
 233 002e 21D0     		beq	.L15
 234              		.loc 1 152 5 discriminator 2 view .LVU53
 235 0030 4020     		movs	r0, #64
 236 0032 0122     		movs	r2, #1
 237 0034 2254     		strb	r2, [r4, r0]
 238              		.loc 1 152 5 discriminator 2 view .LVU54
 153:Drivers/STM32F0xx_HAL_Driver/Src/stm32f0xx_hal_i2c_ex.c **** 
 154:Drivers/STM32F0xx_HAL_Driver/Src/stm32f0xx_hal_i2c_ex.c ****     hi2c->State = HAL_I2C_STATE_BUSY;
 239              		.loc 1 154 5 discriminator 2 view .LVU55
 240              		.loc 1 154 17 is_stmt 0 discriminator 2 view .LVU56
ARM GAS  /tmp/ccij5Grj.s 			page 8


 241 0036 4126     		movs	r6, #65
 242 0038 2423     		movs	r3, #36
 243 003a A355     		strb	r3, [r4, r6]
 155:Drivers/STM32F0xx_HAL_Driver/Src/stm32f0xx_hal_i2c_ex.c **** 
 156:Drivers/STM32F0xx_HAL_Driver/Src/stm32f0xx_hal_i2c_ex.c ****     /* Disable the selected I2C peripheral */
 157:Drivers/STM32F0xx_HAL_Driver/Src/stm32f0xx_hal_i2c_ex.c ****     __HAL_I2C_DISABLE(hi2c);
 244              		.loc 1 157 5 is_stmt 1 discriminator 2 view .LVU57
 245 003c 2168     		ldr	r1, [r4]
 246 003e 0B68     		ldr	r3, [r1]
 247 0040 9343     		bics	r3, r2
 248 0042 0B60     		str	r3, [r1]
 158:Drivers/STM32F0xx_HAL_Driver/Src/stm32f0xx_hal_i2c_ex.c **** 
 159:Drivers/STM32F0xx_HAL_Driver/Src/stm32f0xx_hal_i2c_ex.c ****     /* Get the old register value */
 160:Drivers/STM32F0xx_HAL_Driver/Src/stm32f0xx_hal_i2c_ex.c ****     tmpreg = hi2c->Instance->CR1;
 249              		.loc 1 160 5 discriminator 2 view .LVU58
 250              		.loc 1 160 18 is_stmt 0 discriminator 2 view .LVU59
 251 0044 2368     		ldr	r3, [r4]
 252              		.loc 1 160 12 discriminator 2 view .LVU60
 253 0046 1968     		ldr	r1, [r3]
 254              	.LVL12:
 161:Drivers/STM32F0xx_HAL_Driver/Src/stm32f0xx_hal_i2c_ex.c **** 
 162:Drivers/STM32F0xx_HAL_Driver/Src/stm32f0xx_hal_i2c_ex.c ****     /* Reset I2Cx DNF bits [11:8] */
 163:Drivers/STM32F0xx_HAL_Driver/Src/stm32f0xx_hal_i2c_ex.c ****     tmpreg &= ~(I2C_CR1_DNF);
 255              		.loc 1 163 5 is_stmt 1 discriminator 2 view .LVU61
 256              		.loc 1 163 12 is_stmt 0 discriminator 2 view .LVU62
 257 0048 0E4F     		ldr	r7, .L17+12
 258 004a 3940     		ands	r1, r7
 259              	.LVL13:
 164:Drivers/STM32F0xx_HAL_Driver/Src/stm32f0xx_hal_i2c_ex.c **** 
 165:Drivers/STM32F0xx_HAL_Driver/Src/stm32f0xx_hal_i2c_ex.c ****     /* Set I2Cx DNF coefficient */
 166:Drivers/STM32F0xx_HAL_Driver/Src/stm32f0xx_hal_i2c_ex.c ****     tmpreg |= DigitalFilter << 8U;
 260              		.loc 1 166 5 is_stmt 1 discriminator 2 view .LVU63
 261              		.loc 1 166 29 is_stmt 0 discriminator 2 view .LVU64
 262 004c 2D02     		lsls	r5, r5, #8
 263              	.LVL14:
 264              		.loc 1 166 12 discriminator 2 view .LVU65
 265 004e 0D43     		orrs	r5, r1
 266              	.LVL15:
 167:Drivers/STM32F0xx_HAL_Driver/Src/stm32f0xx_hal_i2c_ex.c **** 
 168:Drivers/STM32F0xx_HAL_Driver/Src/stm32f0xx_hal_i2c_ex.c ****     /* Store the new register value */
 169:Drivers/STM32F0xx_HAL_Driver/Src/stm32f0xx_hal_i2c_ex.c ****     hi2c->Instance->CR1 = tmpreg;
 267              		.loc 1 169 5 is_stmt 1 discriminator 2 view .LVU66
 268              		.loc 1 169 25 is_stmt 0 discriminator 2 view .LVU67
 269 0050 1D60     		str	r5, [r3]
 170:Drivers/STM32F0xx_HAL_Driver/Src/stm32f0xx_hal_i2c_ex.c **** 
 171:Drivers/STM32F0xx_HAL_Driver/Src/stm32f0xx_hal_i2c_ex.c ****     __HAL_I2C_ENABLE(hi2c);
 270              		.loc 1 171 5 is_stmt 1 discriminator 2 view .LVU68
 271 0052 2168     		ldr	r1, [r4]
 272 0054 0B68     		ldr	r3, [r1]
 273 0056 1343     		orrs	r3, r2
 274 0058 0B60     		str	r3, [r1]
 172:Drivers/STM32F0xx_HAL_Driver/Src/stm32f0xx_hal_i2c_ex.c **** 
 173:Drivers/STM32F0xx_HAL_Driver/Src/stm32f0xx_hal_i2c_ex.c ****     hi2c->State = HAL_I2C_STATE_READY;
 275              		.loc 1 173 5 discriminator 2 view .LVU69
 276              		.loc 1 173 17 is_stmt 0 discriminator 2 view .LVU70
 277 005a 2023     		movs	r3, #32
 278 005c A355     		strb	r3, [r4, r6]
ARM GAS  /tmp/ccij5Grj.s 			page 9


 174:Drivers/STM32F0xx_HAL_Driver/Src/stm32f0xx_hal_i2c_ex.c **** 
 175:Drivers/STM32F0xx_HAL_Driver/Src/stm32f0xx_hal_i2c_ex.c ****     /* Process Unlocked */
 176:Drivers/STM32F0xx_HAL_Driver/Src/stm32f0xx_hal_i2c_ex.c ****     __HAL_UNLOCK(hi2c);
 279              		.loc 1 176 5 is_stmt 1 discriminator 2 view .LVU71
 280              		.loc 1 176 5 discriminator 2 view .LVU72
 281 005e 0023     		movs	r3, #0
 282 0060 2354     		strb	r3, [r4, r0]
 283              		.loc 1 176 5 discriminator 2 view .LVU73
 177:Drivers/STM32F0xx_HAL_Driver/Src/stm32f0xx_hal_i2c_ex.c **** 
 178:Drivers/STM32F0xx_HAL_Driver/Src/stm32f0xx_hal_i2c_ex.c ****     return HAL_OK;
 284              		.loc 1 178 5 discriminator 2 view .LVU74
 285              		.loc 1 178 12 is_stmt 0 discriminator 2 view .LVU75
 286 0062 0020     		movs	r0, #0
 287              	.LVL16:
 288              	.L13:
 179:Drivers/STM32F0xx_HAL_Driver/Src/stm32f0xx_hal_i2c_ex.c ****   }
 180:Drivers/STM32F0xx_HAL_Driver/Src/stm32f0xx_hal_i2c_ex.c ****   else
 181:Drivers/STM32F0xx_HAL_Driver/Src/stm32f0xx_hal_i2c_ex.c ****   {
 182:Drivers/STM32F0xx_HAL_Driver/Src/stm32f0xx_hal_i2c_ex.c ****     return HAL_BUSY;
 183:Drivers/STM32F0xx_HAL_Driver/Src/stm32f0xx_hal_i2c_ex.c ****   }
 184:Drivers/STM32F0xx_HAL_Driver/Src/stm32f0xx_hal_i2c_ex.c **** }
 289              		.loc 1 184 1 view .LVU76
 290              		@ sp needed
 291              	.LVL17:
 292              		.loc 1 184 1 view .LVU77
 293 0064 F8BD     		pop	{r3, r4, r5, r6, r7, pc}
 294              	.LVL18:
 295              	.L16:
 147:Drivers/STM32F0xx_HAL_Driver/Src/stm32f0xx_hal_i2c_ex.c **** 
 296              		.loc 1 147 3 discriminator 1 view .LVU78
 297 0066 9321     		movs	r1, #147
 298 0068 0548     		ldr	r0, .L17+8
 299 006a FFF7FEFF 		bl	assert_failed
 300              	.LVL19:
 301 006e D7E7     		b	.L12
 302              	.L14:
 182:Drivers/STM32F0xx_HAL_Driver/Src/stm32f0xx_hal_i2c_ex.c ****   }
 303              		.loc 1 182 12 view .LVU79
 304 0070 0220     		movs	r0, #2
 305 0072 F7E7     		b	.L13
 306              	.L15:
 152:Drivers/STM32F0xx_HAL_Driver/Src/stm32f0xx_hal_i2c_ex.c **** 
 307              		.loc 1 152 5 view .LVU80
 308 0074 0220     		movs	r0, #2
 309 0076 F5E7     		b	.L13
 310              	.L18:
 311              		.align	2
 312              	.L17:
 313 0078 00540040 		.word	1073763328
 314 007c 00580040 		.word	1073764352
 315 0080 00000000 		.word	.LC0
 316 0084 FFF0FFFF 		.word	-3841
 317              		.cfi_endproc
 318              	.LFE41:
 320              		.section	.text.HAL_I2CEx_EnableWakeUp,"ax",%progbits
 321              		.align	1
 322              		.global	HAL_I2CEx_EnableWakeUp
ARM GAS  /tmp/ccij5Grj.s 			page 10


 323              		.syntax unified
 324              		.code	16
 325              		.thumb_func
 327              	HAL_I2CEx_EnableWakeUp:
 328              	.LVL20:
 329              	.LFB42:
 185:Drivers/STM32F0xx_HAL_Driver/Src/stm32f0xx_hal_i2c_ex.c **** /**
 186:Drivers/STM32F0xx_HAL_Driver/Src/stm32f0xx_hal_i2c_ex.c ****   * @}
 187:Drivers/STM32F0xx_HAL_Driver/Src/stm32f0xx_hal_i2c_ex.c ****   */
 188:Drivers/STM32F0xx_HAL_Driver/Src/stm32f0xx_hal_i2c_ex.c **** #if defined(I2C_CR1_WUPEN)
 189:Drivers/STM32F0xx_HAL_Driver/Src/stm32f0xx_hal_i2c_ex.c **** 
 190:Drivers/STM32F0xx_HAL_Driver/Src/stm32f0xx_hal_i2c_ex.c **** /** @defgroup I2CEx_Exported_Functions_Group2 WakeUp Mode Functions
 191:Drivers/STM32F0xx_HAL_Driver/Src/stm32f0xx_hal_i2c_ex.c ****   * @brief    WakeUp Mode Functions
 192:Drivers/STM32F0xx_HAL_Driver/Src/stm32f0xx_hal_i2c_ex.c ****   *
 193:Drivers/STM32F0xx_HAL_Driver/Src/stm32f0xx_hal_i2c_ex.c **** @verbatim
 194:Drivers/STM32F0xx_HAL_Driver/Src/stm32f0xx_hal_i2c_ex.c ****  ===============================================================================
 195:Drivers/STM32F0xx_HAL_Driver/Src/stm32f0xx_hal_i2c_ex.c ****                       ##### WakeUp Mode Functions #####
 196:Drivers/STM32F0xx_HAL_Driver/Src/stm32f0xx_hal_i2c_ex.c ****  ===============================================================================
 197:Drivers/STM32F0xx_HAL_Driver/Src/stm32f0xx_hal_i2c_ex.c ****     [..] This section provides functions allowing to:
 198:Drivers/STM32F0xx_HAL_Driver/Src/stm32f0xx_hal_i2c_ex.c ****       (+) Configure Wake Up Feature
 199:Drivers/STM32F0xx_HAL_Driver/Src/stm32f0xx_hal_i2c_ex.c **** 
 200:Drivers/STM32F0xx_HAL_Driver/Src/stm32f0xx_hal_i2c_ex.c **** @endverbatim
 201:Drivers/STM32F0xx_HAL_Driver/Src/stm32f0xx_hal_i2c_ex.c ****   * @{
 202:Drivers/STM32F0xx_HAL_Driver/Src/stm32f0xx_hal_i2c_ex.c ****   */
 203:Drivers/STM32F0xx_HAL_Driver/Src/stm32f0xx_hal_i2c_ex.c **** 
 204:Drivers/STM32F0xx_HAL_Driver/Src/stm32f0xx_hal_i2c_ex.c **** /**
 205:Drivers/STM32F0xx_HAL_Driver/Src/stm32f0xx_hal_i2c_ex.c ****   * @brief  Enable I2C wakeup from Stop mode(s).
 206:Drivers/STM32F0xx_HAL_Driver/Src/stm32f0xx_hal_i2c_ex.c ****   * @param  hi2c Pointer to a I2C_HandleTypeDef structure that contains
 207:Drivers/STM32F0xx_HAL_Driver/Src/stm32f0xx_hal_i2c_ex.c ****   *                the configuration information for the specified I2Cx peripheral.
 208:Drivers/STM32F0xx_HAL_Driver/Src/stm32f0xx_hal_i2c_ex.c ****   * @retval HAL status
 209:Drivers/STM32F0xx_HAL_Driver/Src/stm32f0xx_hal_i2c_ex.c ****   */
 210:Drivers/STM32F0xx_HAL_Driver/Src/stm32f0xx_hal_i2c_ex.c **** HAL_StatusTypeDef HAL_I2CEx_EnableWakeUp(I2C_HandleTypeDef *hi2c)
 211:Drivers/STM32F0xx_HAL_Driver/Src/stm32f0xx_hal_i2c_ex.c **** {
 330              		.loc 1 211 1 is_stmt 1 view -0
 331              		.cfi_startproc
 332              		@ args = 0, pretend = 0, frame = 0
 333              		@ frame_needed = 0, uses_anonymous_args = 0
 334              		.loc 1 211 1 is_stmt 0 view .LVU82
 335 0000 70B5     		push	{r4, r5, r6, lr}
 336              	.LCFI2:
 337              		.cfi_def_cfa_offset 16
 338              		.cfi_offset 4, -16
 339              		.cfi_offset 5, -12
 340              		.cfi_offset 6, -8
 341              		.cfi_offset 14, -4
 342 0002 0400     		movs	r4, r0
 212:Drivers/STM32F0xx_HAL_Driver/Src/stm32f0xx_hal_i2c_ex.c ****   /* Check the parameters */
 213:Drivers/STM32F0xx_HAL_Driver/Src/stm32f0xx_hal_i2c_ex.c ****   assert_param(IS_I2C_WAKEUP_FROMSTOP_INSTANCE(hi2c->Instance));
 343              		.loc 1 213 3 is_stmt 1 view .LVU83
 344 0004 164B     		ldr	r3, .L24
 345 0006 0268     		ldr	r2, [r0]
 346 0008 9A42     		cmp	r2, r3
 347 000a 03D0     		beq	.L20
 348              		.loc 1 213 3 is_stmt 0 discriminator 1 view .LVU84
 349 000c D521     		movs	r1, #213
 350 000e 1548     		ldr	r0, .L24+4
 351              	.LVL21:
ARM GAS  /tmp/ccij5Grj.s 			page 11


 352              		.loc 1 213 3 discriminator 1 view .LVU85
 353 0010 FFF7FEFF 		bl	assert_failed
 354              	.LVL22:
 355              	.L20:
 214:Drivers/STM32F0xx_HAL_Driver/Src/stm32f0xx_hal_i2c_ex.c **** 
 215:Drivers/STM32F0xx_HAL_Driver/Src/stm32f0xx_hal_i2c_ex.c ****   if (hi2c->State == HAL_I2C_STATE_READY)
 356              		.loc 1 215 3 is_stmt 1 view .LVU86
 357              		.loc 1 215 11 is_stmt 0 view .LVU87
 358 0014 4123     		movs	r3, #65
 359 0016 E35C     		ldrb	r3, [r4, r3]
 360              		.loc 1 215 6 view .LVU88
 361 0018 202B     		cmp	r3, #32
 362 001a 1DD1     		bne	.L22
 216:Drivers/STM32F0xx_HAL_Driver/Src/stm32f0xx_hal_i2c_ex.c ****   {
 217:Drivers/STM32F0xx_HAL_Driver/Src/stm32f0xx_hal_i2c_ex.c ****     /* Process Locked */
 218:Drivers/STM32F0xx_HAL_Driver/Src/stm32f0xx_hal_i2c_ex.c ****     __HAL_LOCK(hi2c);
 363              		.loc 1 218 5 is_stmt 1 view .LVU89
 364              		.loc 1 218 5 view .LVU90
 365 001c 2033     		adds	r3, r3, #32
 366 001e E35C     		ldrb	r3, [r4, r3]
 367 0020 012B     		cmp	r3, #1
 368 0022 1BD0     		beq	.L23
 369              		.loc 1 218 5 discriminator 2 view .LVU91
 370 0024 4021     		movs	r1, #64
 371 0026 0122     		movs	r2, #1
 372 0028 6254     		strb	r2, [r4, r1]
 373              		.loc 1 218 5 discriminator 2 view .LVU92
 219:Drivers/STM32F0xx_HAL_Driver/Src/stm32f0xx_hal_i2c_ex.c **** 
 220:Drivers/STM32F0xx_HAL_Driver/Src/stm32f0xx_hal_i2c_ex.c ****     hi2c->State = HAL_I2C_STATE_BUSY;
 374              		.loc 1 220 5 discriminator 2 view .LVU93
 375              		.loc 1 220 17 is_stmt 0 discriminator 2 view .LVU94
 376 002a 4120     		movs	r0, #65
 377 002c 2423     		movs	r3, #36
 378 002e 2354     		strb	r3, [r4, r0]
 221:Drivers/STM32F0xx_HAL_Driver/Src/stm32f0xx_hal_i2c_ex.c **** 
 222:Drivers/STM32F0xx_HAL_Driver/Src/stm32f0xx_hal_i2c_ex.c ****     /* Disable the selected I2C peripheral */
 223:Drivers/STM32F0xx_HAL_Driver/Src/stm32f0xx_hal_i2c_ex.c ****     __HAL_I2C_DISABLE(hi2c);
 379              		.loc 1 223 5 is_stmt 1 discriminator 2 view .LVU95
 380 0030 2568     		ldr	r5, [r4]
 381 0032 2B68     		ldr	r3, [r5]
 382 0034 9343     		bics	r3, r2
 383 0036 2B60     		str	r3, [r5]
 224:Drivers/STM32F0xx_HAL_Driver/Src/stm32f0xx_hal_i2c_ex.c **** 
 225:Drivers/STM32F0xx_HAL_Driver/Src/stm32f0xx_hal_i2c_ex.c ****     /* Enable wakeup from stop mode */
 226:Drivers/STM32F0xx_HAL_Driver/Src/stm32f0xx_hal_i2c_ex.c ****     hi2c->Instance->CR1 |= I2C_CR1_WUPEN;
 384              		.loc 1 226 5 discriminator 2 view .LVU96
 385              		.loc 1 226 9 is_stmt 0 discriminator 2 view .LVU97
 386 0038 2568     		ldr	r5, [r4]
 387              		.loc 1 226 25 discriminator 2 view .LVU98
 388 003a 2E68     		ldr	r6, [r5]
 389 003c 8023     		movs	r3, #128
 390 003e DB02     		lsls	r3, r3, #11
 391 0040 3343     		orrs	r3, r6
 392 0042 2B60     		str	r3, [r5]
 227:Drivers/STM32F0xx_HAL_Driver/Src/stm32f0xx_hal_i2c_ex.c **** 
 228:Drivers/STM32F0xx_HAL_Driver/Src/stm32f0xx_hal_i2c_ex.c ****     __HAL_I2C_ENABLE(hi2c);
 393              		.loc 1 228 5 is_stmt 1 discriminator 2 view .LVU99
ARM GAS  /tmp/ccij5Grj.s 			page 12


 394 0044 2568     		ldr	r5, [r4]
 395 0046 2B68     		ldr	r3, [r5]
 396 0048 1343     		orrs	r3, r2
 397 004a 2B60     		str	r3, [r5]
 229:Drivers/STM32F0xx_HAL_Driver/Src/stm32f0xx_hal_i2c_ex.c **** 
 230:Drivers/STM32F0xx_HAL_Driver/Src/stm32f0xx_hal_i2c_ex.c ****     hi2c->State = HAL_I2C_STATE_READY;
 398              		.loc 1 230 5 discriminator 2 view .LVU100
 399              		.loc 1 230 17 is_stmt 0 discriminator 2 view .LVU101
 400 004c 2023     		movs	r3, #32
 401 004e 2354     		strb	r3, [r4, r0]
 231:Drivers/STM32F0xx_HAL_Driver/Src/stm32f0xx_hal_i2c_ex.c **** 
 232:Drivers/STM32F0xx_HAL_Driver/Src/stm32f0xx_hal_i2c_ex.c ****     /* Process Unlocked */
 233:Drivers/STM32F0xx_HAL_Driver/Src/stm32f0xx_hal_i2c_ex.c ****     __HAL_UNLOCK(hi2c);
 402              		.loc 1 233 5 is_stmt 1 discriminator 2 view .LVU102
 403              		.loc 1 233 5 discriminator 2 view .LVU103
 404 0050 0023     		movs	r3, #0
 405 0052 6354     		strb	r3, [r4, r1]
 406              		.loc 1 233 5 discriminator 2 view .LVU104
 234:Drivers/STM32F0xx_HAL_Driver/Src/stm32f0xx_hal_i2c_ex.c **** 
 235:Drivers/STM32F0xx_HAL_Driver/Src/stm32f0xx_hal_i2c_ex.c ****     return HAL_OK;
 407              		.loc 1 235 5 discriminator 2 view .LVU105
 408              		.loc 1 235 12 is_stmt 0 discriminator 2 view .LVU106
 409 0054 0020     		movs	r0, #0
 410              	.L21:
 236:Drivers/STM32F0xx_HAL_Driver/Src/stm32f0xx_hal_i2c_ex.c ****   }
 237:Drivers/STM32F0xx_HAL_Driver/Src/stm32f0xx_hal_i2c_ex.c ****   else
 238:Drivers/STM32F0xx_HAL_Driver/Src/stm32f0xx_hal_i2c_ex.c ****   {
 239:Drivers/STM32F0xx_HAL_Driver/Src/stm32f0xx_hal_i2c_ex.c ****     return HAL_BUSY;
 240:Drivers/STM32F0xx_HAL_Driver/Src/stm32f0xx_hal_i2c_ex.c ****   }
 241:Drivers/STM32F0xx_HAL_Driver/Src/stm32f0xx_hal_i2c_ex.c **** }
 411              		.loc 1 241 1 view .LVU107
 412              		@ sp needed
 413              	.LVL23:
 414              		.loc 1 241 1 view .LVU108
 415 0056 70BD     		pop	{r4, r5, r6, pc}
 416              	.LVL24:
 417              	.L22:
 239:Drivers/STM32F0xx_HAL_Driver/Src/stm32f0xx_hal_i2c_ex.c ****   }
 418              		.loc 1 239 12 view .LVU109
 419 0058 0220     		movs	r0, #2
 420 005a FCE7     		b	.L21
 421              	.L23:
 218:Drivers/STM32F0xx_HAL_Driver/Src/stm32f0xx_hal_i2c_ex.c **** 
 422              		.loc 1 218 5 view .LVU110
 423 005c 0220     		movs	r0, #2
 424 005e FAE7     		b	.L21
 425              	.L25:
 426              		.align	2
 427              	.L24:
 428 0060 00540040 		.word	1073763328
 429 0064 00000000 		.word	.LC0
 430              		.cfi_endproc
 431              	.LFE42:
 433              		.section	.text.HAL_I2CEx_DisableWakeUp,"ax",%progbits
 434              		.align	1
 435              		.global	HAL_I2CEx_DisableWakeUp
 436              		.syntax unified
ARM GAS  /tmp/ccij5Grj.s 			page 13


 437              		.code	16
 438              		.thumb_func
 440              	HAL_I2CEx_DisableWakeUp:
 441              	.LVL25:
 442              	.LFB43:
 242:Drivers/STM32F0xx_HAL_Driver/Src/stm32f0xx_hal_i2c_ex.c **** 
 243:Drivers/STM32F0xx_HAL_Driver/Src/stm32f0xx_hal_i2c_ex.c **** /**
 244:Drivers/STM32F0xx_HAL_Driver/Src/stm32f0xx_hal_i2c_ex.c ****   * @brief  Disable I2C wakeup from Stop mode(s).
 245:Drivers/STM32F0xx_HAL_Driver/Src/stm32f0xx_hal_i2c_ex.c ****   * @param  hi2c Pointer to a I2C_HandleTypeDef structure that contains
 246:Drivers/STM32F0xx_HAL_Driver/Src/stm32f0xx_hal_i2c_ex.c ****   *                the configuration information for the specified I2Cx peripheral.
 247:Drivers/STM32F0xx_HAL_Driver/Src/stm32f0xx_hal_i2c_ex.c ****   * @retval HAL status
 248:Drivers/STM32F0xx_HAL_Driver/Src/stm32f0xx_hal_i2c_ex.c ****   */
 249:Drivers/STM32F0xx_HAL_Driver/Src/stm32f0xx_hal_i2c_ex.c **** HAL_StatusTypeDef HAL_I2CEx_DisableWakeUp(I2C_HandleTypeDef *hi2c)
 250:Drivers/STM32F0xx_HAL_Driver/Src/stm32f0xx_hal_i2c_ex.c **** {
 443              		.loc 1 250 1 is_stmt 1 view -0
 444              		.cfi_startproc
 445              		@ args = 0, pretend = 0, frame = 0
 446              		@ frame_needed = 0, uses_anonymous_args = 0
 447              		.loc 1 250 1 is_stmt 0 view .LVU112
 448 0000 70B5     		push	{r4, r5, r6, lr}
 449              	.LCFI3:
 450              		.cfi_def_cfa_offset 16
 451              		.cfi_offset 4, -16
 452              		.cfi_offset 5, -12
 453              		.cfi_offset 6, -8
 454              		.cfi_offset 14, -4
 455 0002 0400     		movs	r4, r0
 251:Drivers/STM32F0xx_HAL_Driver/Src/stm32f0xx_hal_i2c_ex.c ****   /* Check the parameters */
 252:Drivers/STM32F0xx_HAL_Driver/Src/stm32f0xx_hal_i2c_ex.c ****   assert_param(IS_I2C_WAKEUP_FROMSTOP_INSTANCE(hi2c->Instance));
 456              		.loc 1 252 3 is_stmt 1 view .LVU113
 457 0004 164B     		ldr	r3, .L31
 458 0006 0268     		ldr	r2, [r0]
 459 0008 9A42     		cmp	r2, r3
 460 000a 03D0     		beq	.L27
 461              		.loc 1 252 3 is_stmt 0 discriminator 1 view .LVU114
 462 000c FC21     		movs	r1, #252
 463 000e 1548     		ldr	r0, .L31+4
 464              	.LVL26:
 465              		.loc 1 252 3 discriminator 1 view .LVU115
 466 0010 FFF7FEFF 		bl	assert_failed
 467              	.LVL27:
 468              	.L27:
 253:Drivers/STM32F0xx_HAL_Driver/Src/stm32f0xx_hal_i2c_ex.c **** 
 254:Drivers/STM32F0xx_HAL_Driver/Src/stm32f0xx_hal_i2c_ex.c ****   if (hi2c->State == HAL_I2C_STATE_READY)
 469              		.loc 1 254 3 is_stmt 1 view .LVU116
 470              		.loc 1 254 11 is_stmt 0 view .LVU117
 471 0014 4123     		movs	r3, #65
 472 0016 E35C     		ldrb	r3, [r4, r3]
 473              		.loc 1 254 6 view .LVU118
 474 0018 202B     		cmp	r3, #32
 475 001a 1CD1     		bne	.L29
 255:Drivers/STM32F0xx_HAL_Driver/Src/stm32f0xx_hal_i2c_ex.c ****   {
 256:Drivers/STM32F0xx_HAL_Driver/Src/stm32f0xx_hal_i2c_ex.c ****     /* Process Locked */
 257:Drivers/STM32F0xx_HAL_Driver/Src/stm32f0xx_hal_i2c_ex.c ****     __HAL_LOCK(hi2c);
 476              		.loc 1 257 5 is_stmt 1 view .LVU119
 477              		.loc 1 257 5 view .LVU120
 478 001c 2033     		adds	r3, r3, #32
ARM GAS  /tmp/ccij5Grj.s 			page 14


 479 001e E35C     		ldrb	r3, [r4, r3]
 480 0020 012B     		cmp	r3, #1
 481 0022 1AD0     		beq	.L30
 482              		.loc 1 257 5 discriminator 2 view .LVU121
 483 0024 4021     		movs	r1, #64
 484 0026 0122     		movs	r2, #1
 485 0028 6254     		strb	r2, [r4, r1]
 486              		.loc 1 257 5 discriminator 2 view .LVU122
 258:Drivers/STM32F0xx_HAL_Driver/Src/stm32f0xx_hal_i2c_ex.c **** 
 259:Drivers/STM32F0xx_HAL_Driver/Src/stm32f0xx_hal_i2c_ex.c ****     hi2c->State = HAL_I2C_STATE_BUSY;
 487              		.loc 1 259 5 discriminator 2 view .LVU123
 488              		.loc 1 259 17 is_stmt 0 discriminator 2 view .LVU124
 489 002a 4120     		movs	r0, #65
 490 002c 2423     		movs	r3, #36
 491 002e 2354     		strb	r3, [r4, r0]
 260:Drivers/STM32F0xx_HAL_Driver/Src/stm32f0xx_hal_i2c_ex.c **** 
 261:Drivers/STM32F0xx_HAL_Driver/Src/stm32f0xx_hal_i2c_ex.c ****     /* Disable the selected I2C peripheral */
 262:Drivers/STM32F0xx_HAL_Driver/Src/stm32f0xx_hal_i2c_ex.c ****     __HAL_I2C_DISABLE(hi2c);
 492              		.loc 1 262 5 is_stmt 1 discriminator 2 view .LVU125
 493 0030 2568     		ldr	r5, [r4]
 494 0032 2B68     		ldr	r3, [r5]
 495 0034 9343     		bics	r3, r2
 496 0036 2B60     		str	r3, [r5]
 263:Drivers/STM32F0xx_HAL_Driver/Src/stm32f0xx_hal_i2c_ex.c **** 
 264:Drivers/STM32F0xx_HAL_Driver/Src/stm32f0xx_hal_i2c_ex.c ****     /* Enable wakeup from stop mode */
 265:Drivers/STM32F0xx_HAL_Driver/Src/stm32f0xx_hal_i2c_ex.c ****     hi2c->Instance->CR1 &= ~(I2C_CR1_WUPEN);
 497              		.loc 1 265 5 discriminator 2 view .LVU126
 498              		.loc 1 265 9 is_stmt 0 discriminator 2 view .LVU127
 499 0038 2568     		ldr	r5, [r4]
 500              		.loc 1 265 25 discriminator 2 view .LVU128
 501 003a 2B68     		ldr	r3, [r5]
 502 003c 0A4E     		ldr	r6, .L31+8
 503 003e 3340     		ands	r3, r6
 504 0040 2B60     		str	r3, [r5]
 266:Drivers/STM32F0xx_HAL_Driver/Src/stm32f0xx_hal_i2c_ex.c **** 
 267:Drivers/STM32F0xx_HAL_Driver/Src/stm32f0xx_hal_i2c_ex.c ****     __HAL_I2C_ENABLE(hi2c);
 505              		.loc 1 267 5 is_stmt 1 discriminator 2 view .LVU129
 506 0042 2568     		ldr	r5, [r4]
 507 0044 2B68     		ldr	r3, [r5]
 508 0046 1343     		orrs	r3, r2
 509 0048 2B60     		str	r3, [r5]
 268:Drivers/STM32F0xx_HAL_Driver/Src/stm32f0xx_hal_i2c_ex.c **** 
 269:Drivers/STM32F0xx_HAL_Driver/Src/stm32f0xx_hal_i2c_ex.c ****     hi2c->State = HAL_I2C_STATE_READY;
 510              		.loc 1 269 5 discriminator 2 view .LVU130
 511              		.loc 1 269 17 is_stmt 0 discriminator 2 view .LVU131
 512 004a 2023     		movs	r3, #32
 513 004c 2354     		strb	r3, [r4, r0]
 270:Drivers/STM32F0xx_HAL_Driver/Src/stm32f0xx_hal_i2c_ex.c **** 
 271:Drivers/STM32F0xx_HAL_Driver/Src/stm32f0xx_hal_i2c_ex.c ****     /* Process Unlocked */
 272:Drivers/STM32F0xx_HAL_Driver/Src/stm32f0xx_hal_i2c_ex.c ****     __HAL_UNLOCK(hi2c);
 514              		.loc 1 272 5 is_stmt 1 discriminator 2 view .LVU132
 515              		.loc 1 272 5 discriminator 2 view .LVU133
 516 004e 0023     		movs	r3, #0
 517 0050 6354     		strb	r3, [r4, r1]
 518              		.loc 1 272 5 discriminator 2 view .LVU134
 273:Drivers/STM32F0xx_HAL_Driver/Src/stm32f0xx_hal_i2c_ex.c **** 
 274:Drivers/STM32F0xx_HAL_Driver/Src/stm32f0xx_hal_i2c_ex.c ****     return HAL_OK;
ARM GAS  /tmp/ccij5Grj.s 			page 15


 519              		.loc 1 274 5 discriminator 2 view .LVU135
 520              		.loc 1 274 12 is_stmt 0 discriminator 2 view .LVU136
 521 0052 0020     		movs	r0, #0
 522              	.L28:
 275:Drivers/STM32F0xx_HAL_Driver/Src/stm32f0xx_hal_i2c_ex.c ****   }
 276:Drivers/STM32F0xx_HAL_Driver/Src/stm32f0xx_hal_i2c_ex.c ****   else
 277:Drivers/STM32F0xx_HAL_Driver/Src/stm32f0xx_hal_i2c_ex.c ****   {
 278:Drivers/STM32F0xx_HAL_Driver/Src/stm32f0xx_hal_i2c_ex.c ****     return HAL_BUSY;
 279:Drivers/STM32F0xx_HAL_Driver/Src/stm32f0xx_hal_i2c_ex.c ****   }
 280:Drivers/STM32F0xx_HAL_Driver/Src/stm32f0xx_hal_i2c_ex.c **** }
 523              		.loc 1 280 1 view .LVU137
 524              		@ sp needed
 525              	.LVL28:
 526              		.loc 1 280 1 view .LVU138
 527 0054 70BD     		pop	{r4, r5, r6, pc}
 528              	.LVL29:
 529              	.L29:
 278:Drivers/STM32F0xx_HAL_Driver/Src/stm32f0xx_hal_i2c_ex.c ****   }
 530              		.loc 1 278 12 view .LVU139
 531 0056 0220     		movs	r0, #2
 532 0058 FCE7     		b	.L28
 533              	.L30:
 257:Drivers/STM32F0xx_HAL_Driver/Src/stm32f0xx_hal_i2c_ex.c **** 
 534              		.loc 1 257 5 view .LVU140
 535 005a 0220     		movs	r0, #2
 536 005c FAE7     		b	.L28
 537              	.L32:
 538 005e C046     		.align	2
 539              	.L31:
 540 0060 00540040 		.word	1073763328
 541 0064 00000000 		.word	.LC0
 542 0068 FFFFFBFF 		.word	-262145
 543              		.cfi_endproc
 544              	.LFE43:
 546              		.section	.text.HAL_I2CEx_EnableFastModePlus,"ax",%progbits
 547              		.align	1
 548              		.global	HAL_I2CEx_EnableFastModePlus
 549              		.syntax unified
 550              		.code	16
 551              		.thumb_func
 553              	HAL_I2CEx_EnableFastModePlus:
 554              	.LVL30:
 555              	.LFB44:
 281:Drivers/STM32F0xx_HAL_Driver/Src/stm32f0xx_hal_i2c_ex.c **** /**
 282:Drivers/STM32F0xx_HAL_Driver/Src/stm32f0xx_hal_i2c_ex.c ****   * @}
 283:Drivers/STM32F0xx_HAL_Driver/Src/stm32f0xx_hal_i2c_ex.c ****   */
 284:Drivers/STM32F0xx_HAL_Driver/Src/stm32f0xx_hal_i2c_ex.c **** #endif /* I2C_CR1_WUPEN */
 285:Drivers/STM32F0xx_HAL_Driver/Src/stm32f0xx_hal_i2c_ex.c **** 
 286:Drivers/STM32F0xx_HAL_Driver/Src/stm32f0xx_hal_i2c_ex.c **** /** @defgroup I2CEx_Exported_Functions_Group3 Fast Mode Plus Functions
 287:Drivers/STM32F0xx_HAL_Driver/Src/stm32f0xx_hal_i2c_ex.c ****   * @brief    Fast Mode Plus Functions
 288:Drivers/STM32F0xx_HAL_Driver/Src/stm32f0xx_hal_i2c_ex.c ****   *
 289:Drivers/STM32F0xx_HAL_Driver/Src/stm32f0xx_hal_i2c_ex.c **** @verbatim
 290:Drivers/STM32F0xx_HAL_Driver/Src/stm32f0xx_hal_i2c_ex.c ****  ===============================================================================
 291:Drivers/STM32F0xx_HAL_Driver/Src/stm32f0xx_hal_i2c_ex.c ****                       ##### Fast Mode Plus Functions #####
 292:Drivers/STM32F0xx_HAL_Driver/Src/stm32f0xx_hal_i2c_ex.c ****  ===============================================================================
 293:Drivers/STM32F0xx_HAL_Driver/Src/stm32f0xx_hal_i2c_ex.c ****     [..] This section provides functions allowing to:
 294:Drivers/STM32F0xx_HAL_Driver/Src/stm32f0xx_hal_i2c_ex.c ****       (+) Configure Fast Mode Plus
ARM GAS  /tmp/ccij5Grj.s 			page 16


 295:Drivers/STM32F0xx_HAL_Driver/Src/stm32f0xx_hal_i2c_ex.c **** 
 296:Drivers/STM32F0xx_HAL_Driver/Src/stm32f0xx_hal_i2c_ex.c **** @endverbatim
 297:Drivers/STM32F0xx_HAL_Driver/Src/stm32f0xx_hal_i2c_ex.c ****   * @{
 298:Drivers/STM32F0xx_HAL_Driver/Src/stm32f0xx_hal_i2c_ex.c ****   */
 299:Drivers/STM32F0xx_HAL_Driver/Src/stm32f0xx_hal_i2c_ex.c **** 
 300:Drivers/STM32F0xx_HAL_Driver/Src/stm32f0xx_hal_i2c_ex.c **** /**
 301:Drivers/STM32F0xx_HAL_Driver/Src/stm32f0xx_hal_i2c_ex.c ****   * @brief Enable the I2C fast mode plus driving capability.
 302:Drivers/STM32F0xx_HAL_Driver/Src/stm32f0xx_hal_i2c_ex.c ****   * @param ConfigFastModePlus Selects the pin.
 303:Drivers/STM32F0xx_HAL_Driver/Src/stm32f0xx_hal_i2c_ex.c ****   *   This parameter can be one of the @ref I2CEx_FastModePlus values
 304:Drivers/STM32F0xx_HAL_Driver/Src/stm32f0xx_hal_i2c_ex.c ****   * @note  For I2C1, fast mode plus driving capability can be enabled on all selected
 305:Drivers/STM32F0xx_HAL_Driver/Src/stm32f0xx_hal_i2c_ex.c ****   *        I2C1 pins using I2C_FASTMODEPLUS_I2C1 parameter or independently
 306:Drivers/STM32F0xx_HAL_Driver/Src/stm32f0xx_hal_i2c_ex.c ****   *        on each one of the following pins PB6, PB7, PB8 and PB9.
 307:Drivers/STM32F0xx_HAL_Driver/Src/stm32f0xx_hal_i2c_ex.c ****   * @note  For remaining I2C1 pins (PA14, PA15...) fast mode plus driving capability
 308:Drivers/STM32F0xx_HAL_Driver/Src/stm32f0xx_hal_i2c_ex.c ****   *        can be enabled only by using I2C_FASTMODEPLUS_I2C1 parameter.
 309:Drivers/STM32F0xx_HAL_Driver/Src/stm32f0xx_hal_i2c_ex.c ****   * @note  For all I2C2 pins fast mode plus driving capability can be enabled
 310:Drivers/STM32F0xx_HAL_Driver/Src/stm32f0xx_hal_i2c_ex.c ****   *        only by using I2C_FASTMODEPLUS_I2C2 parameter.
 311:Drivers/STM32F0xx_HAL_Driver/Src/stm32f0xx_hal_i2c_ex.c ****   * @retval None
 312:Drivers/STM32F0xx_HAL_Driver/Src/stm32f0xx_hal_i2c_ex.c ****   */
 313:Drivers/STM32F0xx_HAL_Driver/Src/stm32f0xx_hal_i2c_ex.c **** void HAL_I2CEx_EnableFastModePlus(uint32_t ConfigFastModePlus)
 314:Drivers/STM32F0xx_HAL_Driver/Src/stm32f0xx_hal_i2c_ex.c **** {
 556              		.loc 1 314 1 is_stmt 1 view -0
 557              		.cfi_startproc
 558              		@ args = 0, pretend = 0, frame = 8
 559              		@ frame_needed = 0, uses_anonymous_args = 0
 560              		.loc 1 314 1 is_stmt 0 view .LVU142
 561 0000 10B5     		push	{r4, lr}
 562              	.LCFI4:
 563              		.cfi_def_cfa_offset 8
 564              		.cfi_offset 4, -8
 565              		.cfi_offset 14, -4
 566 0002 82B0     		sub	sp, sp, #8
 567              	.LCFI5:
 568              		.cfi_def_cfa_offset 16
 569 0004 0400     		movs	r4, r0
 315:Drivers/STM32F0xx_HAL_Driver/Src/stm32f0xx_hal_i2c_ex.c ****   /* Check the parameter */
 316:Drivers/STM32F0xx_HAL_Driver/Src/stm32f0xx_hal_i2c_ex.c ****   assert_param(IS_I2C_FASTMODEPLUS(ConfigFastModePlus));
 570              		.loc 1 316 3 is_stmt 1 view .LVU143
 571 0006 184B     		ldr	r3, .L36
 572 0008 0200     		movs	r2, r0
 573 000a 1A40     		ands	r2, r3
 574 000c 9A42     		cmp	r2, r3
 575 000e 17D0     		beq	.L34
 576              		.loc 1 316 3 is_stmt 0 discriminator 2 view .LVU144
 577 0010 164B     		ldr	r3, .L36+4
 578 0012 0200     		movs	r2, r0
 579 0014 1A40     		ands	r2, r3
 580 0016 9A42     		cmp	r2, r3
 581 0018 17D0     		beq	.L35
 582              		.loc 1 316 3 discriminator 3 view .LVU145
 583 001a 154B     		ldr	r3, .L36+8
 584 001c 0200     		movs	r2, r0
 585 001e 1A40     		ands	r2, r3
 586 0020 9A42     		cmp	r2, r3
 587 0022 12D0     		beq	.L35
 588              		.loc 1 316 3 discriminator 4 view .LVU146
 589 0024 F023     		movs	r3, #240
 590 0026 1B03     		lsls	r3, r3, #12
ARM GAS  /tmp/ccij5Grj.s 			page 17


 591 0028 1842     		tst	r0, r3
 592 002a 0ED1     		bne	.L35
 593              		.loc 1 316 3 discriminator 5 view .LVU147
 594 002c 114B     		ldr	r3, .L36+12
 595 002e 0200     		movs	r2, r0
 596 0030 1A40     		ands	r2, r3
 597 0032 9A42     		cmp	r2, r3
 598 0034 09D0     		beq	.L35
 599              		.loc 1 316 3 discriminator 6 view .LVU148
 600 0036 104B     		ldr	r3, .L36+16
 601 0038 0200     		movs	r2, r0
 602 003a 1A40     		ands	r2, r3
 603 003c 9A42     		cmp	r2, r3
 604 003e 04D0     		beq	.L35
 605              	.L34:
 606              		.loc 1 316 3 discriminator 7 view .LVU149
 607 0040 9E21     		movs	r1, #158
 608 0042 4900     		lsls	r1, r1, #1
 609 0044 0D48     		ldr	r0, .L36+20
 610              	.LVL31:
 611              		.loc 1 316 3 discriminator 7 view .LVU150
 612 0046 FFF7FEFF 		bl	assert_failed
 613              	.LVL32:
 614              	.L35:
 317:Drivers/STM32F0xx_HAL_Driver/Src/stm32f0xx_hal_i2c_ex.c **** 
 318:Drivers/STM32F0xx_HAL_Driver/Src/stm32f0xx_hal_i2c_ex.c ****   /* Enable SYSCFG clock */
 319:Drivers/STM32F0xx_HAL_Driver/Src/stm32f0xx_hal_i2c_ex.c ****   __HAL_RCC_SYSCFG_CLK_ENABLE();
 615              		.loc 1 319 3 is_stmt 1 view .LVU151
 616              	.LBB2:
 617              		.loc 1 319 3 view .LVU152
 618              		.loc 1 319 3 view .LVU153
 619 004a 0D4A     		ldr	r2, .L36+24
 620 004c 9169     		ldr	r1, [r2, #24]
 621 004e 0123     		movs	r3, #1
 622 0050 1943     		orrs	r1, r3
 623 0052 9161     		str	r1, [r2, #24]
 624              		.loc 1 319 3 view .LVU154
 625 0054 9269     		ldr	r2, [r2, #24]
 626 0056 1340     		ands	r3, r2
 627 0058 0193     		str	r3, [sp, #4]
 628              		.loc 1 319 3 view .LVU155
 629 005a 019B     		ldr	r3, [sp, #4]
 630              	.LBE2:
 631              		.loc 1 319 3 view .LVU156
 320:Drivers/STM32F0xx_HAL_Driver/Src/stm32f0xx_hal_i2c_ex.c **** 
 321:Drivers/STM32F0xx_HAL_Driver/Src/stm32f0xx_hal_i2c_ex.c ****   /* Enable fast mode plus driving capability for selected pin */
 322:Drivers/STM32F0xx_HAL_Driver/Src/stm32f0xx_hal_i2c_ex.c ****   SET_BIT(SYSCFG->CFGR1, (uint32_t)ConfigFastModePlus);
 632              		.loc 1 322 3 view .LVU157
 633 005c 094B     		ldr	r3, .L36+28
 634 005e 1868     		ldr	r0, [r3]
 635 0060 0443     		orrs	r4, r0
 636              	.LVL33:
 637              		.loc 1 322 3 is_stmt 0 view .LVU158
 638 0062 1C60     		str	r4, [r3]
 323:Drivers/STM32F0xx_HAL_Driver/Src/stm32f0xx_hal_i2c_ex.c **** }
 639              		.loc 1 323 1 view .LVU159
 640 0064 02B0     		add	sp, sp, #8
ARM GAS  /tmp/ccij5Grj.s 			page 18


 641              		@ sp needed
 642 0066 10BD     		pop	{r4, pc}
 643              	.L37:
 644              		.align	2
 645              	.L36:
 646 0068 0000AAAA 		.word	-1431699456
 647 006c 0100AAAA 		.word	-1431699455
 648 0070 0200AAAA 		.word	-1431699454
 649 0074 0001AAAA 		.word	-1431699200
 650 0078 0002AAAA 		.word	-1431698944
 651 007c 00000000 		.word	.LC0
 652 0080 00100240 		.word	1073876992
 653 0084 00000140 		.word	1073807360
 654              		.cfi_endproc
 655              	.LFE44:
 657              		.section	.text.HAL_I2CEx_DisableFastModePlus,"ax",%progbits
 658              		.align	1
 659              		.global	HAL_I2CEx_DisableFastModePlus
 660              		.syntax unified
 661              		.code	16
 662              		.thumb_func
 664              	HAL_I2CEx_DisableFastModePlus:
 665              	.LVL34:
 666              	.LFB45:
 324:Drivers/STM32F0xx_HAL_Driver/Src/stm32f0xx_hal_i2c_ex.c **** 
 325:Drivers/STM32F0xx_HAL_Driver/Src/stm32f0xx_hal_i2c_ex.c **** /**
 326:Drivers/STM32F0xx_HAL_Driver/Src/stm32f0xx_hal_i2c_ex.c ****   * @brief Disable the I2C fast mode plus driving capability.
 327:Drivers/STM32F0xx_HAL_Driver/Src/stm32f0xx_hal_i2c_ex.c ****   * @param ConfigFastModePlus Selects the pin.
 328:Drivers/STM32F0xx_HAL_Driver/Src/stm32f0xx_hal_i2c_ex.c ****   *   This parameter can be one of the @ref I2CEx_FastModePlus values
 329:Drivers/STM32F0xx_HAL_Driver/Src/stm32f0xx_hal_i2c_ex.c ****   * @note  For I2C1, fast mode plus driving capability can be disabled on all selected
 330:Drivers/STM32F0xx_HAL_Driver/Src/stm32f0xx_hal_i2c_ex.c ****   *        I2C1 pins using I2C_FASTMODEPLUS_I2C1 parameter or independently
 331:Drivers/STM32F0xx_HAL_Driver/Src/stm32f0xx_hal_i2c_ex.c ****   *        on each one of the following pins PB6, PB7, PB8 and PB9.
 332:Drivers/STM32F0xx_HAL_Driver/Src/stm32f0xx_hal_i2c_ex.c ****   * @note  For remaining I2C1 pins (PA14, PA15...) fast mode plus driving capability
 333:Drivers/STM32F0xx_HAL_Driver/Src/stm32f0xx_hal_i2c_ex.c ****   *        can be disabled only by using I2C_FASTMODEPLUS_I2C1 parameter.
 334:Drivers/STM32F0xx_HAL_Driver/Src/stm32f0xx_hal_i2c_ex.c ****   * @note  For all I2C2 pins fast mode plus driving capability can be disabled
 335:Drivers/STM32F0xx_HAL_Driver/Src/stm32f0xx_hal_i2c_ex.c ****   *        only by using I2C_FASTMODEPLUS_I2C2 parameter.
 336:Drivers/STM32F0xx_HAL_Driver/Src/stm32f0xx_hal_i2c_ex.c ****   * @retval None
 337:Drivers/STM32F0xx_HAL_Driver/Src/stm32f0xx_hal_i2c_ex.c ****   */
 338:Drivers/STM32F0xx_HAL_Driver/Src/stm32f0xx_hal_i2c_ex.c **** void HAL_I2CEx_DisableFastModePlus(uint32_t ConfigFastModePlus)
 339:Drivers/STM32F0xx_HAL_Driver/Src/stm32f0xx_hal_i2c_ex.c **** {
 667              		.loc 1 339 1 is_stmt 1 view -0
 668              		.cfi_startproc
 669              		@ args = 0, pretend = 0, frame = 8
 670              		@ frame_needed = 0, uses_anonymous_args = 0
 671              		.loc 1 339 1 is_stmt 0 view .LVU161
 672 0000 10B5     		push	{r4, lr}
 673              	.LCFI6:
 674              		.cfi_def_cfa_offset 8
 675              		.cfi_offset 4, -8
 676              		.cfi_offset 14, -4
 677 0002 82B0     		sub	sp, sp, #8
 678              	.LCFI7:
 679              		.cfi_def_cfa_offset 16
 680 0004 0400     		movs	r4, r0
 340:Drivers/STM32F0xx_HAL_Driver/Src/stm32f0xx_hal_i2c_ex.c ****   /* Check the parameter */
 341:Drivers/STM32F0xx_HAL_Driver/Src/stm32f0xx_hal_i2c_ex.c ****   assert_param(IS_I2C_FASTMODEPLUS(ConfigFastModePlus));
 681              		.loc 1 341 3 is_stmt 1 view .LVU162
ARM GAS  /tmp/ccij5Grj.s 			page 19


 682 0006 184B     		ldr	r3, .L41
 683 0008 0200     		movs	r2, r0
 684 000a 1A40     		ands	r2, r3
 685 000c 9A42     		cmp	r2, r3
 686 000e 17D0     		beq	.L39
 687              		.loc 1 341 3 is_stmt 0 discriminator 2 view .LVU163
 688 0010 164B     		ldr	r3, .L41+4
 689 0012 0200     		movs	r2, r0
 690 0014 1A40     		ands	r2, r3
 691 0016 9A42     		cmp	r2, r3
 692 0018 17D0     		beq	.L40
 693              		.loc 1 341 3 discriminator 3 view .LVU164
 694 001a 154B     		ldr	r3, .L41+8
 695 001c 0200     		movs	r2, r0
 696 001e 1A40     		ands	r2, r3
 697 0020 9A42     		cmp	r2, r3
 698 0022 12D0     		beq	.L40
 699              		.loc 1 341 3 discriminator 4 view .LVU165
 700 0024 F023     		movs	r3, #240
 701 0026 1B03     		lsls	r3, r3, #12
 702 0028 1842     		tst	r0, r3
 703 002a 0ED1     		bne	.L40
 704              		.loc 1 341 3 discriminator 5 view .LVU166
 705 002c 114B     		ldr	r3, .L41+12
 706 002e 0200     		movs	r2, r0
 707 0030 1A40     		ands	r2, r3
 708 0032 9A42     		cmp	r2, r3
 709 0034 09D0     		beq	.L40
 710              		.loc 1 341 3 discriminator 6 view .LVU167
 711 0036 104B     		ldr	r3, .L41+16
 712 0038 0200     		movs	r2, r0
 713 003a 1A40     		ands	r2, r3
 714 003c 9A42     		cmp	r2, r3
 715 003e 04D0     		beq	.L40
 716              	.L39:
 717              		.loc 1 341 3 discriminator 7 view .LVU168
 718 0040 5621     		movs	r1, #86
 719 0042 FF31     		adds	r1, r1, #255
 720 0044 0D48     		ldr	r0, .L41+20
 721              	.LVL35:
 722              		.loc 1 341 3 discriminator 7 view .LVU169
 723 0046 FFF7FEFF 		bl	assert_failed
 724              	.LVL36:
 725              	.L40:
 342:Drivers/STM32F0xx_HAL_Driver/Src/stm32f0xx_hal_i2c_ex.c **** 
 343:Drivers/STM32F0xx_HAL_Driver/Src/stm32f0xx_hal_i2c_ex.c ****   /* Enable SYSCFG clock */
 344:Drivers/STM32F0xx_HAL_Driver/Src/stm32f0xx_hal_i2c_ex.c ****   __HAL_RCC_SYSCFG_CLK_ENABLE();
 726              		.loc 1 344 3 is_stmt 1 view .LVU170
 727              	.LBB3:
 728              		.loc 1 344 3 view .LVU171
 729              		.loc 1 344 3 view .LVU172
 730 004a 0D4A     		ldr	r2, .L41+24
 731 004c 9169     		ldr	r1, [r2, #24]
 732 004e 0123     		movs	r3, #1
 733 0050 1943     		orrs	r1, r3
 734 0052 9161     		str	r1, [r2, #24]
 735              		.loc 1 344 3 view .LVU173
ARM GAS  /tmp/ccij5Grj.s 			page 20


 736 0054 9269     		ldr	r2, [r2, #24]
 737 0056 1340     		ands	r3, r2
 738 0058 0193     		str	r3, [sp, #4]
 739              		.loc 1 344 3 view .LVU174
 740 005a 019B     		ldr	r3, [sp, #4]
 741              	.LBE3:
 742              		.loc 1 344 3 view .LVU175
 345:Drivers/STM32F0xx_HAL_Driver/Src/stm32f0xx_hal_i2c_ex.c **** 
 346:Drivers/STM32F0xx_HAL_Driver/Src/stm32f0xx_hal_i2c_ex.c ****   /* Disable fast mode plus driving capability for selected pin */
 347:Drivers/STM32F0xx_HAL_Driver/Src/stm32f0xx_hal_i2c_ex.c ****   CLEAR_BIT(SYSCFG->CFGR1, (uint32_t)ConfigFastModePlus);
 743              		.loc 1 347 3 view .LVU176
 744 005c 094A     		ldr	r2, .L41+28
 745 005e 1368     		ldr	r3, [r2]
 746 0060 A343     		bics	r3, r4
 747 0062 1360     		str	r3, [r2]
 348:Drivers/STM32F0xx_HAL_Driver/Src/stm32f0xx_hal_i2c_ex.c **** }
 748              		.loc 1 348 1 is_stmt 0 view .LVU177
 749 0064 02B0     		add	sp, sp, #8
 750              		@ sp needed
 751              	.LVL37:
 752              		.loc 1 348 1 view .LVU178
 753 0066 10BD     		pop	{r4, pc}
 754              	.L42:
 755              		.align	2
 756              	.L41:
 757 0068 0000AAAA 		.word	-1431699456
 758 006c 0100AAAA 		.word	-1431699455
 759 0070 0200AAAA 		.word	-1431699454
 760 0074 0001AAAA 		.word	-1431699200
 761 0078 0002AAAA 		.word	-1431698944
 762 007c 00000000 		.word	.LC0
 763 0080 00100240 		.word	1073876992
 764 0084 00000140 		.word	1073807360
 765              		.cfi_endproc
 766              	.LFE45:
 768              		.text
 769              	.Letext0:
 770              		.file 2 "/usr/share/gcc-arm-none-eabi-10.3-2021.10/arm-none-eabi/include/machine/_default_types.h"
 771              		.file 3 "/usr/share/gcc-arm-none-eabi-10.3-2021.10/arm-none-eabi/include/sys/_stdint.h"
 772              		.file 4 "Drivers/CMSIS/Device/ST/STM32F0xx/Include/stm32f051x8.h"
 773              		.file 5 "Drivers/STM32F0xx_HAL_Driver/Inc/stm32f0xx_hal_def.h"
 774              		.file 6 "Drivers/STM32F0xx_HAL_Driver/Inc/stm32f0xx_hal_dma.h"
 775              		.file 7 "Drivers/STM32F0xx_HAL_Driver/Inc/stm32f0xx_hal_i2c.h"
 776              		.file 8 "Core/Inc/stm32f0xx_hal_conf.h"
ARM GAS  /tmp/ccij5Grj.s 			page 21


DEFINED SYMBOLS
                            *ABS*:0000000000000000 stm32f0xx_hal_i2c_ex.c
     /tmp/ccij5Grj.s:18     .rodata.HAL_I2CEx_ConfigAnalogFilter.str1.4:0000000000000000 $d
     /tmp/ccij5Grj.s:23     .text.HAL_I2CEx_ConfigAnalogFilter:0000000000000000 $t
     /tmp/ccij5Grj.s:29     .text.HAL_I2CEx_ConfigAnalogFilter:0000000000000000 HAL_I2CEx_ConfigAnalogFilter
     /tmp/ccij5Grj.s:164    .text.HAL_I2CEx_ConfigAnalogFilter:0000000000000084 $d
     /tmp/ccij5Grj.s:172    .text.HAL_I2CEx_ConfigDigitalFilter:0000000000000000 $t
     /tmp/ccij5Grj.s:178    .text.HAL_I2CEx_ConfigDigitalFilter:0000000000000000 HAL_I2CEx_ConfigDigitalFilter
     /tmp/ccij5Grj.s:313    .text.HAL_I2CEx_ConfigDigitalFilter:0000000000000078 $d
     /tmp/ccij5Grj.s:321    .text.HAL_I2CEx_EnableWakeUp:0000000000000000 $t
     /tmp/ccij5Grj.s:327    .text.HAL_I2CEx_EnableWakeUp:0000000000000000 HAL_I2CEx_EnableWakeUp
     /tmp/ccij5Grj.s:428    .text.HAL_I2CEx_EnableWakeUp:0000000000000060 $d
     /tmp/ccij5Grj.s:434    .text.HAL_I2CEx_DisableWakeUp:0000000000000000 $t
     /tmp/ccij5Grj.s:440    .text.HAL_I2CEx_DisableWakeUp:0000000000000000 HAL_I2CEx_DisableWakeUp
     /tmp/ccij5Grj.s:540    .text.HAL_I2CEx_DisableWakeUp:0000000000000060 $d
     /tmp/ccij5Grj.s:547    .text.HAL_I2CEx_EnableFastModePlus:0000000000000000 $t
     /tmp/ccij5Grj.s:553    .text.HAL_I2CEx_EnableFastModePlus:0000000000000000 HAL_I2CEx_EnableFastModePlus
     /tmp/ccij5Grj.s:646    .text.HAL_I2CEx_EnableFastModePlus:0000000000000068 $d
     /tmp/ccij5Grj.s:658    .text.HAL_I2CEx_DisableFastModePlus:0000000000000000 $t
     /tmp/ccij5Grj.s:664    .text.HAL_I2CEx_DisableFastModePlus:0000000000000000 HAL_I2CEx_DisableFastModePlus
     /tmp/ccij5Grj.s:757    .text.HAL_I2CEx_DisableFastModePlus:0000000000000068 $d

UNDEFINED SYMBOLS
assert_failed
